2026-05-14 02:35:01 - [Worker-MSFT] [MSFT] Worker initialized.
2026-05-14 02:35:02 - [Worker-MSFT] [MSFT] Market is OPEN. Starting scraper...
2026-05-16 10:29:48 - [Worker-MSFT] [MSFT] Worker initialized.
2026-05-16 10:29:51 - [Worker-MSFT] [MSFT] Market is OPEN. Starting scraper...
2026-05-16 10:29:51 - [Worker-MSFT] [MSFT] Scraper error: run() missing 1 required positional argument: 'worker_log'
2026-05-16 10:30:30 - [Worker-MSFT] [MSFT] Worker initialized.
2026-05-16 10:30:31 - [Worker-MSFT] [MSFT] Market is OPEN. Starting scraper...
2026-05-16 10:30:31 - [Worker-MSFT] [MSFT] Scraper error: run() missing 1 required positional argument: 'worker_log'
2026-05-16 10:30:58 - [Worker-MSFT] [MSFT] Worker initialized.
2026-05-16 10:30:59 - [Worker-MSFT] [MSFT] Market is OPEN. Starting scraper...
2026-05-16 10:30:59 - [Worker-MSFT] [MSFT] Scraper error: run() takes 1 positional argument but 2 were given
2026-05-16 10:32:51 - [Worker-MSFT] [MSFT] Worker initialized.
2026-05-16 10:32:52 - [Worker-MSFT] [MSFT] Market is OPEN. Starting scraper...
2026-05-16 10:32:52 - [Worker-MSFT] [MSFT] Scraper error: run() missing 1 required positional argument: 'worker_log'
2026-05-16 10:33:55 - [Worker-MSFT] [MSFT] Worker initialized.
2026-05-16 10:33:56 - [Worker-MSFT] [MSFT] Market is OPEN. Starting scraper...
2026-05-16 10:33:56 - [Worker-MSFT] [MSFT] Scraper error: run() got an unexpected keyword argument 'worker_log'
2026-05-16 10:34:13 - [Worker-MSFT] [MSFT] Worker initialized.
2026-05-16 10:34:14 - [Worker-MSFT] [MSFT] Market is OPEN. Starting scraper...
2026-05-16 10:34:14 - [Worker-MSFT] [MSFT] Scraper error: run() got an unexpected keyword argument 'worker_log'
2026-05-16 10:41:00 - [Worker-MSFT] [MSFT] Worker validated.
2026-05-16 10:41:01 - [Worker-MSFT] [MSFT] Market is OPEN. Starting scraper...
2026-05-16 10:42:48 - [Worker-MSFT] [MSFT] Data collected and pushed to DB: O:419.67 H:419.67 L:419.67 C:419.67
2026-05-16 10:43:46 - [Worker-MSFT] [MSFT] Data collected and pushed to DB: O:419.67 H:419.67 L:419.67 C:419.67
