2026-05-06 02:27:09,206 - [INFO] Serving on http://0.0.0.0:3989
2026-05-06 02:27:09,222 - [INFO] [WORKER_A] Initializing session: Mozilla/5.0 (Macintosh; Intel Mac OS X 1...
2026-05-06 02:27:09,252 - [INFO] [WORKER_A] Initializing session: Mozilla/5.0 (Macintosh; Intel Mac OS X 1...
2026-05-06 02:27:09,256 - [INFO] [WORKER_A] Initializing session: Mozilla/5.0 (Macintosh; Intel Mac OS X 1...
2026-05-06 02:27:09,262 - [INFO] [WORKER_A] Initializing session: Mozilla/5.0 (X11; Linux x86_64) AppleWeb...
2026-05-06 02:27:09,265 - [INFO] [WORKER_A] Initializing session: Mozilla/5.0 (X11; Linux x86_64) AppleWeb...
2026-05-06 02:27:09,270 - [INFO] [WORKER_B] Initializing session: Mozilla/5.0 (X11; Linux x86_64) AppleWeb...
2026-05-06 02:27:09,273 - [INFO] [WORKER_B] Initializing session: Mozilla/5.0 (Windows NT 10.0; Win64; x64...
2026-05-06 02:27:09,275 - [INFO] [WORKER_B] Initializing session: Mozilla/5.0 (X11; Linux x86_64) AppleWeb...
2026-05-06 02:27:09,277 - [INFO] [WORKER_B] Initializing session: Mozilla/5.0 (X11; Linux x86_64) AppleWeb...
2026-05-06 02:27:09,279 - [INFO] [WORKER_B] Initializing session: Mozilla/5.0 (Windows NT 10.0; Win64; x64...
2026-05-06 02:28:17,752 - [INFO] Shutdown requested.
2026-05-06 02:28:42,667 - [INFO] Serving on http://0.0.0.0:3989
2026-05-06 02:28:42,677 - [INFO] [WORKER_A] Initializing session: Mozilla/5.0 (Macintosh; Intel Mac OS X 1...
2026-05-06 02:28:42,700 - [INFO] [WORKER_A] Initializing session: Mozilla/5.0 (Windows NT 10.0; Win64; x64...
2026-05-06 02:28:42,704 - [INFO] [WORKER_A] Initializing session: Mozilla/5.0 (Macintosh; Intel Mac OS X 1...
2026-05-06 02:28:42,706 - [INFO] [WORKER_A] Initializing session: Mozilla/5.0 (X11; Linux x86_64) AppleWeb...
2026-05-06 02:28:42,707 - [INFO] [WORKER_A] Initializing session: Mozilla/5.0 (Windows NT 10.0; Win64; x64...
2026-05-06 02:28:42,709 - [INFO] [WORKER_B] Initializing session: Mozilla/5.0 (X11; Linux x86_64) AppleWeb...
2026-05-06 02:28:42,710 - [INFO] [WORKER_B] Initializing session: Mozilla/5.0 (Windows NT 10.0; Win64; x64...
2026-05-06 02:28:42,711 - [INFO] [WORKER_B] Initializing session: Mozilla/5.0 (Macintosh; Intel Mac OS X 1...
2026-05-06 02:28:42,713 - [INFO] [WORKER_B] Initializing session: Mozilla/5.0 (Windows NT 10.0; Win64; x64...
2026-05-06 02:28:42,714 - [INFO] [WORKER_B] Initializing session: Mozilla/5.0 (X11; Linux x86_64) AppleWeb...
2026-05-06 02:28:47,013 - [INFO] Serving on http://0.0.0.0:3989
2026-05-06 02:28:47,020 - [INFO] [WORKER_A] Initializing session: Mozilla/5.0 (Macintosh; Intel Mac OS X 1...
2026-05-06 02:28:47,049 - [INFO] [WORKER_A] Initializing session: Mozilla/5.0 (Macintosh; Intel Mac OS X 1...
2026-05-06 02:28:47,055 - [INFO] [WORKER_A] Initializing session: Mozilla/5.0 (Macintosh; Intel Mac OS X 1...
2026-05-06 02:28:47,060 - [INFO] [WORKER_A] Initializing session: Mozilla/5.0 (Macintosh; Intel Mac OS X 1...
2026-05-06 02:28:47,062 - [INFO] [WORKER_A] Initializing session: Mozilla/5.0 (X11; Linux x86_64) AppleWeb...
2026-05-06 02:28:47,063 - [INFO] [WORKER_B] Initializing session: Mozilla/5.0 (X11; Linux x86_64) AppleWeb...
2026-05-06 02:28:47,064 - [INFO] [WORKER_B] Initializing session: Mozilla/5.0 (Windows NT 10.0; Win64; x64...
2026-05-06 02:28:47,065 - [INFO] [WORKER_B] Initializing session: Mozilla/5.0 (Macintosh; Intel Mac OS X 1...
2026-05-06 02:28:47,067 - [INFO] [WORKER_B] Initializing session: Mozilla/5.0 (Macintosh; Intel Mac OS X 1...
2026-05-06 02:28:47,068 - [INFO] [WORKER_B] Initializing session: Mozilla/5.0 (Windows NT 10.0; Win64; x64...
2026-05-06 02:31:21,948 - [INFO] Shutdown requested.
2026-05-06 02:31:59,243 - [INFO] Serving on http://0.0.0.0:3989
2026-05-06 02:31:59,252 - [INFO] [WORKER_A] Warming Shared Session: Mozilla/5.0 (Macintosh; Intel Mac OS X 1...
2026-05-06 02:31:59,269 - [INFO] [WORKER_B] Warming Shared Session: Mozilla/5.0 (X11; Linux x86_64) AppleWeb...
2026-05-06 02:34:19,479 - [INFO] Manual stop. Cleaning up...
