nohup: ignoring input
 * Serving Flask app 'app'
 * Debug mode: on
2026-05-18 06:41:14 - [MainThread] [31m[1mWARNING: This is a development server. Do not use it in a production deployment. Use a production WSGI server instead.[0m
 * Running on all addresses (0.0.0.0)
 * Running on http://127.0.0.1:3987
 * Running on http://172.31.54.132:3987
2026-05-18 06:41:14 - [MainThread] [33mPress CTRL+C to quit[0m
2026-05-18 06:41:18 - [Thread-1 (process_request_thread)] GraphQL Trigger: Env 4 requesting PKs: [2, 12, 14, 15, 16, 20, 21, 22, 23, 25]
2026-05-18 06:41:18 - [GraphQL-Trigger] SYNC ENGINE STARTING
2026-05-18 06:41:18 - [Thread-1 (process_request_thread)] 127.0.0.1 - - [18/May/2026 06:41:18] "POST /graphql HTTP/1.1" 200 -
2026-05-18 06:41:18 - [GraphQL-Trigger] Successfully mapped PKs [2, 12, 14, 15, 16, 20, 21, 22, 23, 25] to ['MSFT', 'HPQ', 'TSLA', 'AAPL', 'GOOG', 'NVDA', 'META', 'AMZN', 'AMD', 'ARM']
2026-05-18 06:41:18 - [Worker-MSFT] [MSFT] Worker validated.
2026-05-18 06:41:18 - [Worker-MSFT] Opening continuous validation database connection...
2026-05-18 06:41:18 - [Worker-MSFT] [MSFT] Market is OPEN. Starting scraper...
2026-05-18 06:41:19 - [Worker-MSFT] [MSFT] Consent wall detected. Resolving...
2026-05-18 06:41:21 - [Worker-HPQ] [HPQ] Worker validated.
2026-05-18 06:41:21 - [Worker-HPQ] [HPQ] Market is OPEN. Starting scraper...
2026-05-18 06:41:21 - [Worker-HPQ] [HPQ] Consent wall detected. Resolving...
2026-05-18 06:41:23 - [Worker-TSLA] [TSLA] Worker validated.
2026-05-18 06:41:23 - [Worker-TSLA] [TSLA] Market is OPEN. Starting scraper...
2026-05-18 06:41:23 - [Worker-TSLA] [TSLA] Consent wall detected. Resolving...
2026-05-18 06:41:23 - [Worker-MSFT] [MSFT] Session Authenticated.
2026-05-18 06:41:25 - [Worker-HPQ] [HPQ] Session Authenticated.
2026-05-18 06:41:25 - [Worker-AAPL] [AAPL] Worker validated.
2026-05-18 06:41:26 - [Worker-AAPL] [AAPL] Market is OPEN. Starting scraper...
2026-05-18 06:41:26 - [Worker-AAPL] [AAPL] Consent wall detected. Resolving...
2026-05-18 06:41:27 - [Worker-TSLA] [TSLA] Session Authenticated.
2026-05-18 06:41:28 - [Worker-GOOG] [GOOG] Worker validated.
2026-05-18 06:41:28 - [Worker-GOOG] [GOOG] Market is OPEN. Starting scraper...
2026-05-18 06:41:28 - [Worker-GOOG] [GOOG] Consent wall detected. Resolving...
2026-05-18 06:41:30 - [Worker-NVDA] [NVDA] Worker validated.
2026-05-18 06:41:30 - [Worker-NVDA] [NVDA] Market is OPEN. Starting scraper...
2026-05-18 06:41:30 - [Worker-AAPL] [AAPL] Session Authenticated.
2026-05-18 06:41:30 - [Worker-NVDA] [NVDA] Consent wall detected. Resolving...
2026-05-18 06:41:32 - [Worker-META] [META] Worker validated.
2026-05-18 06:41:32 - [Worker-META] [META] Market is OPEN. Starting scraper...
2026-05-18 06:41:33 - [Worker-GOOG] [GOOG] Session Authenticated.
2026-05-18 06:41:34 - [Worker-NVDA] [NVDA] Session Authenticated.
2026-05-18 06:41:34 - [Worker-META] [META] Consent wall detected. Resolving...
2026-05-18 06:41:35 - [Worker-AMZN] [AMZN] Worker validated.
2026-05-18 06:41:35 - [Worker-AMZN] [AMZN] Market is OPEN. Starting scraper...
2026-05-18 06:41:35 - [Worker-AMZN] [AMZN] Consent wall detected. Resolving...
2026-05-18 06:41:36 - [Worker-AMD] [AMD] Worker validated.
2026-05-18 06:41:36 - [Worker-AMD] [AMD] Market is OPEN. Starting scraper...
2026-05-18 06:41:36 - [Worker-AMD] [AMD] Consent wall detected. Resolving...
2026-05-18 06:41:37 - [Worker-META] [META] Session Authenticated.
2026-05-18 06:41:38 - [Worker-ARM] [ARM] Worker validated.
2026-05-18 06:41:38 - [Worker-ARM] [ARM] Market is OPEN. Starting scraper...
2026-05-18 06:41:38 - [Worker-ARM] [ARM] Consent wall detected. Resolving...
2026-05-18 06:41:39 - [Worker-AMZN] [AMZN] Session Authenticated.
2026-05-18 06:41:40 - [Worker-AMD] [AMD] Session Authenticated.
2026-05-18 06:41:41 - [Worker-ARM] [ARM] Session Authenticated.
Opening a new PostgreSQL connection pipe...
2026-05-18 06:42:45 - [Worker-META] [META] Data collected and pushed to DB: O:607.82 H:607.82 L:607.82 C:607.82 (Points: 4/4)
2026-05-18 06:42:45 - [DB-Writer] DATA INSERTED for META | at 2026-05-18 06:42:00
DATA INSERTED for META | at 2026-05-18 06:42:00
2026-05-18 06:42:47 - [Worker-MSFT] [MSFT] Data collected and pushed to DB: O:419.53 H:419.66 L:419.57 C:419.66 (Points: 4/4)
2026-05-18 06:42:47 - [DB-Writer] DATA INSERTED for MSFT | at 2026-05-18 06:42:00
DATA INSERTED for MSFT | at 2026-05-18 06:42:00
2026-05-18 06:42:48 - [Worker-HPQ] [HPQ] Data collected and pushed to DB: O:20.75 H:20.75 L:20.75 C:20.75 (Points: 4/4)
2026-05-18 06:42:48 - [DB-Writer] DATA INSERTED for HPQ | at 2026-05-18 06:42:00
DATA INSERTED for HPQ | at 2026-05-18 06:42:00
2026-05-18 06:42:48 - [Worker-AMZN] [AMZN] Data collected and pushed to DB: O:261.38 H:261.33 L:261.32 C:261.33 (Points: 4/4)
2026-05-18 06:42:48 - [DB-Writer] DATA INSERTED for AMZN | at 2026-05-18 06:42:00
DATA INSERTED for AMZN | at 2026-05-18 06:42:00
2026-05-18 06:42:49 - [Worker-TSLA] [TSLA] Data collected and pushed to DB: O:414.41 H:414.41 L:414.38 C:414.59 (Points: 4/4)
2026-05-18 06:42:49 - [DB-Writer] DATA INSERTED for TSLA | at 2026-05-18 06:42:00
DATA INSERTED for TSLA | at 2026-05-18 06:42:00
2026-05-18 06:42:50 - [Worker-AAPL] [AAPL] Data collected and pushed to DB: O:297.74 H:297.75 L:297.74 C:297.91 (Points: 4/4)
2026-05-18 06:42:50 - [DB-Writer] DATA INSERTED for AAPL | at 2026-05-18 06:42:00
DATA INSERTED for AAPL | at 2026-05-18 06:42:00
2026-05-18 06:42:51 - [Worker-ARM] [ARM] Data collected and pushed to DB: O:203.35 H:203.35 L:203.35 C:203.35 (Points: 4/4)
2026-05-18 06:42:51 - [DB-Writer] DATA INSERTED for ARM | at 2026-05-18 06:42:00
DATA INSERTED for ARM | at 2026-05-18 06:42:00
2026-05-18 06:42:51 - [Worker-AMD] [AMD] Data collected and pushed to DB: O:419.7 H:419.7 L:419.38 C:419.7 (Points: 4/4)
2026-05-18 06:42:51 - [DB-Writer] DATA INSERTED for AMD | at 2026-05-18 06:42:00
DATA INSERTED for AMD | at 2026-05-18 06:42:00
2026-05-18 06:42:51 - [Worker-GOOG] [GOOG] Data collected and pushed to DB: O:389.84 H:389.84 L:389.84 C:389.86 (Points: 4/4)
2026-05-18 06:42:51 - [DB-Writer] DATA INSERTED for GOOG | at 2026-05-18 06:42:00
DATA INSERTED for GOOG | at 2026-05-18 06:42:00
2026-05-18 06:42:51 - [Worker-NVDA] [NVDA] Data collected and pushed to DB: O:223.23 H:223.23 L:223.11 C:223.34 (Points: 4/4)
2026-05-18 06:42:51 - [DB-Writer] DATA INSERTED for NVDA | at 2026-05-18 06:42:00
DATA INSERTED for NVDA | at 2026-05-18 06:42:00
2026-05-18 06:43:44 - [Worker-ARM] [ARM] Data collected and pushed to DB: O:203.37 H:203.37 L:203.37 C:203.37 (Points: 4/4)
2026-05-18 06:43:44 - [DB-Writer] DATA INSERTED for ARM | at 2026-05-18 06:43:00
DATA INSERTED for ARM | at 2026-05-18 06:43:00
2026-05-18 06:43:46 - [Worker-AMD] [AMD] Data collected and pushed to DB: O:419.5 H:419.7 L:419.7 C:419.7 (Points: 4/4)
2026-05-18 06:43:46 - [DB-Writer] DATA INSERTED for AMD | at 2026-05-18 06:43:00
DATA INSERTED for AMD | at 2026-05-18 06:43:00
2026-05-18 06:43:46 - [Worker-MSFT] [MSFT] Data collected and pushed to DB: O:419.79 H:419.66 L:419.57 C:419.66 (Points: 4/4)
2026-05-18 06:43:46 - [DB-Writer] DATA INSERTED for MSFT | at 2026-05-18 06:43:00
DATA INSERTED for MSFT | at 2026-05-18 06:43:00
2026-05-18 06:43:46 - [Worker-AMZN] [AMZN] Data collected and pushed to DB: O:261.49 H:261.49 L:261.47 C:261.47 (Points: 4/4)
2026-05-18 06:43:46 - [DB-Writer] DATA INSERTED for AMZN | at 2026-05-18 06:43:00
DATA INSERTED for AMZN | at 2026-05-18 06:43:00
2026-05-18 06:43:47 - [Worker-NVDA] [NVDA] Data collected and pushed to DB: O:223.39 H:223.42 L:223.4 C:223.46 (Points: 4/4)
2026-05-18 06:43:47 - [DB-Writer] DATA INSERTED for NVDA | at 2026-05-18 06:43:00
DATA INSERTED for NVDA | at 2026-05-18 06:43:00
2026-05-18 06:43:49 - [Worker-AAPL] [AAPL] Data collected and pushed to DB: O:298.01 H:298.04 L:298.01 C:298.0 (Points: 4/4)
2026-05-18 06:43:49 - [DB-Writer] DATA INSERTED for AAPL | at 2026-05-18 06:43:00
DATA INSERTED for AAPL | at 2026-05-18 06:43:00
2026-05-18 06:43:49 - [Worker-TSLA] [TSLA] Data collected and pushed to DB: O:414.67 H:414.73 L:414.73 C:414.73 (Points: 4/4)
2026-05-18 06:43:49 - [DB-Writer] DATA INSERTED for TSLA | at 2026-05-18 06:43:00
DATA INSERTED for TSLA | at 2026-05-18 06:43:00
2026-05-18 06:43:49 - [Worker-META] [META] Data collected and pushed to DB: O:608.08 H:608.08 L:607.96 C:607.96 (Points: 4/4)
2026-05-18 06:43:49 - [DB-Writer] DATA INSERTED for META | at 2026-05-18 06:43:00
DATA INSERTED for META | at 2026-05-18 06:43:00
2026-05-18 06:43:50 - [Worker-GOOG] [GOOG] Data collected and pushed to DB: O:389.71 H:389.97 L:389.71 C:389.71 (Points: 4/4)
2026-05-18 06:43:50 - [DB-Writer] DATA INSERTED for GOOG | at 2026-05-18 06:43:00
DATA INSERTED for GOOG | at 2026-05-18 06:43:00
2026-05-18 06:43:50 - [Worker-HPQ] [HPQ] Data collected and pushed to DB: O:20.75 H:20.75 L:20.75 C:20.75 (Points: 4/4)
2026-05-18 06:43:50 - [DB-Writer] DATA INSERTED for HPQ | at 2026-05-18 06:43:00
DATA INSERTED for HPQ | at 2026-05-18 06:43:00
2026-05-18 06:44:45 - [Worker-TSLA] [TSLA] Data collected and pushed to DB: O:414.92 H:414.92 L:414.92 C:414.92 (Points: 4/4)
2026-05-18 06:44:45 - [DB-Writer] DATA INSERTED for TSLA | at 2026-05-18 06:44:00
DATA INSERTED for TSLA | at 2026-05-18 06:44:00
2026-05-18 06:44:45 - [Worker-AMZN] [AMZN] Data collected and pushed to DB: O:261.52 H:261.52 L:261.48 C:261.59 (Points: 4/4)
2026-05-18 06:44:45 - [DB-Writer] DATA INSERTED for AMZN | at 2026-05-18 06:44:00
DATA INSERTED for AMZN | at 2026-05-18 06:44:00
2026-05-18 06:44:46 - [Worker-META] [META] Data collected and pushed to DB: O:607.96 H:607.96 L:607.96 C:608.03 (Points: 4/4)
2026-05-18 06:44:46 - [DB-Writer] DATA INSERTED for META | at 2026-05-18 06:44:00
DATA INSERTED for META | at 2026-05-18 06:44:00
2026-05-18 06:44:47 - [Worker-NVDA] [NVDA] Data collected and pushed to DB: O:223.46 H:223.39 L:223.39 C:223.39 (Points: 4/4)
2026-05-18 06:44:47 - [DB-Writer] DATA INSERTED for NVDA | at 2026-05-18 06:44:00
DATA INSERTED for NVDA | at 2026-05-18 06:44:00
2026-05-18 06:44:47 - [Worker-AMD] [AMD] Data collected and pushed to DB: O:419.42 H:419.52 L:419.52 C:419.52 (Points: 4/4)
2026-05-18 06:44:47 - [DB-Writer] DATA INSERTED for AMD | at 2026-05-18 06:44:00
DATA INSERTED for AMD | at 2026-05-18 06:44:00
2026-05-18 06:44:47 - [Worker-AAPL] [AAPL] Data collected and pushed to DB: O:298.0 H:298.0 L:298.0 C:298.0 (Points: 4/4)
2026-05-18 06:44:47 - [DB-Writer] DATA INSERTED for AAPL | at 2026-05-18 06:44:00
DATA INSERTED for AAPL | at 2026-05-18 06:44:00
2026-05-18 06:44:48 - [Worker-HPQ] [HPQ] Data collected and pushed to DB: O:20.75 H:20.75 L:20.75 C:20.75 (Points: 4/4)
2026-05-18 06:44:48 - [DB-Writer] DATA INSERTED for HPQ | at 2026-05-18 06:44:00
DATA INSERTED for HPQ | at 2026-05-18 06:44:00
2026-05-18 06:44:49 - [Worker-MSFT] [MSFT] Data collected and pushed to DB: O:419.68 H:419.66 L:419.25 C:419.25 (Points: 4/4)
2026-05-18 06:44:49 - [DB-Writer] DATA INSERTED for MSFT | at 2026-05-18 06:44:00
DATA INSERTED for MSFT | at 2026-05-18 06:44:00
2026-05-18 06:44:49 - [Worker-ARM] [ARM] Data collected and pushed to DB: O:203.53 H:203.53 L:203.53 C:203.53 (Points: 4/4)
2026-05-18 06:44:49 - [DB-Writer] DATA INSERTED for ARM | at 2026-05-18 06:44:00
DATA INSERTED for ARM | at 2026-05-18 06:44:00
2026-05-18 06:44:51 - [Worker-GOOG] [GOOG] Data collected and pushed to DB: O:389.9 H:389.9 L:389.84 C:389.84 (Points: 4/4)
2026-05-18 06:44:51 - [DB-Writer] DATA INSERTED for GOOG | at 2026-05-18 06:44:00
DATA INSERTED for GOOG | at 2026-05-18 06:44:00
2026-05-18 06:45:44 - [Worker-GOOG] [GOOG] Data collected and pushed to DB: O:390.19 H:390.19 L:389.99 C:390.2 (Points: 4/4)
2026-05-18 06:45:44 - [DB-Writer] DATA INSERTED for GOOG | at 2026-05-18 06:45:00
DATA INSERTED for GOOG | at 2026-05-18 06:45:00
2026-05-18 06:45:45 - [Worker-AMZN] [AMZN] Data collected and pushed to DB: O:261.71 H:261.72 L:261.71 C:261.75 (Points: 4/4)
2026-05-18 06:45:45 - [DB-Writer] DATA INSERTED for AMZN | at 2026-05-18 06:45:00
DATA INSERTED for AMZN | at 2026-05-18 06:45:00
2026-05-18 06:45:47 - [Worker-TSLA] [TSLA] Data collected and pushed to DB: O:415.25 H:415.38 L:415.37 C:415.55 (Points: 4/4)
2026-05-18 06:45:47 - [DB-Writer] DATA INSERTED for TSLA | at 2026-05-18 06:45:00
DATA INSERTED for TSLA | at 2026-05-18 06:45:00
2026-05-18 06:45:47 - [Worker-META] [META] Data collected and pushed to DB: O:608.75 H:608.8 L:608.75 C:608.8 (Points: 4/4)
2026-05-18 06:45:47 - [DB-Writer] DATA INSERTED for META | at 2026-05-18 06:45:00
DATA INSERTED for META | at 2026-05-18 06:45:00
2026-05-18 06:45:49 - [Worker-MSFT] [MSFT] Data collected and pushed to DB: O:419.85 H:419.87 L:419.87 C:419.95 (Points: 4/4)
2026-05-18 06:45:49 - [DB-Writer] DATA INSERTED for MSFT | at 2026-05-18 06:45:00
DATA INSERTED for MSFT | at 2026-05-18 06:45:00
2026-05-18 06:45:49 - [Worker-AMD] [AMD] Data collected and pushed to DB: O:420.83 H:421.0 L:420.83 C:421.0 (Points: 4/4)
2026-05-18 06:45:49 - [DB-Writer] DATA INSERTED for AMD | at 2026-05-18 06:45:00
DATA INSERTED for AMD | at 2026-05-18 06:45:00
2026-05-18 06:45:52 - [Worker-AAPL] [AAPL] Data collected and pushed to DB: O:298.12 H:298.12 L:298.12 C:297.86 (Points: 4/4)
2026-05-18 06:45:52 - [DB-Writer] DATA INSERTED for AAPL | at 2026-05-18 06:45:00
DATA INSERTED for AAPL | at 2026-05-18 06:45:00
2026-05-18 06:45:52 - [Worker-HPQ] [HPQ] Data collected and pushed to DB: O:20.75 H:20.75 L:20.75 C:20.75 (Points: 4/4)
2026-05-18 06:45:52 - [DB-Writer] DATA INSERTED for HPQ | at 2026-05-18 06:45:00
DATA INSERTED for HPQ | at 2026-05-18 06:45:00
2026-05-18 06:45:52 - [Worker-NVDA] [NVDA] Data collected and pushed to DB: O:223.8 H:223.8 L:223.79 C:223.83 (Points: 4/4)
2026-05-18 06:45:52 - [DB-Writer] DATA INSERTED for NVDA | at 2026-05-18 06:45:00
DATA INSERTED for NVDA | at 2026-05-18 06:45:00
2026-05-18 06:45:52 - [Worker-ARM] [ARM] Data collected and pushed to DB: O:203.53 H:203.53 L:203.53 C:224.51 (Points: 4/4)
2026-05-18 06:45:52 - [DB-Writer] DATA INSERTED for ARM | at 2026-05-18 06:45:00
DATA INSERTED for ARM | at 2026-05-18 06:45:00
nohup: ignoring input
 * Serving Flask app 'app'
 * Debug mode: on
2026-05-18 14:49:56 - [MainThread] [31m[1mWARNING: This is a development server. Do not use it in a production deployment. Use a production WSGI server instead.[0m
 * Running on all addresses (0.0.0.0)
 * Running on http://127.0.0.1:3987
 * Running on http://172.31.63.9:3987
2026-05-18 14:49:56 - [MainThread] [33mPress CTRL+C to quit[0m
2026-05-18 14:50:04 - [Thread-1 (process_request_thread)] GraphQL Trigger: Env 4 requesting PKs: [2, 12, 14, 15, 16, 20, 21, 22, 23, 25]
2026-05-18 14:50:04 - [GraphQL-Trigger] SYNC ENGINE STARTING
2026-05-18 14:50:04 - [Thread-1 (process_request_thread)] 127.0.0.1 - - [18/May/2026 14:50:04] "POST /graphql HTTP/1.1" 200 -
2026-05-18 14:50:04 - [GraphQL-Trigger] Mapped PKs [2, 12, 14, 15, 16, 20, 21, 22, 23, 25] to ['MSFT', 'HPQ', 'TSLA', 'AAPL', 'GOOG', 'NVDA', 'META', 'AMZN', 'AMD', 'ARM']
2026-05-18 14:50:04 - [Worker-MSFT] [MSFT] Worker validated.
2026-05-18 14:50:04 - [Worker-MSFT] [MSFT] Standby (14:50 UTC). Market closed. Sleeping for 30 minutes...
2026-05-18 14:50:07 - [Worker-HPQ] [HPQ] Worker validated.
2026-05-18 14:50:07 - [Worker-HPQ] [HPQ] Standby (14:50 UTC). Market closed. Sleeping for 30 minutes...
2026-05-18 14:50:10 - [Worker-TSLA] [TSLA] Worker validated.
2026-05-18 14:50:10 - [Worker-TSLA] [TSLA] Standby (14:50 UTC). Market closed. Sleeping for 30 minutes...
2026-05-18 14:50:11 - [Worker-AAPL] [AAPL] Worker validated.
2026-05-18 14:50:11 - [Worker-AAPL] [AAPL] Standby (14:50 UTC). Market closed. Sleeping for 30 minutes...
2026-05-18 14:50:13 - [Worker-GOOG] [GOOG] Worker validated.
2026-05-18 14:50:13 - [Worker-GOOG] [GOOG] Standby (14:50 UTC). Market closed. Sleeping for 30 minutes...
2026-05-18 14:50:16 - [Worker-NVDA] [NVDA] Worker validated.
2026-05-18 14:50:16 - [Worker-NVDA] [NVDA] Standby (14:50 UTC). Market closed. Sleeping for 30 minutes...
2026-05-18 14:50:18 - [Worker-META] [META] Worker validated.
2026-05-18 14:50:18 - [Worker-META] [META] Standby (14:50 UTC). Market closed. Sleeping for 30 minutes...
2026-05-18 14:50:20 - [Worker-AMZN] [AMZN] Worker validated.
2026-05-18 14:50:20 - [Worker-AMZN] [AMZN] Standby (14:50 UTC). Market closed. Sleeping for 30 minutes...
2026-05-18 14:50:23 - [Worker-AMD] [AMD] Worker validated.
2026-05-18 14:50:23 - [Worker-AMD] [AMD] Standby (14:50 UTC). Market closed. Sleeping for 30 minutes...
2026-05-18 14:50:24 - [Worker-ARM] [ARM] Worker validated.
2026-05-18 14:50:24 - [Worker-ARM] [ARM] Standby (14:50 UTC). Market closed. Sleeping for 30 minutes...
nohup: ignoring input
 * Serving Flask app 'app'
 * Debug mode: on
2026-05-18 15:00:54 - [MainThread] [31m[1mWARNING: This is a development server. Do not use it in a production deployment. Use a production WSGI server instead.[0m
 * Running on all addresses (0.0.0.0)
 * Running on http://127.0.0.1:3987
 * Running on http://172.31.63.9:3987
2026-05-18 15:00:54 - [MainThread] [33mPress CTRL+C to quit[0m
2026-05-18 15:01:04 - [Thread-1 (process_request_thread)] GraphQL Trigger: Env 4 requesting PKs: [2, 12, 14, 15, 16, 20, 21, 22, 23, 25]
2026-05-18 15:01:04 - [GraphQL-Trigger] SYNC ENGINE STARTING
2026-05-18 15:01:04 - [Thread-1 (process_request_thread)] 127.0.0.1 - - [18/May/2026 15:01:04] "POST /graphql HTTP/1.1" 200 -
2026-05-18 15:01:04 - [GraphQL-Trigger] Mapped PKs [2, 12, 14, 15, 16, 20, 21, 22, 23, 25] to ['MSFT', 'HPQ', 'TSLA', 'AAPL', 'GOOG', 'NVDA', 'META', 'AMZN', 'AMD', 'ARM']
2026-05-18 15:01:04 - [Worker-MSFT] [MSFT] Worker validated.
2026-05-18 15:01:04 - [Worker-MSFT] [MSFT] Standby (15:01 UTC). Market closed. Sleeping for 30 minutes...
2026-05-18 15:01:06 - [Worker-HPQ] [HPQ] Worker validated.
2026-05-18 15:01:07 - [Worker-HPQ] [HPQ] Standby (15:01 UTC). Market closed. Sleeping for 30 minutes...
2026-05-18 15:01:08 - [Worker-TSLA] [TSLA] Worker validated.
2026-05-18 15:01:08 - [Worker-TSLA] [TSLA] Standby (15:01 UTC). Market closed. Sleeping for 30 minutes...
2026-05-18 15:01:09 - [Worker-AAPL] [AAPL] Worker validated.
2026-05-18 15:01:09 - [Worker-AAPL] [AAPL] Standby (15:01 UTC). Market closed. Sleeping for 30 minutes...
2026-05-18 15:01:11 - [Worker-GOOG] [GOOG] Worker validated.
2026-05-18 15:01:11 - [Worker-GOOG] [GOOG] Standby (15:01 UTC). Market closed. Sleeping for 30 minutes...
2026-05-18 15:01:13 - [Worker-NVDA] [NVDA] Worker validated.
2026-05-18 15:01:13 - [Worker-NVDA] [NVDA] Standby (15:01 UTC). Market closed. Sleeping for 30 minutes...
2026-05-18 15:01:15 - [Worker-META] [META] Worker validated.
2026-05-18 15:01:15 - [Worker-META] [META] Standby (15:01 UTC). Market closed. Sleeping for 30 minutes...
2026-05-18 15:01:17 - [Worker-AMZN] [AMZN] Worker validated.
2026-05-18 15:01:17 - [Worker-AMZN] [AMZN] Standby (15:01 UTC). Market closed. Sleeping for 30 minutes...
2026-05-18 15:01:18 - [Worker-AMD] [AMD] Worker validated.
2026-05-18 15:01:18 - [Worker-AMD] [AMD] Standby (15:01 UTC). Market closed. Sleeping for 30 minutes...
2026-05-18 15:01:20 - [Worker-ARM] [ARM] Worker validated.
2026-05-18 15:01:20 - [Worker-ARM] [ARM] Standby (15:01 UTC). Market closed. Sleeping for 30 minutes...
2026-05-18 15:31:04 - [Worker-MSFT] [MSFT] Standby (15:31 UTC). Market closed. Sleeping for 30 minutes...
2026-05-18 15:31:07 - [Worker-HPQ] [HPQ] Standby (15:31 UTC). Market closed. Sleeping for 30 minutes...
2026-05-18 15:31:08 - [Worker-TSLA] [TSLA] Standby (15:31 UTC). Market closed. Sleeping for 30 minutes...
2026-05-18 15:31:09 - [Worker-AAPL] [AAPL] Standby (15:31 UTC). Market closed. Sleeping for 30 minutes...
2026-05-18 15:31:11 - [Worker-GOOG] [GOOG] Standby (15:31 UTC). Market closed. Sleeping for 30 minutes...
2026-05-18 15:31:13 - [Worker-NVDA] [NVDA] Standby (15:31 UTC). Market closed. Sleeping for 30 minutes...
2026-05-18 15:31:15 - [Worker-META] [META] Standby (15:31 UTC). Market closed. Sleeping for 30 minutes...
2026-05-18 15:31:17 - [Worker-AMZN] [AMZN] Standby (15:31 UTC). Market closed. Sleeping for 30 minutes...
2026-05-18 15:31:18 - [Worker-AMD] [AMD] Standby (15:31 UTC). Market closed. Sleeping for 30 minutes...
2026-05-18 15:31:20 - [Worker-ARM] [ARM] Standby (15:31 UTC). Market closed. Sleeping for 30 minutes...
2026-05-18 16:01:04 - [Worker-MSFT] [MSFT] Standby (16:01 UTC). Market closed. Sleeping for 30 minutes...
2026-05-18 16:01:07 - [Worker-HPQ] [HPQ] Standby (16:01 UTC). Market closed. Sleeping for 30 minutes...
2026-05-18 16:01:08 - [Worker-TSLA] [TSLA] Standby (16:01 UTC). Market closed. Sleeping for 30 minutes...
2026-05-18 16:01:09 - [Worker-AAPL] [AAPL] Standby (16:01 UTC). Market closed. Sleeping for 30 minutes...
2026-05-18 16:01:11 - [Worker-GOOG] [GOOG] Standby (16:01 UTC). Market closed. Sleeping for 30 minutes...
2026-05-18 16:01:13 - [Worker-NVDA] [NVDA] Standby (16:01 UTC). Market closed. Sleeping for 30 minutes...
2026-05-18 16:01:15 - [Worker-META] [META] Standby (16:01 UTC). Market closed. Sleeping for 30 minutes...
2026-05-18 16:01:17 - [Worker-AMZN] [AMZN] Standby (16:01 UTC). Market closed. Sleeping for 30 minutes...
2026-05-18 16:01:18 - [Worker-AMD] [AMD] Standby (16:01 UTC). Market closed. Sleeping for 30 minutes...
2026-05-18 16:01:20 - [Worker-ARM] [ARM] Standby (16:01 UTC). Market closed. Sleeping for 30 minutes...
2026-05-18 16:31:04 - [Worker-MSFT] [MSFT] Standby (16:31 UTC). Market closed. Sleeping for 30 minutes...
2026-05-18 16:31:07 - [Worker-HPQ] [HPQ] Standby (16:31 UTC). Market closed. Sleeping for 30 minutes...
2026-05-18 16:31:08 - [Worker-TSLA] [TSLA] Standby (16:31 UTC). Market closed. Sleeping for 30 minutes...
2026-05-18 16:31:10 - [Worker-AAPL] [AAPL] Standby (16:31 UTC). Market closed. Sleeping for 30 minutes...
2026-05-18 16:31:11 - [Worker-GOOG] [GOOG] Standby (16:31 UTC). Market closed. Sleeping for 30 minutes...
2026-05-18 16:31:13 - [Worker-NVDA] [NVDA] Standby (16:31 UTC). Market closed. Sleeping for 30 minutes...
2026-05-18 16:31:15 - [Worker-META] [META] Standby (16:31 UTC). Market closed. Sleeping for 30 minutes...
2026-05-18 16:31:17 - [Worker-AMZN] [AMZN] Standby (16:31 UTC). Market closed. Sleeping for 30 minutes...
2026-05-18 16:31:19 - [Worker-AMD] [AMD] Standby (16:31 UTC). Market closed. Sleeping for 30 minutes...
2026-05-18 16:31:20 - [Worker-ARM] [ARM] Standby (16:31 UTC). Market closed. Sleeping for 30 minutes...
2026-05-18 17:01:04 - [Worker-MSFT] [MSFT] Market is OPEN. Starting scraper...
2026-05-18 17:01:05 - [Worker-MSFT] [MSFT] Consent wall detected. Resolving...
2026-05-18 17:01:07 - [Worker-HPQ] [HPQ] Market is OPEN. Starting scraper...
2026-05-18 17:01:07 - [Worker-HPQ] [HPQ] Consent wall detected. Resolving...
2026-05-18 17:01:08 - [Worker-MSFT] [MSFT] Session Authenticated.
2026-05-18 17:01:09 - [Worker-TSLA] [TSLA] Market is OPEN. Starting scraper...
2026-05-18 17:01:09 - [Worker-TSLA] [TSLA] Consent wall detected. Resolving...
2026-05-18 17:01:10 - [Worker-AAPL] [AAPL] Market is OPEN. Starting scraper...
2026-05-18 17:01:10 - [Worker-AAPL] [AAPL] Consent wall detected. Resolving...
2026-05-18 17:01:11 - [Worker-GOOG] [GOOG] Market is OPEN. Starting scraper...
2026-05-18 17:01:12 - [Worker-GOOG] [GOOG] Consent wall detected. Resolving...
2026-05-18 17:01:12 - [Worker-HPQ] [HPQ] Session Authenticated.
2026-05-18 17:01:13 - [Worker-NVDA] [NVDA] Market is OPEN. Starting scraper...
2026-05-18 17:01:14 - [Worker-TSLA] [TSLA] Session Authenticated.
2026-05-18 17:01:14 - [Worker-NVDA] [NVDA] Consent wall detected. Resolving...
2026-05-18 17:01:15 - [Worker-AAPL] [AAPL] Session Authenticated.
2026-05-18 17:01:15 - [Worker-META] [META] Market is OPEN. Starting scraper...
2026-05-18 17:01:16 - [Worker-META] [META] Consent wall detected. Resolving...
2026-05-18 17:01:16 - [Worker-GOOG] [GOOG] Session Authenticated.
2026-05-18 17:01:17 - [Worker-AMZN] [AMZN] Market is OPEN. Starting scraper...
2026-05-18 17:01:18 - [Worker-AMZN] [AMZN] Consent wall detected. Resolving...
2026-05-18 17:01:18 - [Worker-NVDA] [NVDA] Session Authenticated.
2026-05-18 17:01:19 - [Worker-AMD] [AMD] Market is OPEN. Starting scraper...
2026-05-18 17:01:19 - [Worker-AMD] [AMD] Consent wall detected. Resolving...
2026-05-18 17:01:20 - [Worker-ARM] [ARM] Market is OPEN. Starting scraper...
2026-05-18 17:01:20 - [Worker-META] [META] Session Authenticated.
2026-05-18 17:01:20 - [Worker-ARM] [ARM] Consent wall detected. Resolving...
2026-05-18 17:01:22 - [Worker-AMZN] [AMZN] Session Authenticated.
2026-05-18 17:01:24 - [Worker-AMD] [AMD] Session Authenticated.
2026-05-18 17:01:25 - [Worker-ARM] [ARM] Session Authenticated.
2026-05-18 17:02:44 - [Worker-AMD] [AMD] Saved: O:417.55 H:417.74 L:417.55 C:417.51 (4 pts)
Opening a new PostgreSQL connection pipe...
2026-05-18 17:02:44 - [DB-Writer] DATA INSERTED for AMD | at 2026-05-18 17:02:00
DATA INSERTED for AMD | at 2026-05-18 17:02:00
2026-05-18 17:02:44 - [Worker-NVDA] [NVDA] Saved: O:222.29 H:222.29 L:222.24 C:222.2 (4 pts)
2026-05-18 17:02:44 - [DB-Writer] DATA INSERTED for NVDA | at 2026-05-18 17:02:00
DATA INSERTED for NVDA | at 2026-05-18 17:02:00
2026-05-18 17:02:45 - [Worker-META] [META] Saved: O:609.66 H:609.82 L:609.66 C:609.58 (4 pts)
2026-05-18 17:02:45 - [DB-Writer] DATA INSERTED for META | at 2026-05-18 17:02:00
DATA INSERTED for META | at 2026-05-18 17:02:00
2026-05-18 17:02:45 - [Worker-AAPL] [AAPL] Saved: O:295.72 H:295.76 L:295.72 C:295.71 (4 pts)
2026-05-18 17:02:45 - [DB-Writer] DATA INSERTED for AAPL | at 2026-05-18 17:02:00
DATA INSERTED for AAPL | at 2026-05-18 17:02:00
2026-05-18 17:02:46 - [Worker-GOOG] [GOOG] Saved: O:398.23 H:398.22 L:398.18 C:397.82 (4 pts)
2026-05-18 17:02:46 - [DB-Writer] DATA INSERTED for GOOG | at 2026-05-18 17:02:00
DATA INSERTED for GOOG | at 2026-05-18 17:02:00
2026-05-18 17:02:46 - [Worker-MSFT] [MSFT] Saved: O:420.55 H:420.58 L:420.57 C:420.58 (4 pts)
2026-05-18 17:02:46 - [DB-Writer] DATA INSERTED for MSFT | at 2026-05-18 17:02:00
DATA INSERTED for MSFT | at 2026-05-18 17:02:00
2026-05-18 17:02:49 - [Worker-AMZN] [AMZN] Saved: O:264.47 H:264.49 L:264.47 C:264.36 (4 pts)
2026-05-18 17:02:49 - [DB-Writer] DATA INSERTED for AMZN | at 2026-05-18 17:02:00
DATA INSERTED for AMZN | at 2026-05-18 17:02:00
2026-05-18 17:02:52 - [Worker-HPQ] [HPQ] Saved: O:20.79 H:20.79 L:20.79 C:20.78 (4 pts)
2026-05-18 17:02:52 - [DB-Writer] DATA INSERTED for HPQ | at 2026-05-18 17:02:00
DATA INSERTED for HPQ | at 2026-05-18 17:02:00
2026-05-18 17:02:52 - [Worker-TSLA] [TSLA] Saved: O:410.46 H:410.57 L:410.46 C:410.32 (4 pts)
2026-05-18 17:02:52 - [DB-Writer] DATA INSERTED for TSLA | at 2026-05-18 17:02:00
DATA INSERTED for TSLA | at 2026-05-18 17:02:00
2026-05-18 17:02:55 - [Worker-ARM] [ARM] Saved: O:209.8 H:209.7 L:209.55 C:209.52 (4 pts)
2026-05-18 17:02:55 - [DB-Writer] DATA INSERTED for ARM | at 2026-05-18 17:02:00
DATA INSERTED for ARM | at 2026-05-18 17:02:00
2026-05-18 17:03:45 - [Worker-MSFT] [MSFT] Saved: O:420.71 H:420.8 L:420.71 C:420.98 (4 pts)
2026-05-18 17:03:45 - [DB-Writer] DATA INSERTED for MSFT | at 2026-05-18 17:03:00
DATA INSERTED for MSFT | at 2026-05-18 17:03:00
2026-05-18 17:03:45 - [Worker-NVDA] [NVDA] Saved: O:222.39 H:222.38 L:222.36 C:222.3 (4 pts)
2026-05-18 17:03:45 - [DB-Writer] DATA INSERTED for NVDA | at 2026-05-18 17:03:00
DATA INSERTED for NVDA | at 2026-05-18 17:03:00
2026-05-18 17:03:46 - [Worker-AMD] [AMD] Saved: O:417.94 H:418.21 L:418.0 C:418.21 (4 pts)
2026-05-18 17:03:46 - [DB-Writer] DATA INSERTED for AMD | at 2026-05-18 17:03:00
DATA INSERTED for AMD | at 2026-05-18 17:03:00
2026-05-18 17:03:46 - [Worker-GOOG] [GOOG] Saved: O:397.94 H:397.94 L:397.93 C:398.0 (4 pts)
2026-05-18 17:03:46 - [DB-Writer] DATA INSERTED for GOOG | at 2026-05-18 17:03:00
DATA INSERTED for GOOG | at 2026-05-18 17:03:00
2026-05-18 17:03:47 - [Worker-META] [META] Saved: O:609.42 H:609.47 L:609.44 C:609.64 (4 pts)
2026-05-18 17:03:47 - [DB-Writer] DATA INSERTED for META | at 2026-05-18 17:03:00
DATA INSERTED for META | at 2026-05-18 17:03:00
2026-05-18 17:03:47 - [Worker-AAPL] [AAPL] Saved: O:295.68 H:295.71 L:295.68 C:295.73 (4 pts)
2026-05-18 17:03:47 - [DB-Writer] DATA INSERTED for AAPL | at 2026-05-18 17:03:00
DATA INSERTED for AAPL | at 2026-05-18 17:03:00
2026-05-18 17:03:48 - [Worker-TSLA] [TSLA] Saved: O:410.45 H:410.72 L:410.67 C:410.79 (4 pts)
2026-05-18 17:03:48 - [DB-Writer] DATA INSERTED for TSLA | at 2026-05-18 17:03:00
DATA INSERTED for TSLA | at 2026-05-18 17:03:00
2026-05-18 17:03:48 - [Worker-AMZN] [AMZN] Saved: O:264.43 H:264.44 L:264.43 C:264.52 (4 pts)
2026-05-18 17:03:48 - [DB-Writer] DATA INSERTED for AMZN | at 2026-05-18 17:03:00
DATA INSERTED for AMZN | at 2026-05-18 17:03:00
2026-05-18 17:03:51 - [Worker-ARM] [ARM] Saved: O:209.58 H:209.77 L:209.65 C:209.78 (4 pts)
2026-05-18 17:03:51 - [DB-Writer] DATA INSERTED for ARM | at 2026-05-18 17:03:00
DATA INSERTED for ARM | at 2026-05-18 17:03:00
2026-05-18 17:03:51 - [Worker-HPQ] [HPQ] Saved: O:20.79 H:20.8 L:20.79 C:20.81 (4 pts)
2026-05-18 17:03:51 - [DB-Writer] DATA INSERTED for HPQ | at 2026-05-18 17:03:00
DATA INSERTED for HPQ | at 2026-05-18 17:03:00
2026-05-18 17:04:44 - [Worker-ARM] [ARM] Saved: O:209.81 H:209.81 L:209.69 C:209.69 (4 pts)
2026-05-18 17:04:44 - [DB-Writer] DATA INSERTED for ARM | at 2026-05-18 17:04:00
DATA INSERTED for ARM | at 2026-05-18 17:04:00
2026-05-18 17:04:44 - [Worker-GOOG] [GOOG] Saved: O:398.17 H:398.08 L:398.04 C:397.94 (4 pts)
2026-05-18 17:04:44 - [DB-Writer] DATA INSERTED for GOOG | at 2026-05-18 17:04:00
DATA INSERTED for GOOG | at 2026-05-18 17:04:00
2026-05-18 17:04:45 - [Worker-AMZN] [AMZN] Saved: O:264.54 H:264.54 L:264.51 C:264.48 (4 pts)
2026-05-18 17:04:45 - [DB-Writer] DATA INSERTED for AMZN | at 2026-05-18 17:04:00
DATA INSERTED for AMZN | at 2026-05-18 17:04:00
2026-05-18 17:04:45 - [Worker-AMD] [AMD] Saved: O:418.49 H:418.51 L:418.49 C:418.42 (4 pts)
2026-05-18 17:04:45 - [DB-Writer] DATA INSERTED for AMD | at 2026-05-18 17:04:00
DATA INSERTED for AMD | at 2026-05-18 17:04:00
2026-05-18 17:04:46 - [Worker-HPQ] [HPQ] Saved: O:20.81 H:20.81 L:20.8 C:20.79 (4 pts)
2026-05-18 17:04:46 - [DB-Writer] DATA INSERTED for HPQ | at 2026-05-18 17:04:00
DATA INSERTED for HPQ | at 2026-05-18 17:04:00
2026-05-18 17:04:48 - [Worker-TSLA] [TSLA] Saved: O:410.71 H:410.71 L:410.71 C:410.81 (4 pts)
2026-05-18 17:04:48 - [DB-Writer] DATA INSERTED for TSLA | at 2026-05-18 17:04:00
DATA INSERTED for TSLA | at 2026-05-18 17:04:00
2026-05-18 17:04:50 - [Worker-NVDA] [NVDA] Saved: O:222.28 H:222.26 L:222.25 C:222.23 (4 pts)
2026-05-18 17:04:50 - [DB-Writer] DATA INSERTED for NVDA | at 2026-05-18 17:04:00
DATA INSERTED for NVDA | at 2026-05-18 17:04:00
2026-05-18 17:04:50 - [Worker-AAPL] [AAPL] Saved: O:295.78 H:295.77 L:295.75 C:295.77 (4 pts)
2026-05-18 17:04:50 - [DB-Writer] DATA INSERTED for AAPL | at 2026-05-18 17:04:00
DATA INSERTED for AAPL | at 2026-05-18 17:04:00
2026-05-18 17:04:51 - [Worker-META] [META] Saved: O:610.13 H:610.13 L:609.98 C:610.19 (4 pts)
2026-05-18 17:04:51 - [DB-Writer] DATA INSERTED for META | at 2026-05-18 17:04:00
DATA INSERTED for META | at 2026-05-18 17:04:00
2026-05-18 17:04:52 - [Worker-MSFT] [MSFT] Saved: O:421.17 H:421.1 L:421.05 C:421.1 (4 pts)
2026-05-18 17:04:52 - [DB-Writer] DATA INSERTED for MSFT | at 2026-05-18 17:04:00
DATA INSERTED for MSFT | at 2026-05-18 17:04:00
2026-05-18 17:05:45 - [Worker-TSLA] [TSLA] Saved: O:410.51 H:410.64 L:410.51 C:410.8 (4 pts)
2026-05-18 17:05:45 - [DB-Writer] DATA INSERTED for TSLA | at 2026-05-18 17:05:00
DATA INSERTED for TSLA | at 2026-05-18 17:05:00
2026-05-18 17:05:46 - [Worker-AMD] [AMD] Saved: O:418.72 H:418.72 L:418.71 C:418.71 (4 pts)
2026-05-18 17:05:46 - [DB-Writer] DATA INSERTED for AMD | at 2026-05-18 17:05:00
DATA INSERTED for AMD | at 2026-05-18 17:05:00
2026-05-18 17:05:46 - [Worker-HPQ] [HPQ] Saved: O:20.81 H:20.81 L:20.8 C:20.8 (4 pts)
2026-05-18 17:05:46 - [DB-Writer] DATA INSERTED for HPQ | at 2026-05-18 17:05:00
DATA INSERTED for HPQ | at 2026-05-18 17:05:00
2026-05-18 17:05:47 - [Worker-GOOG] [GOOG] Saved: O:397.8 H:397.9 L:397.83 C:398.03 (4 pts)
2026-05-18 17:05:47 - [DB-Writer] DATA INSERTED for GOOG | at 2026-05-18 17:05:00
DATA INSERTED for GOOG | at 2026-05-18 17:05:00
2026-05-18 17:05:49 - [Worker-NVDA] [NVDA] Saved: O:222.26 H:222.26 L:222.21 C:222.27 (4 pts)
2026-05-18 17:05:49 - [DB-Writer] DATA INSERTED for NVDA | at 2026-05-18 17:05:00
DATA INSERTED for NVDA | at 2026-05-18 17:05:00
2026-05-18 17:05:50 - [Worker-AMZN] [AMZN] Saved: O:264.46 H:264.42 L:264.41 C:264.42 (4 pts)
2026-05-18 17:05:50 - [DB-Writer] DATA INSERTED for AMZN | at 2026-05-18 17:05:00
DATA INSERTED for AMZN | at 2026-05-18 17:05:00
2026-05-18 17:05:50 - [Worker-AAPL] [AAPL] Saved: O:295.83 H:295.78 L:295.7 C:295.78 (4 pts)
2026-05-18 17:05:50 - [DB-Writer] DATA INSERTED for AAPL | at 2026-05-18 17:05:00
DATA INSERTED for AAPL | at 2026-05-18 17:05:00
2026-05-18 17:05:51 - [Worker-META] [META] Saved: O:609.91 H:609.68 L:609.64 C:609.68 (4 pts)
2026-05-18 17:05:51 - [DB-Writer] DATA INSERTED for META | at 2026-05-18 17:05:00
DATA INSERTED for META | at 2026-05-18 17:05:00
2026-05-18 17:05:52 - [Worker-MSFT] [MSFT] Saved: O:420.96 H:421.0 L:420.96 C:421.15 (4 pts)
2026-05-18 17:05:52 - [DB-Writer] DATA INSERTED for MSFT | at 2026-05-18 17:05:00
DATA INSERTED for MSFT | at 2026-05-18 17:05:00
2026-05-18 17:05:52 - [Worker-ARM] [ARM] Saved: O:209.83 H:210.21 L:210.1 C:210.21 (4 pts)
2026-05-18 17:05:52 - [DB-Writer] DATA INSERTED for ARM | at 2026-05-18 17:05:00
DATA INSERTED for ARM | at 2026-05-18 17:05:00
2026-05-18 17:06:44 - [Worker-NVDA] [NVDA] Saved: O:222.19 H:222.41 L:222.41 C:222.41 (4 pts)
2026-05-18 17:06:44 - [DB-Writer] DATA INSERTED for NVDA | at 2026-05-18 17:06:00
DATA INSERTED for NVDA | at 2026-05-18 17:06:00
2026-05-18 17:06:45 - [Worker-ARM] [ARM] Saved: O:210.21 H:210.37 L:210.21 C:210.37 (4 pts)
2026-05-18 17:06:45 - [DB-Writer] DATA INSERTED for ARM | at 2026-05-18 17:06:00
DATA INSERTED for ARM | at 2026-05-18 17:06:00
2026-05-18 17:06:46 - [Worker-AMD] [AMD] Saved: O:419.12 H:419.51 L:419.48 C:419.83 (4 pts)
2026-05-18 17:06:46 - [DB-Writer] DATA INSERTED for AMD | at 2026-05-18 17:06:00
DATA INSERTED for AMD | at 2026-05-18 17:06:00
2026-05-18 17:06:47 - [Worker-GOOG] [GOOG] Saved: O:398.06 H:398.32 L:398.31 C:398.32 (4 pts)
2026-05-18 17:06:47 - [DB-Writer] DATA INSERTED for GOOG | at 2026-05-18 17:06:00
DATA INSERTED for GOOG | at 2026-05-18 17:06:00
2026-05-18 17:06:48 - [Worker-HPQ] [HPQ] Saved: O:20.8 H:20.8 L:20.8 C:20.79 (4 pts)
2026-05-18 17:06:48 - [DB-Writer] DATA INSERTED for HPQ | at 2026-05-18 17:06:00
DATA INSERTED for HPQ | at 2026-05-18 17:06:00
2026-05-18 17:06:49 - [Worker-MSFT] [MSFT] Saved: O:421.14 H:421.46 L:421.3 C:421.46 (4 pts)
2026-05-18 17:06:49 - [DB-Writer] DATA INSERTED for MSFT | at 2026-05-18 17:06:00
DATA INSERTED for MSFT | at 2026-05-18 17:06:00
2026-05-18 17:06:49 - [Worker-AAPL] [AAPL] Saved: O:295.82 H:295.87 L:295.82 C:295.81 (4 pts)
2026-05-18 17:06:49 - [DB-Writer] DATA INSERTED for AAPL | at 2026-05-18 17:06:00
DATA INSERTED for AAPL | at 2026-05-18 17:06:00
2026-05-18 17:06:49 - [Worker-META] [META] Saved: O:609.91 H:610.16 L:610.0 C:610.21 (4 pts)
2026-05-18 17:06:49 - [DB-Writer] DATA INSERTED for META | at 2026-05-18 17:06:00
DATA INSERTED for META | at 2026-05-18 17:06:00
2026-05-18 17:06:52 - [Worker-TSLA] [TSLA] Saved: O:410.97 H:411.43 L:411.39 C:411.39 (4 pts)
2026-05-18 17:06:52 - [DB-Writer] DATA INSERTED for TSLA | at 2026-05-18 17:06:00
DATA INSERTED for TSLA | at 2026-05-18 17:06:00
2026-05-18 17:06:52 - [Worker-AMZN] [AMZN] Saved: O:264.59 H:264.63 L:264.59 C:264.58 (4 pts)
2026-05-18 17:06:52 - [DB-Writer] DATA INSERTED for AMZN | at 2026-05-18 17:06:00
DATA INSERTED for AMZN | at 2026-05-18 17:06:00
2026-05-18 17:07:44 - [Worker-META] [META] Saved: O:610.17 H:610.34 L:610.27 C:610.48 (4 pts)
2026-05-18 17:07:44 - [DB-Writer] DATA INSERTED for META | at 2026-05-18 17:07:00
DATA INSERTED for META | at 2026-05-18 17:07:00
2026-05-18 17:07:46 - [Worker-AMD] [AMD] Saved: O:419.35 H:419.35 L:419.28 C:419.16 (4 pts)
2026-05-18 17:07:46 - [DB-Writer] DATA INSERTED for AMD | at 2026-05-18 17:07:00
DATA INSERTED for AMD | at 2026-05-18 17:07:00
2026-05-18 17:07:46 - [Worker-AAPL] [AAPL] Saved: O:295.67 H:295.75 L:295.67 C:295.75 (4 pts)
2026-05-18 17:07:46 - [DB-Writer] DATA INSERTED for AAPL | at 2026-05-18 17:07:00
DATA INSERTED for AAPL | at 2026-05-18 17:07:00
2026-05-18 17:07:46 - [Worker-TSLA] [TSLA] Saved: O:411.64 H:411.45 L:411.41 C:411.41 (4 pts)
2026-05-18 17:07:46 - [DB-Writer] DATA INSERTED for TSLA | at 2026-05-18 17:07:00
DATA INSERTED for TSLA | at 2026-05-18 17:07:00
2026-05-18 17:07:47 - [Worker-AMZN] [AMZN] Saved: O:264.63 H:264.79 L:264.65 C:264.91 (4 pts)
2026-05-18 17:07:47 - [DB-Writer] DATA INSERTED for AMZN | at 2026-05-18 17:07:00
DATA INSERTED for AMZN | at 2026-05-18 17:07:00
2026-05-18 17:07:48 - [Worker-NVDA] [NVDA] Saved: O:222.29 H:222.29 L:222.29 C:222.29 (4 pts)
2026-05-18 17:07:48 - [DB-Writer] DATA INSERTED for NVDA | at 2026-05-18 17:07:00
DATA INSERTED for NVDA | at 2026-05-18 17:07:00
2026-05-18 17:07:49 - [Worker-ARM] [ARM] Saved: O:210.35 H:210.35 L:210.3 C:210.14 (4 pts)
2026-05-18 17:07:49 - [DB-Writer] DATA INSERTED for ARM | at 2026-05-18 17:07:00
DATA INSERTED for ARM | at 2026-05-18 17:07:00
2026-05-18 17:07:49 - [Worker-MSFT] [MSFT] Saved: O:421.5 H:421.65 L:421.64 C:421.67 (4 pts)
2026-05-18 17:07:49 - [DB-Writer] DATA INSERTED for MSFT | at 2026-05-18 17:07:00
DATA INSERTED for MSFT | at 2026-05-18 17:07:00
2026-05-18 17:07:50 - [Worker-HPQ] [HPQ] Saved: O:20.8 H:20.8 L:20.8 C:20.8 (4 pts)
2026-05-18 17:07:50 - [DB-Writer] DATA INSERTED for HPQ | at 2026-05-18 17:07:00
DATA INSERTED for HPQ | at 2026-05-18 17:07:00
2026-05-18 17:07:52 - [Worker-GOOG] [GOOG] Saved: O:398.24 H:398.24 L:398.22 C:398.21 (4 pts)
2026-05-18 17:07:52 - [DB-Writer] DATA INSERTED for GOOG | at 2026-05-18 17:07:00
DATA INSERTED for GOOG | at 2026-05-18 17:07:00
2026-05-18 17:08:45 - [Worker-AMD] [AMD] Saved: O:419.5 H:419.42 L:418.59 C:418.59 (4 pts)
2026-05-18 17:08:45 - [DB-Writer] DATA INSERTED for AMD | at 2026-05-18 17:08:00
DATA INSERTED for AMD | at 2026-05-18 17:08:00
2026-05-18 17:08:45 - [Worker-HPQ] [HPQ] Saved: O:20.8 H:20.79 L:20.79 C:20.79 (4 pts)
2026-05-18 17:08:45 - [DB-Writer] DATA INSERTED for HPQ | at 2026-05-18 17:08:00
DATA INSERTED for HPQ | at 2026-05-18 17:08:00
2026-05-18 17:08:47 - [Worker-NVDA] [NVDA] Saved: O:222.26 H:222.07 L:222.01 C:222.01 (4 pts)
2026-05-18 17:08:47 - [DB-Writer] DATA INSERTED for NVDA | at 2026-05-18 17:08:00
DATA INSERTED for NVDA | at 2026-05-18 17:08:00
2026-05-18 17:08:48 - [Worker-META] [META] Saved: O:610.56 H:610.71 L:610.56 C:610.84 (4 pts)
2026-05-18 17:08:48 - [DB-Writer] DATA INSERTED for META | at 2026-05-18 17:08:00
DATA INSERTED for META | at 2026-05-18 17:08:00
2026-05-18 17:08:49 - [Worker-TSLA] [TSLA] Saved: O:411.47 H:411.37 L:411.25 C:411.25 (4 pts)
2026-05-18 17:08:49 - [DB-Writer] DATA INSERTED for TSLA | at 2026-05-18 17:08:00
DATA INSERTED for TSLA | at 2026-05-18 17:08:00
2026-05-18 17:08:49 - [Worker-GOOG] [GOOG] Saved: O:398.49 H:398.51 L:398.49 C:398.51 (4 pts)
2026-05-18 17:08:49 - [DB-Writer] DATA INSERTED for GOOG | at 2026-05-18 17:08:00
DATA INSERTED for GOOG | at 2026-05-18 17:08:00
2026-05-18 17:08:50 - [Worker-MSFT] [MSFT] Saved: O:421.69 H:421.75 L:421.7 C:421.8 (4 pts)
2026-05-18 17:08:50 - [DB-Writer] DATA INSERTED for MSFT | at 2026-05-18 17:08:00
DATA INSERTED for MSFT | at 2026-05-18 17:08:00
2026-05-18 17:08:50 - [Worker-AAPL] [AAPL] Saved: O:295.77 H:295.76 L:295.75 C:295.76 (4 pts)
2026-05-18 17:08:50 - [DB-Writer] DATA INSERTED for AAPL | at 2026-05-18 17:08:00
DATA INSERTED for AAPL | at 2026-05-18 17:08:00
2026-05-18 17:08:50 - [Worker-ARM] [ARM] Saved: O:210.26 H:210.26 L:210.25 C:209.91 (4 pts)
2026-05-18 17:08:50 - [DB-Writer] DATA INSERTED for ARM | at 2026-05-18 17:08:00
DATA INSERTED for ARM | at 2026-05-18 17:08:00
2026-05-18 17:08:52 - [Worker-AMZN] [AMZN] Saved: O:265.08 H:265.08 L:265.04 C:264.97 (4 pts)
2026-05-18 17:08:52 - [DB-Writer] DATA INSERTED for AMZN | at 2026-05-18 17:08:00
DATA INSERTED for AMZN | at 2026-05-18 17:08:00
2026-05-18 17:09:44 - [Worker-ARM] [ARM] Saved: O:209.9 H:237.3 L:209.98 C:237.3 (4 pts)
2026-05-18 17:09:44 - [DB-Writer] DATA INSERTED for ARM | at 2026-05-18 17:09:00
DATA INSERTED for ARM | at 2026-05-18 17:09:00
2026-05-18 17:09:44 - [Worker-HPQ] [HPQ] Saved: O:20.78 H:20.78 L:20.76 C:20.76 (4 pts)
2026-05-18 17:09:44 - [DB-Writer] DATA INSERTED for HPQ | at 2026-05-18 17:09:00
DATA INSERTED for HPQ | at 2026-05-18 17:09:00
2026-05-18 17:09:44 - [Worker-AMD] [AMD] Saved: O:418.52 H:424.1 L:418.55 C:424.1 (4 pts)
2026-05-18 17:09:44 - [DB-Writer] DATA INSERTED for AMD | at 2026-05-18 17:09:00
DATA INSERTED for AMD | at 2026-05-18 17:09:00
2026-05-18 17:09:45 - [Worker-AMZN] [AMZN] Saved: O:265.03 H:265.02 L:264.14 C:264.14 (4 pts)
2026-05-18 17:09:45 - [DB-Writer] DATA INSERTED for AMZN | at 2026-05-18 17:09:00
DATA INSERTED for AMZN | at 2026-05-18 17:09:00
2026-05-18 17:09:45 - [Worker-META] [META] Saved: O:610.67 H:614.23 L:610.67 C:614.23 (4 pts)
2026-05-18 17:09:45 - [DB-Writer] DATA INSERTED for META | at 2026-05-18 17:09:00
DATA INSERTED for META | at 2026-05-18 17:09:00
2026-05-18 17:09:46 - [Worker-AAPL] [AAPL] Saved: O:295.71 H:295.75 L:295.75 C:295.75 (4 pts)
2026-05-18 17:09:46 - [DB-Writer] DATA INSERTED for AAPL | at 2026-05-18 17:09:00
DATA INSERTED for AAPL | at 2026-05-18 17:09:00
2026-05-18 17:09:48 - [Worker-MSFT] [MSFT] Saved: O:421.54 H:421.42 L:420.42 C:420.42 (4 pts)
2026-05-18 17:09:48 - [DB-Writer] DATA INSERTED for MSFT | at 2026-05-18 17:09:00
DATA INSERTED for MSFT | at 2026-05-18 17:09:00
2026-05-18 17:09:49 - [Worker-TSLA] [TSLA] Saved: O:411.07 H:410.97 L:410.47 C:410.47 (4 pts)
2026-05-18 17:09:49 - [DB-Writer] DATA INSERTED for TSLA | at 2026-05-18 17:09:00
DATA INSERTED for TSLA | at 2026-05-18 17:09:00
2026-05-18 17:09:51 - [Worker-GOOG] [GOOG] Saved: O:398.46 H:398.36 L:393.94 C:393.94 (4 pts)
2026-05-18 17:09:51 - [DB-Writer] DATA INSERTED for GOOG | at 2026-05-18 17:09:00
DATA INSERTED for GOOG | at 2026-05-18 17:09:00
2026-05-18 17:09:52 - [Worker-NVDA] [NVDA] Saved: O:221.85 H:225.32 L:221.89 C:225.32 (4 pts)
2026-05-18 17:09:52 - [DB-Writer] DATA INSERTED for NVDA | at 2026-05-18 17:09:00
DATA INSERTED for NVDA | at 2026-05-18 17:09:00
2026-05-18 17:10:43 - [Worker-META] [META] Saved: O:614.23 H:614.23 L:614.23 C:614.23 (4 pts)
2026-05-18 17:10:43 - [DB-Writer] DATA INSERTED for META | at 2026-05-18 17:10:00
DATA INSERTED for META | at 2026-05-18 17:10:00
2026-05-18 17:10:46 - [Worker-HPQ] [HPQ] Saved: O:20.76 H:20.76 L:20.76 C:20.76 (4 pts)
2026-05-18 17:10:46 - [DB-Writer] DATA INSERTED for HPQ | at 2026-05-18 17:10:00
DATA INSERTED for HPQ | at 2026-05-18 17:10:00
2026-05-18 17:10:49 - [Worker-AMZN] [AMZN] Saved: O:264.14 H:264.14 L:264.14 C:264.14 (4 pts)
2026-05-18 17:10:49 - [DB-Writer] DATA INSERTED for AMZN | at 2026-05-18 17:10:00
DATA INSERTED for AMZN | at 2026-05-18 17:10:00
2026-05-18 17:10:49 - [Worker-NVDA] [NVDA] Saved: O:225.32 H:225.32 L:225.32 C:225.32 (4 pts)
2026-05-18 17:10:49 - [DB-Writer] DATA INSERTED for NVDA | at 2026-05-18 17:10:00
DATA INSERTED for NVDA | at 2026-05-18 17:10:00
2026-05-18 17:10:50 - [Worker-AMD] [AMD] Saved: O:424.1 H:424.1 L:424.1 C:424.1 (4 pts)
2026-05-18 17:10:50 - [DB-Writer] DATA INSERTED for AMD | at 2026-05-18 17:10:00
DATA INSERTED for AMD | at 2026-05-18 17:10:00
2026-05-18 17:10:50 - [Worker-GOOG] [GOOG] Saved: O:393.94 H:393.94 L:393.94 C:393.94 (4 pts)
2026-05-18 17:10:50 - [DB-Writer] DATA INSERTED for GOOG | at 2026-05-18 17:10:00
DATA INSERTED for GOOG | at 2026-05-18 17:10:00
2026-05-18 17:10:51 - [Worker-MSFT] [MSFT] Saved: O:420.42 H:420.42 L:420.42 C:420.42 (4 pts)
2026-05-18 17:10:51 - [DB-Writer] DATA INSERTED for MSFT | at 2026-05-18 17:10:00
DATA INSERTED for MSFT | at 2026-05-18 17:10:00
2026-05-18 17:10:51 - [Worker-TSLA] [TSLA] Saved: O:410.47 H:410.47 L:410.47 C:410.47 (4 pts)
2026-05-18 17:10:51 - [DB-Writer] DATA INSERTED for TSLA | at 2026-05-18 17:10:00
DATA INSERTED for TSLA | at 2026-05-18 17:10:00
2026-05-18 17:10:52 - [Worker-ARM] [ARM] Saved: O:237.3 H:237.3 L:237.3 C:237.3 (4 pts)
2026-05-18 17:10:52 - [DB-Writer] DATA INSERTED for ARM | at 2026-05-18 17:10:00
DATA INSERTED for ARM | at 2026-05-18 17:10:00
2026-05-18 17:10:52 - [Worker-AAPL] [AAPL] Saved: O:295.75 H:295.75 L:295.75 C:295.75 (4 pts)
2026-05-18 17:10:52 - [DB-Writer] DATA INSERTED for AAPL | at 2026-05-18 17:10:00
DATA INSERTED for AAPL | at 2026-05-18 17:10:00
2026-05-18 17:11:44 - [Worker-GOOG] [GOOG] Saved: O:393.94 H:393.94 L:393.94 C:393.94 (4 pts)
2026-05-18 17:11:44 - [DB-Writer] DATA INSERTED for GOOG | at 2026-05-18 17:11:00
DATA INSERTED for GOOG | at 2026-05-18 17:11:00
2026-05-18 17:11:44 - [Worker-ARM] [ARM] Saved: O:237.3 H:237.3 L:237.3 C:237.3 (4 pts)
2026-05-18 17:11:44 - [DB-Writer] DATA INSERTED for ARM | at 2026-05-18 17:11:00
DATA INSERTED for ARM | at 2026-05-18 17:11:00
2026-05-18 17:11:45 - [Worker-AAPL] [AAPL] Saved: O:295.75 H:295.75 L:295.75 C:295.77 (4 pts)
2026-05-18 17:11:45 - [DB-Writer] DATA INSERTED for AAPL | at 2026-05-18 17:11:00
DATA INSERTED for AAPL | at 2026-05-18 17:11:00
2026-05-18 17:11:45 - [Worker-AMZN] [AMZN] Saved: O:264.14 H:264.14 L:264.14 C:264.14 (4 pts)
2026-05-18 17:11:45 - [DB-Writer] DATA INSERTED for AMZN | at 2026-05-18 17:11:00
DATA INSERTED for AMZN | at 2026-05-18 17:11:00
2026-05-18 17:11:46 - [Worker-TSLA] [TSLA] Saved: O:410.47 H:410.47 L:410.47 C:410.47 (4 pts)
2026-05-18 17:11:46 - [DB-Writer] DATA INSERTED for TSLA | at 2026-05-18 17:11:00
DATA INSERTED for TSLA | at 2026-05-18 17:11:00
2026-05-18 17:11:48 - [Worker-HPQ] [HPQ] Saved: O:20.76 H:20.76 L:20.76 C:20.76 (4 pts)
2026-05-18 17:11:48 - [DB-Writer] DATA INSERTED for HPQ | at 2026-05-18 17:11:00
DATA INSERTED for HPQ | at 2026-05-18 17:11:00
2026-05-18 17:11:49 - [Worker-NVDA] [NVDA] Saved: O:225.32 H:225.32 L:225.32 C:225.32 (4 pts)
2026-05-18 17:11:49 - [DB-Writer] DATA INSERTED for NVDA | at 2026-05-18 17:11:00
DATA INSERTED for NVDA | at 2026-05-18 17:11:00
2026-05-18 17:11:49 - [Worker-AMD] [AMD] Saved: O:424.1 H:424.1 L:424.1 C:424.1 (4 pts)
2026-05-18 17:11:49 - [DB-Writer] DATA INSERTED for AMD | at 2026-05-18 17:11:00
DATA INSERTED for AMD | at 2026-05-18 17:11:00
2026-05-18 17:11:50 - [Worker-META] [META] Saved: O:614.23 H:614.23 L:614.23 C:614.23 (4 pts)
2026-05-18 17:11:50 - [DB-Writer] DATA INSERTED for META | at 2026-05-18 17:11:00
DATA INSERTED for META | at 2026-05-18 17:11:00
2026-05-18 17:11:52 - [Worker-MSFT] [MSFT] Saved: O:420.42 H:420.42 L:420.42 C:420.42 (4 pts)
2026-05-18 17:11:52 - [DB-Writer] DATA INSERTED for MSFT | at 2026-05-18 17:11:00
DATA INSERTED for MSFT | at 2026-05-18 17:11:00
2026-05-18 17:12:44 - [Worker-AAPL] [AAPL] Saved: O:295.77 H:295.77 L:295.77 C:295.77 (4 pts)
2026-05-18 17:12:44 - [DB-Writer] DATA INSERTED for AAPL | at 2026-05-18 17:12:00
DATA INSERTED for AAPL | at 2026-05-18 17:12:00
2026-05-18 17:12:45 - [Worker-META] [META] Saved: O:614.23 H:614.23 L:614.23 C:614.23 (4 pts)
2026-05-18 17:12:45 - [DB-Writer] DATA INSERTED for META | at 2026-05-18 17:12:00
DATA INSERTED for META | at 2026-05-18 17:12:00
2026-05-18 17:12:45 - [Worker-AMZN] [AMZN] Exception during fetch_price: Failed to perform, curl: (28) Operation timed out after 12002 milliseconds with 0 bytes received. See https://curl.se/libcurl/c/libcurl-errors.html first for more details.
2026-05-18 17:12:45 - [Worker-TSLA] [TSLA] Saved: O:410.47 H:410.47 L:410.47 C:410.47 (4 pts)
2026-05-18 17:12:45 - [DB-Writer] DATA INSERTED for TSLA | at 2026-05-18 17:12:00
DATA INSERTED for TSLA | at 2026-05-18 17:12:00
2026-05-18 17:12:45 - [Worker-GOOG] [GOOG] Saved: O:393.94 H:393.94 L:393.94 C:393.94 (4 pts)
2026-05-18 17:12:45 - [DB-Writer] DATA INSERTED for GOOG | at 2026-05-18 17:12:00
DATA INSERTED for GOOG | at 2026-05-18 17:12:00
2026-05-18 17:12:45 - [Worker-MSFT] [MSFT] Saved: O:420.42 H:420.42 L:420.42 C:420.42 (4 pts)
2026-05-18 17:12:45 - [DB-Writer] DATA INSERTED for MSFT | at 2026-05-18 17:12:00
DATA INSERTED for MSFT | at 2026-05-18 17:12:00
2026-05-18 17:12:45 - [Worker-AMD] [AMD] Saved: O:424.1 H:424.1 L:424.1 C:424.1 (4 pts)
2026-05-18 17:12:45 - [DB-Writer] DATA INSERTED for AMD | at 2026-05-18 17:12:00
DATA INSERTED for AMD | at 2026-05-18 17:12:00
2026-05-18 17:12:47 - [Worker-HPQ] [HPQ] Saved: O:20.76 H:20.76 L:20.76 C:20.76 (4 pts)
2026-05-18 17:12:47 - [DB-Writer] DATA INSERTED for HPQ | at 2026-05-18 17:12:00
DATA INSERTED for HPQ | at 2026-05-18 17:12:00
2026-05-18 17:12:49 - [Worker-NVDA] [NVDA] Saved: O:225.32 H:225.32 L:225.32 C:225.32 (4 pts)
2026-05-18 17:12:49 - [DB-Writer] DATA INSERTED for NVDA | at 2026-05-18 17:12:00
DATA INSERTED for NVDA | at 2026-05-18 17:12:00
2026-05-18 17:12:52 - [Worker-ARM] [ARM] Saved: O:237.3 H:237.3 L:237.3 C:237.3 (4 pts)
2026-05-18 17:12:52 - [DB-Writer] DATA INSERTED for ARM | at 2026-05-18 17:12:00
DATA INSERTED for ARM | at 2026-05-18 17:12:00
2026-05-18 17:12:52 - [Worker-AMZN] [AMZN] Saved: O:264.14 H:264.14 L:264.14 C:264.14 (3 pts)
2026-05-18 17:12:52 - [DB-Writer] DATA INSERTED for AMZN | at 2026-05-18 17:12:00
DATA INSERTED for AMZN | at 2026-05-18 17:12:00
2026-05-18 17:13:44 - [Worker-MSFT] [MSFT] Saved: O:420.42 H:420.42 L:420.42 C:420.42 (4 pts)
2026-05-18 17:13:44 - [DB-Writer] DATA INSERTED for MSFT | at 2026-05-18 17:13:00
DATA INSERTED for MSFT | at 2026-05-18 17:13:00
2026-05-18 17:13:44 - [Worker-AMD] [AMD] Saved: O:424.1 H:424.1 L:424.1 C:424.1 (4 pts)
2026-05-18 17:13:44 - [DB-Writer] DATA INSERTED for AMD | at 2026-05-18 17:13:00
DATA INSERTED for AMD | at 2026-05-18 17:13:00
2026-05-18 17:13:44 - [Worker-NVDA] [NVDA] Saved: O:225.32 H:225.32 L:225.32 C:225.32 (4 pts)
2026-05-18 17:13:44 - [DB-Writer] DATA INSERTED for NVDA | at 2026-05-18 17:13:00
DATA INSERTED for NVDA | at 2026-05-18 17:13:00
2026-05-18 17:13:45 - [Worker-ARM] [ARM] Saved: O:237.3 H:237.3 L:237.3 C:237.3 (4 pts)
2026-05-18 17:13:45 - [DB-Writer] DATA INSERTED for ARM | at 2026-05-18 17:13:00
DATA INSERTED for ARM | at 2026-05-18 17:13:00
2026-05-18 17:13:45 - [Worker-META] [META] Saved: O:614.23 H:614.23 L:614.23 C:614.23 (4 pts)
2026-05-18 17:13:45 - [DB-Writer] DATA INSERTED for META | at 2026-05-18 17:13:00
DATA INSERTED for META | at 2026-05-18 17:13:00
2026-05-18 17:13:46 - [Worker-HPQ] [HPQ] Saved: O:20.76 H:20.76 L:20.76 C:20.76 (4 pts)
2026-05-18 17:13:46 - [DB-Writer] DATA INSERTED for HPQ | at 2026-05-18 17:13:00
DATA INSERTED for HPQ | at 2026-05-18 17:13:00
2026-05-18 17:13:46 - [Worker-AAPL] [AAPL] Saved: O:295.77 H:295.77 L:295.77 C:295.77 (4 pts)
2026-05-18 17:13:46 - [DB-Writer] DATA INSERTED for AAPL | at 2026-05-18 17:13:00
DATA INSERTED for AAPL | at 2026-05-18 17:13:00
2026-05-18 17:13:50 - [Worker-GOOG] [GOOG] Saved: O:393.94 H:393.94 L:393.94 C:393.94 (4 pts)
2026-05-18 17:13:50 - [DB-Writer] DATA INSERTED for GOOG | at 2026-05-18 17:13:00
DATA INSERTED for GOOG | at 2026-05-18 17:13:00
2026-05-18 17:13:50 - [Worker-AMZN] [AMZN] Saved: O:264.14 H:264.14 L:264.14 C:264.14 (4 pts)
2026-05-18 17:13:50 - [DB-Writer] DATA INSERTED for AMZN | at 2026-05-18 17:13:00
DATA INSERTED for AMZN | at 2026-05-18 17:13:00
2026-05-18 17:13:51 - [Worker-TSLA] [TSLA] Saved: O:411.34 H:411.34 L:411.34 C:411.34 (4 pts)
2026-05-18 17:13:51 - [DB-Writer] DATA INSERTED for TSLA | at 2026-05-18 17:13:00
DATA INSERTED for TSLA | at 2026-05-18 17:13:00
2026-05-18 17:14:45 - [Worker-META] [META] Saved: O:614.23 H:614.23 L:614.23 C:614.23 (4 pts)
2026-05-18 17:14:45 - [DB-Writer] DATA INSERTED for META | at 2026-05-18 17:14:00
DATA INSERTED for META | at 2026-05-18 17:14:00
2026-05-18 17:14:46 - [Worker-AMD] [AMD] Saved: O:424.1 H:424.1 L:424.1 C:424.1 (4 pts)
2026-05-18 17:14:46 - [DB-Writer] DATA INSERTED for AMD | at 2026-05-18 17:14:00
DATA INSERTED for AMD | at 2026-05-18 17:14:00
2026-05-18 17:14:46 - [Worker-NVDA] [NVDA] Saved: O:225.32 H:225.32 L:225.32 C:225.32 (4 pts)
2026-05-18 17:14:46 - [DB-Writer] DATA INSERTED for NVDA | at 2026-05-18 17:14:00
DATA INSERTED for NVDA | at 2026-05-18 17:14:00
2026-05-18 17:14:47 - [Worker-AMZN] [AMZN] Saved: O:264.14 H:264.14 L:264.14 C:264.14 (4 pts)
2026-05-18 17:14:47 - [DB-Writer] DATA INSERTED for AMZN | at 2026-05-18 17:14:00
DATA INSERTED for AMZN | at 2026-05-18 17:14:00
2026-05-18 17:14:48 - [Worker-ARM] [ARM] Saved: O:237.3 H:237.3 L:237.3 C:237.3 (4 pts)
2026-05-18 17:14:48 - [DB-Writer] DATA INSERTED for ARM | at 2026-05-18 17:14:00
DATA INSERTED for ARM | at 2026-05-18 17:14:00
2026-05-18 17:14:48 - [Worker-GOOG] [GOOG] Saved: O:393.94 H:393.94 L:393.94 C:393.94 (4 pts)
2026-05-18 17:14:48 - [DB-Writer] DATA INSERTED for GOOG | at 2026-05-18 17:14:00
DATA INSERTED for GOOG | at 2026-05-18 17:14:00
2026-05-18 17:14:51 - [Worker-TSLA] [TSLA] Saved: O:411.34 H:411.34 L:411.34 C:411.34 (4 pts)
2026-05-18 17:14:51 - [DB-Writer] DATA INSERTED for TSLA | at 2026-05-18 17:14:00
DATA INSERTED for TSLA | at 2026-05-18 17:14:00
2026-05-18 17:14:51 - [Worker-AAPL] [AAPL] Saved: O:295.77 H:295.77 L:295.77 C:295.77 (4 pts)
2026-05-18 17:14:51 - [DB-Writer] DATA INSERTED for AAPL | at 2026-05-18 17:14:00
DATA INSERTED for AAPL | at 2026-05-18 17:14:00
2026-05-18 17:14:52 - [Worker-MSFT] [MSFT] Saved: O:420.42 H:421.7 L:421.7 C:421.7 (4 pts)
2026-05-18 17:14:52 - [DB-Writer] DATA INSERTED for MSFT | at 2026-05-18 17:14:00
DATA INSERTED for MSFT | at 2026-05-18 17:14:00
2026-05-18 17:14:53 - [Worker-HPQ] [HPQ] Saved: O:20.76 H:20.76 L:20.76 C:20.76 (4 pts)
2026-05-18 17:14:53 - [DB-Writer] DATA INSERTED for HPQ | at 2026-05-18 17:14:00
DATA INSERTED for HPQ | at 2026-05-18 17:14:00
2026-05-18 17:15:43 - [Worker-AMZN] [AMZN] Saved: O:264.14 H:264.14 L:264.14 C:264.14 (4 pts)
2026-05-18 17:15:43 - [DB-Writer] DATA INSERTED for AMZN | at 2026-05-18 17:15:00
DATA INSERTED for AMZN | at 2026-05-18 17:15:00
2026-05-18 17:15:46 - [Worker-NVDA] [NVDA] Saved: O:225.32 H:225.32 L:225.32 C:225.32 (4 pts)
2026-05-18 17:15:46 - [DB-Writer] DATA INSERTED for NVDA | at 2026-05-18 17:15:00
DATA INSERTED for NVDA | at 2026-05-18 17:15:00
2026-05-18 17:15:47 - [Worker-META] [META] Saved: O:614.23 H:614.23 L:614.23 C:614.23 (4 pts)
2026-05-18 17:15:47 - [DB-Writer] DATA INSERTED for META | at 2026-05-18 17:15:00
DATA INSERTED for META | at 2026-05-18 17:15:00
2026-05-18 17:15:47 - [Worker-HPQ] [HPQ] Saved: O:20.76 H:20.76 L:20.76 C:20.76 (4 pts)
2026-05-18 17:15:47 - [DB-Writer] DATA INSERTED for HPQ | at 2026-05-18 17:15:00
DATA INSERTED for HPQ | at 2026-05-18 17:15:00
2026-05-18 17:15:48 - [Worker-AMD] [AMD] Saved: O:424.1 H:424.1 L:424.1 C:424.1 (4 pts)
2026-05-18 17:15:48 - [DB-Writer] DATA INSERTED for AMD | at 2026-05-18 17:15:00
DATA INSERTED for AMD | at 2026-05-18 17:15:00
2026-05-18 17:15:48 - [Worker-TSLA] [TSLA] Saved: O:411.34 H:411.34 L:411.34 C:411.34 (4 pts)
2026-05-18 17:15:48 - [DB-Writer] DATA INSERTED for TSLA | at 2026-05-18 17:15:00
DATA INSERTED for TSLA | at 2026-05-18 17:15:00
2026-05-18 17:15:50 - [Worker-MSFT] [MSFT] Saved: O:421.7 H:421.7 L:421.7 C:421.7 (4 pts)
2026-05-18 17:15:50 - [DB-Writer] DATA INSERTED for MSFT | at 2026-05-18 17:15:00
DATA INSERTED for MSFT | at 2026-05-18 17:15:00
2026-05-18 17:15:50 - [Worker-ARM] [ARM] Saved: O:237.3 H:237.3 L:237.3 C:237.3 (4 pts)
2026-05-18 17:15:50 - [DB-Writer] DATA INSERTED for ARM | at 2026-05-18 17:15:00
DATA INSERTED for ARM | at 2026-05-18 17:15:00
2026-05-18 17:15:51 - [Worker-AAPL] [AAPL] Saved: O:295.77 H:295.77 L:295.77 C:295.77 (4 pts)
2026-05-18 17:15:51 - [DB-Writer] DATA INSERTED for AAPL | at 2026-05-18 17:15:00
DATA INSERTED for AAPL | at 2026-05-18 17:15:00
2026-05-18 17:15:52 - [Worker-GOOG] [GOOG] Saved: O:393.94 H:393.94 L:393.94 C:393.94 (4 pts)
2026-05-18 17:15:52 - [DB-Writer] DATA INSERTED for GOOG | at 2026-05-18 17:15:00
DATA INSERTED for GOOG | at 2026-05-18 17:15:00
2026-05-18 17:16:44 - [Worker-HPQ] [HPQ] Saved: O:20.76 H:20.76 L:20.76 C:20.76 (4 pts)
2026-05-18 17:16:44 - [DB-Writer] DATA INSERTED for HPQ | at 2026-05-18 17:16:00
DATA INSERTED for HPQ | at 2026-05-18 17:16:00
2026-05-18 17:16:44 - [Worker-GOOG] [GOOG] Saved: O:393.94 H:393.94 L:393.94 C:393.94 (4 pts)
2026-05-18 17:16:44 - [DB-Writer] DATA INSERTED for GOOG | at 2026-05-18 17:16:00
DATA INSERTED for GOOG | at 2026-05-18 17:16:00
2026-05-18 17:16:45 - [Worker-NVDA] [NVDA] Saved: O:225.32 H:225.32 L:225.32 C:225.32 (4 pts)
2026-05-18 17:16:45 - [DB-Writer] DATA INSERTED for NVDA | at 2026-05-18 17:16:00
DATA INSERTED for NVDA | at 2026-05-18 17:16:00
2026-05-18 17:16:47 - [Worker-META] [META] Saved: O:614.23 H:614.23 L:614.23 C:614.23 (4 pts)
2026-05-18 17:16:47 - [DB-Writer] DATA INSERTED for META | at 2026-05-18 17:16:00
DATA INSERTED for META | at 2026-05-18 17:16:00
2026-05-18 17:16:47 - [Worker-AAPL] [AAPL] Saved: O:295.77 H:295.77 L:295.77 C:295.77 (4 pts)
2026-05-18 17:16:47 - [DB-Writer] DATA INSERTED for AAPL | at 2026-05-18 17:16:00
DATA INSERTED for AAPL | at 2026-05-18 17:16:00
2026-05-18 17:16:48 - [Worker-MSFT] [MSFT] Saved: O:421.7 H:421.7 L:421.7 C:421.7 (4 pts)
2026-05-18 17:16:48 - [DB-Writer] DATA INSERTED for MSFT | at 2026-05-18 17:16:00
DATA INSERTED for MSFT | at 2026-05-18 17:16:00
2026-05-18 17:16:49 - [Worker-TSLA] [TSLA] Saved: O:411.34 H:411.34 L:411.34 C:411.34 (4 pts)
2026-05-18 17:16:49 - [DB-Writer] DATA INSERTED for TSLA | at 2026-05-18 17:16:00
DATA INSERTED for TSLA | at 2026-05-18 17:16:00
2026-05-18 17:16:50 - [Worker-AMD] [AMD] Saved: O:424.1 H:424.1 L:424.1 C:424.1 (4 pts)
2026-05-18 17:16:50 - [DB-Writer] DATA INSERTED for AMD | at 2026-05-18 17:16:00
DATA INSERTED for AMD | at 2026-05-18 17:16:00
2026-05-18 17:16:50 - [Worker-AMZN] [AMZN] Saved: O:264.14 H:264.14 L:264.14 C:264.14 (4 pts)
2026-05-18 17:16:50 - [DB-Writer] DATA INSERTED for AMZN | at 2026-05-18 17:16:00
DATA INSERTED for AMZN | at 2026-05-18 17:16:00
2026-05-18 17:16:50 - [Worker-ARM] [ARM] Saved: O:237.3 H:237.3 L:237.3 C:237.3 (4 pts)
2026-05-18 17:16:50 - [DB-Writer] DATA INSERTED for ARM | at 2026-05-18 17:16:00
DATA INSERTED for ARM | at 2026-05-18 17:16:00
2026-05-18 17:17:44 - [Worker-ARM] [ARM] Saved: O:237.3 H:237.3 L:237.3 C:237.3 (4 pts)
2026-05-18 17:17:44 - [DB-Writer] DATA INSERTED for ARM | at 2026-05-18 17:17:00
DATA INSERTED for ARM | at 2026-05-18 17:17:00
2026-05-18 17:17:46 - [Worker-AMZN] [AMZN] Saved: O:264.14 H:264.14 L:264.14 C:264.14 (4 pts)
2026-05-18 17:17:46 - [DB-Writer] DATA INSERTED for AMZN | at 2026-05-18 17:17:00
DATA INSERTED for AMZN | at 2026-05-18 17:17:00
2026-05-18 17:17:46 - [Worker-MSFT] [MSFT] Saved: O:421.7 H:421.7 L:421.7 C:421.7 (4 pts)
2026-05-18 17:17:46 - [DB-Writer] DATA INSERTED for MSFT | at 2026-05-18 17:17:00
DATA INSERTED for MSFT | at 2026-05-18 17:17:00
2026-05-18 17:17:48 - [Worker-META] [META] Saved: O:614.23 H:614.23 L:614.23 C:614.23 (4 pts)
2026-05-18 17:17:48 - [DB-Writer] DATA INSERTED for META | at 2026-05-18 17:17:00
DATA INSERTED for META | at 2026-05-18 17:17:00
2026-05-18 17:17:48 - [DB-Writer] DATA INSERTED for HPQ | at 2026-05-18 17:17:00
DATA INSERTED for HPQ | at 2026-05-18 17:17:00
2026-05-18 17:17:48 - [Worker-HPQ] [HPQ] Saved: O:20.76 H:20.76 L:20.76 C:20.76 (4 pts)
2026-05-18 17:17:48 - [Worker-GOOG] [GOOG] Saved: O:393.94 H:393.94 L:393.94 C:393.94 (4 pts)
2026-05-18 17:17:48 - [DB-Writer] DATA INSERTED for GOOG | at 2026-05-18 17:17:00
DATA INSERTED for GOOG | at 2026-05-18 17:17:00
2026-05-18 17:17:49 - [Worker-NVDA] [NVDA] Saved: O:225.32 H:225.32 L:225.32 C:225.32 (4 pts)
2026-05-18 17:17:49 - [DB-Writer] DATA INSERTED for NVDA | at 2026-05-18 17:17:00
DATA INSERTED for NVDA | at 2026-05-18 17:17:00
2026-05-18 17:17:50 - [Worker-AAPL] [AAPL] Saved: O:295.91 H:295.91 L:295.91 C:295.91 (4 pts)
2026-05-18 17:17:50 - [DB-Writer] DATA INSERTED for AAPL | at 2026-05-18 17:17:00
DATA INSERTED for AAPL | at 2026-05-18 17:17:00
2026-05-18 17:17:52 - [Worker-AMD] [AMD] Saved: O:424.1 H:424.1 L:424.1 C:424.1 (4 pts)
2026-05-18 17:17:52 - [DB-Writer] DATA INSERTED for AMD | at 2026-05-18 17:17:00
DATA INSERTED for AMD | at 2026-05-18 17:17:00
2026-05-18 17:17:57 - [Worker-TSLA] [TSLA] Saved: O:411.34 H:411.34 L:411.34 C:411.34 (4 pts)
2026-05-18 17:17:57 - [DB-Writer] DATA INSERTED for TSLA | at 2026-05-18 17:17:00
DATA INSERTED for TSLA | at 2026-05-18 17:17:00
2026-05-18 17:18:45 - [Worker-MSFT] [MSFT] Saved: O:421.7 H:421.7 L:421.7 C:421.7 (4 pts)
2026-05-18 17:18:45 - [DB-Writer] DATA INSERTED for MSFT | at 2026-05-18 17:18:00
DATA INSERTED for MSFT | at 2026-05-18 17:18:00
2026-05-18 17:18:45 - [Worker-AAPL] [AAPL] Saved: O:295.91 H:295.91 L:295.91 C:295.91 (4 pts)
2026-05-18 17:18:45 - [DB-Writer] DATA INSERTED for AAPL | at 2026-05-18 17:18:00
DATA INSERTED for AAPL | at 2026-05-18 17:18:00
2026-05-18 17:18:45 - [Worker-GOOG] [GOOG] Saved: O:393.94 H:393.94 L:393.94 C:393.94 (4 pts)
2026-05-18 17:18:45 - [DB-Writer] DATA INSERTED for GOOG | at 2026-05-18 17:18:00
DATA INSERTED for GOOG | at 2026-05-18 17:18:00
2026-05-18 17:18:48 - [Worker-TSLA] [TSLA] Saved: O:409.91 H:409.91 L:409.91 C:409.91 (4 pts)
2026-05-18 17:18:48 - [DB-Writer] DATA INSERTED for TSLA | at 2026-05-18 17:18:00
DATA INSERTED for TSLA | at 2026-05-18 17:18:00
2026-05-18 17:18:48 - [Worker-ARM] [ARM] Saved: O:237.3 H:237.3 L:237.3 C:237.3 (4 pts)
2026-05-18 17:18:48 - [DB-Writer] DATA INSERTED for ARM | at 2026-05-18 17:18:00
DATA INSERTED for ARM | at 2026-05-18 17:18:00
2026-05-18 17:18:49 - [Worker-NVDA] [NVDA] Saved: O:225.32 H:225.32 L:225.32 C:225.32 (4 pts)
2026-05-18 17:18:49 - [DB-Writer] DATA INSERTED for NVDA | at 2026-05-18 17:18:00
DATA INSERTED for NVDA | at 2026-05-18 17:18:00
2026-05-18 17:18:50 - [Worker-AMZN] [AMZN] Saved: O:264.14 H:264.14 L:264.14 C:264.14 (4 pts)
2026-05-18 17:18:50 - [DB-Writer] DATA INSERTED for AMZN | at 2026-05-18 17:18:00
DATA INSERTED for AMZN | at 2026-05-18 17:18:00
2026-05-18 17:18:51 - [Worker-META] [META] Saved: O:614.23 H:614.23 L:614.23 C:614.23 (4 pts)
2026-05-18 17:18:51 - [DB-Writer] DATA INSERTED for META | at 2026-05-18 17:18:00
DATA INSERTED for META | at 2026-05-18 17:18:00
2026-05-18 17:18:51 - [Worker-HPQ] [HPQ] Saved: O:20.76 H:20.76 L:20.76 C:20.76 (4 pts)
2026-05-18 17:18:51 - [DB-Writer] DATA INSERTED for HPQ | at 2026-05-18 17:18:00
DATA INSERTED for HPQ | at 2026-05-18 17:18:00
2026-05-18 17:18:52 - [Worker-AMD] [AMD] Saved: O:424.1 H:424.1 L:424.1 C:424.1 (4 pts)
2026-05-18 17:18:52 - [DB-Writer] DATA INSERTED for AMD | at 2026-05-18 17:18:00
DATA INSERTED for AMD | at 2026-05-18 17:18:00
2026-05-18 17:19:44 - [Worker-HPQ] [HPQ] Saved: O:20.76 H:20.76 L:20.76 C:20.76 (4 pts)
2026-05-18 17:19:44 - [DB-Writer] DATA INSERTED for HPQ | at 2026-05-18 17:19:00
DATA INSERTED for HPQ | at 2026-05-18 17:19:00
2026-05-18 17:19:44 - [Worker-TSLA] [TSLA] Saved: O:409.91 H:409.91 L:409.91 C:409.91 (4 pts)
2026-05-18 17:19:44 - [DB-Writer] DATA INSERTED for TSLA | at 2026-05-18 17:19:00
DATA INSERTED for TSLA | at 2026-05-18 17:19:00
2026-05-18 17:19:44 - [Worker-MSFT] [MSFT] Saved: O:421.7 H:421.97 L:421.7 C:421.97 (4 pts)
2026-05-18 17:19:44 - [DB-Writer] DATA INSERTED for MSFT | at 2026-05-18 17:19:00
DATA INSERTED for MSFT | at 2026-05-18 17:19:00
2026-05-18 17:19:45 - [Worker-GOOG] [GOOG] Saved: O:393.94 H:393.94 L:393.94 C:393.94 (4 pts)
2026-05-18 17:19:45 - [DB-Writer] DATA INSERTED for GOOG | at 2026-05-18 17:19:00
DATA INSERTED for GOOG | at 2026-05-18 17:19:00
2026-05-18 17:19:46 - [Worker-AAPL] [AAPL] Saved: O:295.91 H:295.91 L:295.91 C:295.91 (4 pts)
2026-05-18 17:19:46 - [DB-Writer] DATA INSERTED for AAPL | at 2026-05-18 17:19:00
DATA INSERTED for AAPL | at 2026-05-18 17:19:00
2026-05-18 17:19:47 - [Worker-AMD] [AMD] Saved: O:424.1 H:424.1 L:424.1 C:424.1 (4 pts)
2026-05-18 17:19:47 - [DB-Writer] DATA INSERTED for AMD | at 2026-05-18 17:19:00
DATA INSERTED for AMD | at 2026-05-18 17:19:00
2026-05-18 17:19:47 - [Worker-META] [META] Saved: O:614.23 H:614.23 L:614.23 C:614.23 (4 pts)
2026-05-18 17:19:47 - [DB-Writer] DATA INSERTED for META | at 2026-05-18 17:19:00
DATA INSERTED for META | at 2026-05-18 17:19:00
2026-05-18 17:19:49 - [Worker-AMZN] [AMZN] Saved: O:264.14 H:264.14 L:264.14 C:264.14 (4 pts)
2026-05-18 17:19:49 - [DB-Writer] DATA INSERTED for AMZN | at 2026-05-18 17:19:00
DATA INSERTED for AMZN | at 2026-05-18 17:19:00
2026-05-18 17:19:50 - [Worker-ARM] [ARM] Saved: O:237.3 H:237.3 L:237.3 C:237.3 (4 pts)
2026-05-18 17:19:50 - [DB-Writer] DATA INSERTED for ARM | at 2026-05-18 17:19:00
DATA INSERTED for ARM | at 2026-05-18 17:19:00
2026-05-18 17:19:52 - [Worker-NVDA] [NVDA] Saved: O:225.32 H:225.32 L:225.32 C:225.32 (4 pts)
2026-05-18 17:19:52 - [DB-Writer] DATA INSERTED for NVDA | at 2026-05-18 17:19:00
DATA INSERTED for NVDA | at 2026-05-18 17:19:00
2026-05-18 17:20:45 - [Worker-AMZN] [AMZN] Saved: O:264.14 H:264.14 L:264.14 C:264.14 (4 pts)
2026-05-18 17:20:45 - [DB-Writer] DATA INSERTED for AMZN | at 2026-05-18 17:20:00
DATA INSERTED for AMZN | at 2026-05-18 17:20:00
2026-05-18 17:20:46 - [Worker-MSFT] [MSFT] Saved: O:421.97 H:421.97 L:421.97 C:421.97 (4 pts)
2026-05-18 17:20:46 - [DB-Writer] DATA INSERTED for MSFT | at 2026-05-18 17:20:00
DATA INSERTED for MSFT | at 2026-05-18 17:20:00
2026-05-18 17:20:47 - [Worker-GOOG] [GOOG] Saved: O:393.94 H:393.94 L:393.94 C:393.94 (4 pts)
2026-05-18 17:20:47 - [DB-Writer] DATA INSERTED for GOOG | at 2026-05-18 17:20:00
DATA INSERTED for GOOG | at 2026-05-18 17:20:00
2026-05-18 17:20:47 - [Worker-AAPL] [AAPL] Saved: O:295.91 H:295.91 L:295.91 C:295.91 (4 pts)
2026-05-18 17:20:47 - [DB-Writer] DATA INSERTED for AAPL | at 2026-05-18 17:20:00
DATA INSERTED for AAPL | at 2026-05-18 17:20:00
2026-05-18 17:20:48 - [Worker-NVDA] [NVDA] Saved: O:225.32 H:225.32 L:225.32 C:225.32 (4 pts)
2026-05-18 17:20:48 - [DB-Writer] DATA INSERTED for NVDA | at 2026-05-18 17:20:00
DATA INSERTED for NVDA | at 2026-05-18 17:20:00
2026-05-18 17:20:49 - [Worker-AMD] [AMD] Saved: O:424.1 H:424.1 L:424.1 C:424.1 (4 pts)
2026-05-18 17:20:49 - [DB-Writer] DATA INSERTED for AMD | at 2026-05-18 17:20:00
DATA INSERTED for AMD | at 2026-05-18 17:20:00
2026-05-18 17:20:49 - [Worker-META] [META] Saved: O:614.23 H:614.23 L:614.23 C:614.23 (4 pts)
2026-05-18 17:20:49 - [DB-Writer] DATA INSERTED for META | at 2026-05-18 17:20:00
DATA INSERTED for META | at 2026-05-18 17:20:00
2026-05-18 17:20:49 - [Worker-HPQ] [HPQ] Saved: O:20.81 H:20.81 L:20.81 C:20.81 (4 pts)
2026-05-18 17:20:49 - [DB-Writer] DATA INSERTED for HPQ | at 2026-05-18 17:20:00
DATA INSERTED for HPQ | at 2026-05-18 17:20:00
2026-05-18 17:20:49 - [Worker-ARM] [ARM] Saved: O:237.3 H:237.3 L:237.3 C:237.3 (4 pts)
2026-05-18 17:20:49 - [DB-Writer] DATA INSERTED for ARM | at 2026-05-18 17:20:00
DATA INSERTED for ARM | at 2026-05-18 17:20:00
2026-05-18 17:20:51 - [Worker-TSLA] [TSLA] Saved: O:409.91 H:409.91 L:409.91 C:409.91 (4 pts)
2026-05-18 17:20:51 - [DB-Writer] DATA INSERTED for TSLA | at 2026-05-18 17:20:00
DATA INSERTED for TSLA | at 2026-05-18 17:20:00
2026-05-18 17:21:44 - [Worker-GOOG] [GOOG] Saved: O:393.94 H:393.94 L:393.94 C:393.94 (4 pts)
2026-05-18 17:21:44 - [DB-Writer] DATA INSERTED for GOOG | at 2026-05-18 17:21:00
DATA INSERTED for GOOG | at 2026-05-18 17:21:00
2026-05-18 17:21:46 - [Worker-HPQ] [HPQ] Saved: O:20.81 H:20.81 L:20.81 C:20.81 (4 pts)
2026-05-18 17:21:46 - [DB-Writer] DATA INSERTED for HPQ | at 2026-05-18 17:21:00
DATA INSERTED for HPQ | at 2026-05-18 17:21:00
2026-05-18 17:21:47 - [Worker-AAPL] [AAPL] Saved: O:295.91 H:295.91 L:295.91 C:295.91 (4 pts)
2026-05-18 17:21:47 - [DB-Writer] DATA INSERTED for AAPL | at 2026-05-18 17:21:00
DATA INSERTED for AAPL | at 2026-05-18 17:21:00
2026-05-18 17:21:47 - [Worker-AMD] [AMD] Exception during fetch_price: Failed to perform, curl: (28) Operation timed out after 12002 milliseconds with 0 bytes received. See https://curl.se/libcurl/c/libcurl-errors.html first for more details.
2026-05-18 17:21:48 - [Worker-ARM] [ARM] Saved: O:237.3 H:237.3 L:237.3 C:237.3 (4 pts)
2026-05-18 17:21:48 - [DB-Writer] DATA INSERTED for ARM | at 2026-05-18 17:21:00
DATA INSERTED for ARM | at 2026-05-18 17:21:00
2026-05-18 17:21:49 - [Worker-MSFT] [MSFT] Saved: O:421.97 H:421.97 L:421.97 C:421.97 (4 pts)
2026-05-18 17:21:49 - [DB-Writer] DATA INSERTED for MSFT | at 2026-05-18 17:21:00
DATA INSERTED for MSFT | at 2026-05-18 17:21:00
2026-05-18 17:21:50 - [Worker-META] [META] Saved: O:614.23 H:614.23 L:614.23 C:614.23 (4 pts)
2026-05-18 17:21:50 - [DB-Writer] DATA INSERTED for META | at 2026-05-18 17:21:00
DATA INSERTED for META | at 2026-05-18 17:21:00
2026-05-18 17:21:50 - [Worker-TSLA] [TSLA] Saved: O:409.91 H:409.91 L:409.91 C:409.91 (4 pts)
2026-05-18 17:21:50 - [DB-Writer] DATA INSERTED for TSLA | at 2026-05-18 17:21:00
DATA INSERTED for TSLA | at 2026-05-18 17:21:00
2026-05-18 17:21:51 - [Worker-AMD] [AMD] Saved: O:424.1 H:424.1 L:424.1 C:424.1 (3 pts)
2026-05-18 17:21:51 - [DB-Writer] DATA INSERTED for AMD | at 2026-05-18 17:21:00
DATA INSERTED for AMD | at 2026-05-18 17:21:00
2026-05-18 17:21:52 - [DB-Writer] DATA INSERTED for AMZN | at 2026-05-18 17:21:00
DATA INSERTED for AMZN | at 2026-05-18 17:21:00
2026-05-18 17:21:52 - [Worker-AMZN] [AMZN] Saved: O:264.14 H:264.14 L:264.14 C:264.14 (4 pts)
2026-05-18 17:21:52 - [Worker-NVDA] [NVDA] Saved: O:225.32 H:225.32 L:225.32 C:225.32 (4 pts)
2026-05-18 17:21:52 - [DB-Writer] DATA INSERTED for NVDA | at 2026-05-18 17:21:00
DATA INSERTED for NVDA | at 2026-05-18 17:21:00
2026-05-18 17:22:44 - [Worker-MSFT] [MSFT] Saved: O:421.97 H:421.97 L:421.97 C:421.97 (4 pts)
2026-05-18 17:22:44 - [DB-Writer] DATA INSERTED for MSFT | at 2026-05-18 17:22:00
DATA INSERTED for MSFT | at 2026-05-18 17:22:00
2026-05-18 17:22:45 - [Worker-GOOG] [GOOG] Saved: O:393.94 H:393.94 L:393.94 C:393.94 (4 pts)
2026-05-18 17:22:45 - [DB-Writer] DATA INSERTED for GOOG | at 2026-05-18 17:22:00
DATA INSERTED for GOOG | at 2026-05-18 17:22:00
2026-05-18 17:22:47 - [Worker-TSLA] [TSLA] Saved: O:409.91 H:409.91 L:409.91 C:409.91 (4 pts)
2026-05-18 17:22:47 - [DB-Writer] DATA INSERTED for TSLA | at 2026-05-18 17:22:00
DATA INSERTED for TSLA | at 2026-05-18 17:22:00
2026-05-18 17:22:48 - [Worker-AMZN] [AMZN] Saved: O:264.14 H:264.14 L:264.14 C:264.14 (4 pts)
2026-05-18 17:22:48 - [DB-Writer] DATA INSERTED for AMZN | at 2026-05-18 17:22:00
DATA INSERTED for AMZN | at 2026-05-18 17:22:00
2026-05-18 17:22:48 - [Worker-META] [META] Saved: O:614.23 H:614.23 L:614.23 C:614.23 (4 pts)
2026-05-18 17:22:48 - [DB-Writer] DATA INSERTED for META | at 2026-05-18 17:22:00
DATA INSERTED for META | at 2026-05-18 17:22:00
2026-05-18 17:22:50 - [Worker-HPQ] [HPQ] Saved: O:20.81 H:20.81 L:20.81 C:20.81 (4 pts)
2026-05-18 17:22:50 - [DB-Writer] DATA INSERTED for HPQ | at 2026-05-18 17:22:00
DATA INSERTED for HPQ | at 2026-05-18 17:22:00
2026-05-18 17:22:50 - [Worker-AAPL] [AAPL] Saved: O:295.91 H:295.91 L:295.91 C:295.91 (4 pts)
2026-05-18 17:22:50 - [DB-Writer] DATA INSERTED for AAPL | at 2026-05-18 17:22:00
DATA INSERTED for AAPL | at 2026-05-18 17:22:00
2026-05-18 17:22:51 - [Worker-AMD] [AMD] Saved: O:424.1 H:424.1 L:424.1 C:424.1 (4 pts)
2026-05-18 17:22:51 - [DB-Writer] DATA INSERTED for AMD | at 2026-05-18 17:22:00
DATA INSERTED for AMD | at 2026-05-18 17:22:00
2026-05-18 17:22:51 - [Worker-ARM] [ARM] Saved: O:237.3 H:237.3 L:237.3 C:237.3 (4 pts)
2026-05-18 17:22:51 - [DB-Writer] DATA INSERTED for ARM | at 2026-05-18 17:22:00
DATA INSERTED for ARM | at 2026-05-18 17:22:00
2026-05-18 17:22:55 - [Worker-NVDA] [NVDA] Saved: O:225.32 H:225.32 L:225.32 C:225.32 (4 pts)
2026-05-18 17:22:55 - [DB-Writer] DATA INSERTED for NVDA | at 2026-05-18 17:22:00
DATA INSERTED for NVDA | at 2026-05-18 17:22:00
2026-05-18 17:23:45 - [Worker-META] [META] Saved: O:614.23 H:614.23 L:614.23 C:614.23 (4 pts)
2026-05-18 17:23:45 - [DB-Writer] DATA INSERTED for META | at 2026-05-18 17:23:00
DATA INSERTED for META | at 2026-05-18 17:23:00
2026-05-18 17:23:46 - [Worker-NVDA] [NVDA] Saved: O:225.32 H:225.32 L:225.32 C:225.32 (4 pts)
2026-05-18 17:23:46 - [DB-Writer] DATA INSERTED for NVDA | at 2026-05-18 17:23:00
DATA INSERTED for NVDA | at 2026-05-18 17:23:00
2026-05-18 17:23:46 - [Worker-AAPL] [AAPL] Saved: O:295.91 H:295.91 L:295.91 C:295.91 (4 pts)
2026-05-18 17:23:46 - [DB-Writer] DATA INSERTED for AAPL | at 2026-05-18 17:23:00
DATA INSERTED for AAPL | at 2026-05-18 17:23:00
2026-05-18 17:23:47 - [Worker-ARM] [ARM] Saved: O:237.3 H:237.3 L:237.3 C:237.3 (4 pts)
2026-05-18 17:23:47 - [DB-Writer] DATA INSERTED for ARM | at 2026-05-18 17:23:00
DATA INSERTED for ARM | at 2026-05-18 17:23:00
2026-05-18 17:23:47 - [Worker-AMZN] [AMZN] Saved: O:264.14 H:264.14 L:264.14 C:264.14 (4 pts)
2026-05-18 17:23:47 - [DB-Writer] DATA INSERTED for AMZN | at 2026-05-18 17:23:00
DATA INSERTED for AMZN | at 2026-05-18 17:23:00
2026-05-18 17:23:47 - [Worker-AMD] [AMD] Saved: O:424.1 H:424.1 L:424.1 C:424.1 (4 pts)
2026-05-18 17:23:47 - [DB-Writer] DATA INSERTED for AMD | at 2026-05-18 17:23:00
DATA INSERTED for AMD | at 2026-05-18 17:23:00
2026-05-18 17:23:49 - [Worker-MSFT] [MSFT] Saved: O:421.97 H:421.97 L:421.97 C:421.97 (4 pts)
2026-05-18 17:23:49 - [DB-Writer] DATA INSERTED for MSFT | at 2026-05-18 17:23:00
DATA INSERTED for MSFT | at 2026-05-18 17:23:00
2026-05-18 17:23:50 - [Worker-HPQ] [HPQ] Saved: O:20.81 H:20.81 L:20.81 C:20.81 (4 pts)
2026-05-18 17:23:50 - [DB-Writer] DATA INSERTED for HPQ | at 2026-05-18 17:23:00
DATA INSERTED for HPQ | at 2026-05-18 17:23:00
2026-05-18 17:23:50 - [Worker-GOOG] [GOOG] Saved: O:393.94 H:393.94 L:393.94 C:393.94 (4 pts)
2026-05-18 17:23:50 - [DB-Writer] DATA INSERTED for GOOG | at 2026-05-18 17:23:00
DATA INSERTED for GOOG | at 2026-05-18 17:23:00
2026-05-18 17:23:51 - [Worker-TSLA] [TSLA] Saved: O:410.36 H:410.36 L:410.36 C:410.36 (4 pts)
2026-05-18 17:23:51 - [DB-Writer] DATA INSERTED for TSLA | at 2026-05-18 17:23:00
DATA INSERTED for TSLA | at 2026-05-18 17:23:00
2026-05-18 17:24:44 - [Worker-AMD] [AMD] Saved: O:424.1 H:424.1 L:424.1 C:424.1 (4 pts)
2026-05-18 17:24:44 - [DB-Writer] DATA INSERTED for AMD | at 2026-05-18 17:24:00
DATA INSERTED for AMD | at 2026-05-18 17:24:00
2026-05-18 17:24:45 - [Worker-TSLA] [TSLA] Saved: O:410.36 H:410.36 L:410.36 C:410.36 (4 pts)
2026-05-18 17:24:45 - [DB-Writer] DATA INSERTED for TSLA | at 2026-05-18 17:24:00
DATA INSERTED for TSLA | at 2026-05-18 17:24:00
2026-05-18 17:24:46 - [Worker-MSFT] [MSFT] Saved: O:421.97 H:421.97 L:421.97 C:421.97 (4 pts)
2026-05-18 17:24:46 - [DB-Writer] DATA INSERTED for MSFT | at 2026-05-18 17:24:00
DATA INSERTED for MSFT | at 2026-05-18 17:24:00
2026-05-18 17:24:46 - [Worker-NVDA] [NVDA] Saved: O:225.32 H:225.32 L:225.32 C:225.32 (4 pts)
2026-05-18 17:24:46 - [DB-Writer] DATA INSERTED for NVDA | at 2026-05-18 17:24:00
DATA INSERTED for NVDA | at 2026-05-18 17:24:00
2026-05-18 17:24:47 - [Worker-ARM] [ARM] Saved: O:237.3 H:237.3 L:237.3 C:237.3 (4 pts)
2026-05-18 17:24:47 - [DB-Writer] DATA INSERTED for ARM | at 2026-05-18 17:24:00
DATA INSERTED for ARM | at 2026-05-18 17:24:00
2026-05-18 17:24:48 - [Worker-META] [META] Saved: O:614.23 H:614.23 L:614.23 C:614.23 (4 pts)
2026-05-18 17:24:48 - [DB-Writer] DATA INSERTED for META | at 2026-05-18 17:24:00
DATA INSERTED for META | at 2026-05-18 17:24:00
2026-05-18 17:24:48 - [Worker-GOOG] [GOOG] Saved: O:393.94 H:393.94 L:393.94 C:393.94 (4 pts)
2026-05-18 17:24:48 - [DB-Writer] DATA INSERTED for GOOG | at 2026-05-18 17:24:00
DATA INSERTED for GOOG | at 2026-05-18 17:24:00
2026-05-18 17:24:49 - [Worker-AMZN] [AMZN] Saved: O:264.14 H:264.14 L:264.14 C:264.14 (4 pts)
2026-05-18 17:24:49 - [DB-Writer] DATA INSERTED for AMZN | at 2026-05-18 17:24:00
DATA INSERTED for AMZN | at 2026-05-18 17:24:00
2026-05-18 17:24:49 - [Worker-AAPL] [AAPL] Saved: O:295.91 H:295.91 L:295.91 C:295.91 (4 pts)
2026-05-18 17:24:49 - [DB-Writer] DATA INSERTED for AAPL | at 2026-05-18 17:24:00
DATA INSERTED for AAPL | at 2026-05-18 17:24:00
2026-05-18 17:24:52 - [Worker-HPQ] [HPQ] Saved: O:20.81 H:20.81 L:20.81 C:20.81 (4 pts)
2026-05-18 17:24:52 - [DB-Writer] DATA INSERTED for HPQ | at 2026-05-18 17:24:00
DATA INSERTED for HPQ | at 2026-05-18 17:24:00
2026-05-18 17:25:18 - [Worker-ARM] [ARM] Exception during fetch_price: Failed to perform, curl: (28) Operation timed out after 12002 milliseconds with 0 bytes received. See https://curl.se/libcurl/c/libcurl-errors.html first for more details.
2026-05-18 17:25:44 - [Worker-NVDA] [NVDA] Saved: O:225.32 H:225.32 L:225.32 C:225.32 (4 pts)
2026-05-18 17:25:44 - [DB-Writer] DATA INSERTED for NVDA | at 2026-05-18 17:25:00
DATA INSERTED for NVDA | at 2026-05-18 17:25:00
2026-05-18 17:25:44 - [Worker-ARM] [ARM] Saved: O:237.3 H:237.3 L:237.3 C:237.3 (3 pts)
2026-05-18 17:25:44 - [DB-Writer] DATA INSERTED for ARM | at 2026-05-18 17:25:00
DATA INSERTED for ARM | at 2026-05-18 17:25:00
2026-05-18 17:25:45 - [Worker-HPQ] [HPQ] Saved: O:20.81 H:20.81 L:20.81 C:20.81 (4 pts)
2026-05-18 17:25:45 - [DB-Writer] DATA INSERTED for HPQ | at 2026-05-18 17:25:00
DATA INSERTED for HPQ | at 2026-05-18 17:25:00
2026-05-18 17:25:45 - [Worker-MSFT] [MSFT] Saved: O:421.97 H:421.97 L:421.97 C:421.97 (4 pts)
2026-05-18 17:25:45 - [DB-Writer] DATA INSERTED for MSFT | at 2026-05-18 17:25:00
DATA INSERTED for MSFT | at 2026-05-18 17:25:00
2026-05-18 17:25:46 - [Worker-AMZN] [AMZN] Saved: O:264.14 H:264.14 L:264.14 C:264.14 (4 pts)
2026-05-18 17:25:46 - [DB-Writer] DATA INSERTED for AMZN | at 2026-05-18 17:25:00
DATA INSERTED for AMZN | at 2026-05-18 17:25:00
2026-05-18 17:25:48 - [Worker-AMD] [AMD] Saved: O:424.1 H:424.1 L:424.1 C:424.1 (4 pts)
2026-05-18 17:25:48 - [DB-Writer] DATA INSERTED for AMD | at 2026-05-18 17:25:00
DATA INSERTED for AMD | at 2026-05-18 17:25:00
2026-05-18 17:25:48 - [Worker-AAPL] [AAPL] Saved: O:295.91 H:295.91 L:295.91 C:295.91 (4 pts)
2026-05-18 17:25:48 - [DB-Writer] DATA INSERTED for AAPL | at 2026-05-18 17:25:00
DATA INSERTED for AAPL | at 2026-05-18 17:25:00
2026-05-18 17:25:49 - [Worker-GOOG] [GOOG] Saved: O:393.94 H:393.94 L:393.94 C:393.94 (4 pts)
2026-05-18 17:25:49 - [DB-Writer] DATA INSERTED for GOOG | at 2026-05-18 17:25:00
DATA INSERTED for GOOG | at 2026-05-18 17:25:00
2026-05-18 17:25:50 - [Worker-TSLA] [TSLA] Saved: O:410.36 H:410.36 L:410.36 C:410.36 (4 pts)
2026-05-18 17:25:50 - [DB-Writer] DATA INSERTED for TSLA | at 2026-05-18 17:25:00
DATA INSERTED for TSLA | at 2026-05-18 17:25:00
2026-05-18 17:25:51 - [Worker-META] [META] Saved: O:614.23 H:614.23 L:614.23 C:614.23 (4 pts)
2026-05-18 17:25:51 - [DB-Writer] DATA INSERTED for META | at 2026-05-18 17:25:00
DATA INSERTED for META | at 2026-05-18 17:25:00
2026-05-18 17:26:44 - [Worker-GOOG] [GOOG] Saved: O:393.94 H:393.94 L:393.94 C:393.94 (4 pts)
2026-05-18 17:26:44 - [DB-Writer] DATA INSERTED for GOOG | at 2026-05-18 17:26:00
DATA INSERTED for GOOG | at 2026-05-18 17:26:00
2026-05-18 17:26:45 - [Worker-AMD] [AMD] Saved: O:424.1 H:424.1 L:424.1 C:424.1 (4 pts)
2026-05-18 17:26:45 - [DB-Writer] DATA INSERTED for AMD | at 2026-05-18 17:26:00
DATA INSERTED for AMD | at 2026-05-18 17:26:00
2026-05-18 17:26:46 - [Worker-NVDA] [NVDA] Saved: O:225.32 H:225.32 L:225.32 C:225.32 (4 pts)
2026-05-18 17:26:46 - [DB-Writer] DATA INSERTED for NVDA | at 2026-05-18 17:26:00
DATA INSERTED for NVDA | at 2026-05-18 17:26:00
2026-05-18 17:26:49 - [Worker-ARM] [ARM] Saved: O:237.3 H:237.3 L:237.3 C:237.3 (4 pts)
2026-05-18 17:26:49 - [DB-Writer] DATA INSERTED for ARM | at 2026-05-18 17:26:00
DATA INSERTED for ARM | at 2026-05-18 17:26:00
2026-05-18 17:26:49 - [Worker-AAPL] [AAPL] Saved: O:295.91 H:295.91 L:295.91 C:295.91 (4 pts)
2026-05-18 17:26:49 - [DB-Writer] DATA INSERTED for AAPL | at 2026-05-18 17:26:00
DATA INSERTED for AAPL | at 2026-05-18 17:26:00
2026-05-18 17:26:50 - [Worker-MSFT] [MSFT] Saved: O:421.97 H:421.97 L:421.97 C:421.97 (4 pts)
2026-05-18 17:26:50 - [DB-Writer] DATA INSERTED for MSFT | at 2026-05-18 17:26:00
DATA INSERTED for MSFT | at 2026-05-18 17:26:00
2026-05-18 17:26:50 - [Worker-META] [META] Saved: O:614.23 H:614.23 L:614.23 C:614.23 (4 pts)
2026-05-18 17:26:50 - [DB-Writer] DATA INSERTED for META | at 2026-05-18 17:26:00
DATA INSERTED for META | at 2026-05-18 17:26:00
2026-05-18 17:26:50 - [Worker-TSLA] [TSLA] Saved: O:410.36 H:410.36 L:410.36 C:410.36 (4 pts)
2026-05-18 17:26:50 - [DB-Writer] DATA INSERTED for TSLA | at 2026-05-18 17:26:00
DATA INSERTED for TSLA | at 2026-05-18 17:26:00
2026-05-18 17:26:51 - [Worker-AMZN] [AMZN] Saved: O:264.14 H:264.14 L:264.14 C:264.14 (4 pts)
2026-05-18 17:26:51 - [DB-Writer] DATA INSERTED for AMZN | at 2026-05-18 17:26:00
DATA INSERTED for AMZN | at 2026-05-18 17:26:00
2026-05-18 17:26:52 - [Worker-HPQ] [HPQ] Saved: O:20.81 H:20.81 L:20.81 C:20.81 (4 pts)
2026-05-18 17:26:52 - [DB-Writer] DATA INSERTED for HPQ | at 2026-05-18 17:26:00
DATA INSERTED for HPQ | at 2026-05-18 17:26:00
2026-05-18 17:27:45 - [Worker-HPQ] [HPQ] Saved: O:20.81 H:20.81 L:20.81 C:20.81 (4 pts)
2026-05-18 17:27:45 - [DB-Writer] DATA INSERTED for HPQ | at 2026-05-18 17:27:00
DATA INSERTED for HPQ | at 2026-05-18 17:27:00
2026-05-18 17:27:46 - [Worker-META] [META] Saved: O:614.23 H:614.23 L:614.23 C:614.23 (4 pts)
2026-05-18 17:27:46 - [DB-Writer] DATA INSERTED for META | at 2026-05-18 17:27:00
DATA INSERTED for META | at 2026-05-18 17:27:00
2026-05-18 17:27:47 - [Worker-AMD] [AMD] Saved: O:424.1 H:424.1 L:424.1 C:424.1 (4 pts)
2026-05-18 17:27:47 - [DB-Writer] DATA INSERTED for AMD | at 2026-05-18 17:27:00
DATA INSERTED for AMD | at 2026-05-18 17:27:00
2026-05-18 17:27:47 - [DB-Writer] DATA INSERTED for NVDA | at 2026-05-18 17:27:00
DATA INSERTED for NVDA | at 2026-05-18 17:27:00
2026-05-18 17:27:47 - [Worker-NVDA] [NVDA] Saved: O:225.32 H:225.32 L:225.32 C:225.32 (4 pts)
2026-05-18 17:27:47 - [Worker-AMZN] [AMZN] Saved: O:264.14 H:264.14 L:264.14 C:264.14 (4 pts)
2026-05-18 17:27:47 - [Worker-ARM] [ARM] Saved: O:237.3 H:237.3 L:237.3 C:237.3 (4 pts)
2026-05-18 17:27:47 - [DB-Writer] DATA INSERTED for AMZN | at 2026-05-18 17:27:00
DATA INSERTED for AMZN | at 2026-05-18 17:27:00
2026-05-18 17:27:47 - [DB-Writer] DATA INSERTED for ARM | at 2026-05-18 17:27:00
DATA INSERTED for ARM | at 2026-05-18 17:27:00
2026-05-18 17:27:48 - [Worker-GOOG] [GOOG] Saved: O:393.94 H:393.94 L:393.94 C:393.94 (4 pts)
2026-05-18 17:27:48 - [DB-Writer] DATA INSERTED for GOOG | at 2026-05-18 17:27:00
DATA INSERTED for GOOG | at 2026-05-18 17:27:00
2026-05-18 17:27:48 - [Worker-MSFT] [MSFT] Saved: O:421.97 H:421.97 L:421.97 C:421.97 (4 pts)
2026-05-18 17:27:48 - [DB-Writer] DATA INSERTED for MSFT | at 2026-05-18 17:27:00
DATA INSERTED for MSFT | at 2026-05-18 17:27:00
2026-05-18 17:27:51 - [Worker-TSLA] [TSLA] Saved: O:410.36 H:410.36 L:410.36 C:410.36 (4 pts)
2026-05-18 17:27:51 - [DB-Writer] DATA INSERTED for TSLA | at 2026-05-18 17:27:00
DATA INSERTED for TSLA | at 2026-05-18 17:27:00
2026-05-18 17:27:52 - [Worker-AAPL] [AAPL] Saved: O:295.75 H:295.75 L:295.75 C:295.75 (4 pts)
2026-05-18 17:27:52 - [DB-Writer] DATA INSERTED for AAPL | at 2026-05-18 17:27:00
DATA INSERTED for AAPL | at 2026-05-18 17:27:00
2026-05-18 17:28:45 - [Worker-HPQ] [HPQ] Saved: O:20.81 H:20.81 L:20.81 C:20.81 (4 pts)
2026-05-18 17:28:45 - [DB-Writer] DATA INSERTED for HPQ | at 2026-05-18 17:28:00
DATA INSERTED for HPQ | at 2026-05-18 17:28:00
2026-05-18 17:28:46 - [Worker-AMD] [AMD] Saved: O:424.1 H:424.1 L:424.1 C:424.1 (4 pts)
2026-05-18 17:28:46 - [DB-Writer] DATA INSERTED for AMD | at 2026-05-18 17:28:00
DATA INSERTED for AMD | at 2026-05-18 17:28:00
2026-05-18 17:28:46 - [Worker-AMZN] [AMZN] Saved: O:264.14 H:264.14 L:264.14 C:264.14 (4 pts)
2026-05-18 17:28:46 - [DB-Writer] DATA INSERTED for AMZN | at 2026-05-18 17:28:00
DATA INSERTED for AMZN | at 2026-05-18 17:28:00
2026-05-18 17:28:48 - [Worker-MSFT] [MSFT] Saved: O:421.97 H:421.97 L:421.97 C:421.97 (4 pts)
2026-05-18 17:28:48 - [DB-Writer] DATA INSERTED for MSFT | at 2026-05-18 17:28:00
DATA INSERTED for MSFT | at 2026-05-18 17:28:00
2026-05-18 17:28:48 - [Worker-TSLA] [TSLA] Saved: O:410.36 H:410.36 L:409.7 C:409.7 (4 pts)
2026-05-18 17:28:48 - [DB-Writer] DATA INSERTED for TSLA | at 2026-05-18 17:28:00
DATA INSERTED for TSLA | at 2026-05-18 17:28:00
2026-05-18 17:28:48 - [Worker-NVDA] [NVDA] Saved: O:225.32 H:225.32 L:225.32 C:225.32 (4 pts)
2026-05-18 17:28:48 - [DB-Writer] DATA INSERTED for NVDA | at 2026-05-18 17:28:00
DATA INSERTED for NVDA | at 2026-05-18 17:28:00
2026-05-18 17:28:50 - [Worker-META] [META] Saved: O:614.23 H:614.23 L:614.23 C:614.23 (4 pts)
2026-05-18 17:28:50 - [DB-Writer] DATA INSERTED for META | at 2026-05-18 17:28:00
DATA INSERTED for META | at 2026-05-18 17:28:00
2026-05-18 17:28:50 - [Worker-AAPL] [AAPL] Saved: O:295.75 H:295.75 L:295.75 C:295.75 (4 pts)
2026-05-18 17:28:50 - [DB-Writer] DATA INSERTED for AAPL | at 2026-05-18 17:28:00
DATA INSERTED for AAPL | at 2026-05-18 17:28:00
2026-05-18 17:28:51 - [Worker-GOOG] [GOOG] Saved: O:393.94 H:393.94 L:393.94 C:393.94 (4 pts)
2026-05-18 17:28:51 - [DB-Writer] DATA INSERTED for GOOG | at 2026-05-18 17:28:00
DATA INSERTED for GOOG | at 2026-05-18 17:28:00
2026-05-18 17:28:52 - [Worker-ARM] [ARM] Saved: O:237.3 H:237.3 L:237.3 C:237.3 (4 pts)
2026-05-18 17:28:52 - [DB-Writer] DATA INSERTED for ARM | at 2026-05-18 17:28:00
DATA INSERTED for ARM | at 2026-05-18 17:28:00
2026-05-18 17:29:44 - [Worker-ARM] [ARM] Saved: O:237.3 H:237.3 L:237.3 C:237.3 (4 pts)
2026-05-18 17:29:44 - [DB-Writer] DATA INSERTED for ARM | at 2026-05-18 17:29:00
DATA INSERTED for ARM | at 2026-05-18 17:29:00
2026-05-18 17:29:44 - [Worker-AMD] [AMD] Saved: O:424.1 H:424.1 L:424.1 C:424.1 (4 pts)
2026-05-18 17:29:44 - [DB-Writer] DATA INSERTED for AMD | at 2026-05-18 17:29:00
DATA INSERTED for AMD | at 2026-05-18 17:29:00
2026-05-18 17:29:45 - [Worker-TSLA] [TSLA] Saved: O:409.7 H:409.7 L:409.7 C:409.7 (4 pts)
2026-05-18 17:29:45 - [DB-Writer] DATA INSERTED for TSLA | at 2026-05-18 17:29:00
DATA INSERTED for TSLA | at 2026-05-18 17:29:00
2026-05-18 17:29:46 - [Worker-AAPL] [AAPL] Saved: O:295.75 H:295.75 L:295.75 C:295.75 (4 pts)
2026-05-18 17:29:46 - [DB-Writer] DATA INSERTED for AAPL | at 2026-05-18 17:29:00
DATA INSERTED for AAPL | at 2026-05-18 17:29:00
2026-05-18 17:29:49 - [Worker-HPQ] [HPQ] Saved: O:20.81 H:20.81 L:20.81 C:20.81 (4 pts)
2026-05-18 17:29:49 - [DB-Writer] DATA INSERTED for HPQ | at 2026-05-18 17:29:00
DATA INSERTED for HPQ | at 2026-05-18 17:29:00
2026-05-18 17:29:49 - [Worker-NVDA] [NVDA] Saved: O:225.32 H:225.32 L:225.32 C:225.32 (4 pts)
2026-05-18 17:29:49 - [DB-Writer] DATA INSERTED for NVDA | at 2026-05-18 17:29:00
DATA INSERTED for NVDA | at 2026-05-18 17:29:00
2026-05-18 17:29:49 - [Worker-META] [META] Saved: O:614.23 H:614.23 L:614.23 C:614.23 (4 pts)
2026-05-18 17:29:49 - [DB-Writer] DATA INSERTED for META | at 2026-05-18 17:29:00
DATA INSERTED for META | at 2026-05-18 17:29:00
2026-05-18 17:29:50 - [Worker-GOOG] [GOOG] Saved: O:393.94 H:393.94 L:393.94 C:393.94 (4 pts)
2026-05-18 17:29:50 - [DB-Writer] DATA INSERTED for GOOG | at 2026-05-18 17:29:00
DATA INSERTED for GOOG | at 2026-05-18 17:29:00
2026-05-18 17:29:52 - [Worker-AMZN] [AMZN] Saved: O:264.14 H:264.14 L:264.14 C:264.14 (4 pts)
2026-05-18 17:29:52 - [DB-Writer] DATA INSERTED for AMZN | at 2026-05-18 17:29:00
DATA INSERTED for AMZN | at 2026-05-18 17:29:00
2026-05-18 17:30:00 - [Worker-MSFT] [MSFT] Exception during fetch_price: Failed to perform, curl: (28) Operation timed out after 12000 milliseconds with 0 bytes received. See https://curl.se/libcurl/c/libcurl-errors.html first for more details.
2026-05-18 17:30:00 - [Worker-MSFT] [MSFT] Saved: O:421.97 H:421.97 L:421.97 C:421.97 (3 pts)
2026-05-18 17:30:00 - [DB-Writer] DATA INSERTED for MSFT | at 2026-05-18 17:29:00
DATA INSERTED for MSFT | at 2026-05-18 17:29:00
2026-05-18 17:30:46 - [Worker-GOOG] [GOOG] Saved: O:393.94 H:393.94 L:393.94 C:393.94 (4 pts)
2026-05-18 17:30:46 - [DB-Writer] DATA INSERTED for GOOG | at 2026-05-18 17:30:00
DATA INSERTED for GOOG | at 2026-05-18 17:30:00
2026-05-18 17:30:46 - [Worker-TSLA] [TSLA] Saved: O:409.7 H:409.7 L:409.7 C:409.7 (4 pts)
2026-05-18 17:30:46 - [DB-Writer] DATA INSERTED for TSLA | at 2026-05-18 17:30:00
DATA INSERTED for TSLA | at 2026-05-18 17:30:00
2026-05-18 17:30:47 - [Worker-META] [META] Saved: O:614.23 H:614.23 L:614.23 C:614.23 (4 pts)
2026-05-18 17:30:47 - [DB-Writer] DATA INSERTED for META | at 2026-05-18 17:30:00
DATA INSERTED for META | at 2026-05-18 17:30:00
2026-05-18 17:30:47 - [Worker-AMZN] [AMZN] Saved: O:264.14 H:264.14 L:264.14 C:264.14 (4 pts)
2026-05-18 17:30:47 - [DB-Writer] DATA INSERTED for AMZN | at 2026-05-18 17:30:00
DATA INSERTED for AMZN | at 2026-05-18 17:30:00
2026-05-18 17:30:47 - [Worker-AAPL] [AAPL] Saved: O:295.75 H:295.75 L:295.75 C:295.75 (4 pts)
2026-05-18 17:30:47 - [DB-Writer] DATA INSERTED for AAPL | at 2026-05-18 17:30:00
DATA INSERTED for AAPL | at 2026-05-18 17:30:00
2026-05-18 17:30:48 - [Worker-ARM] [ARM] Saved: O:237.3 H:237.3 L:237.3 C:237.3 (4 pts)
2026-05-18 17:30:48 - [DB-Writer] DATA INSERTED for ARM | at 2026-05-18 17:30:00
DATA INSERTED for ARM | at 2026-05-18 17:30:00
2026-05-18 17:30:50 - [Worker-NVDA] [NVDA] Saved: O:225.32 H:225.32 L:225.32 C:225.32 (4 pts)
2026-05-18 17:30:50 - [DB-Writer] DATA INSERTED for NVDA | at 2026-05-18 17:30:00
DATA INSERTED for NVDA | at 2026-05-18 17:30:00
2026-05-18 17:30:52 - [Worker-HPQ] [HPQ] Saved: O:20.81 H:20.81 L:20.81 C:20.81 (4 pts)
2026-05-18 17:30:52 - [DB-Writer] DATA INSERTED for HPQ | at 2026-05-18 17:30:00
DATA INSERTED for HPQ | at 2026-05-18 17:30:00
2026-05-18 17:30:52 - [Worker-AMD] [AMD] Saved: O:424.1 H:424.1 L:424.1 C:424.1 (4 pts)
2026-05-18 17:30:52 - [DB-Writer] DATA INSERTED for AMD | at 2026-05-18 17:30:00
DATA INSERTED for AMD | at 2026-05-18 17:30:00
2026-05-18 17:31:44 - [Worker-NVDA] [NVDA] Saved: O:225.32 H:225.32 L:225.32 C:225.32 (4 pts)
2026-05-18 17:31:44 - [DB-Writer] DATA INSERTED for NVDA | at 2026-05-18 17:31:00
DATA INSERTED for NVDA | at 2026-05-18 17:31:00
2026-05-18 17:31:45 - [Worker-AAPL] [AAPL] Saved: O:295.75 H:295.75 L:295.75 C:295.75 (4 pts)
2026-05-18 17:31:45 - [DB-Writer] DATA INSERTED for AAPL | at 2026-05-18 17:31:00
DATA INSERTED for AAPL | at 2026-05-18 17:31:00
2026-05-18 17:31:45 - [Worker-TSLA] [TSLA] Saved: O:409.7 H:409.7 L:409.7 C:409.7 (4 pts)
2026-05-18 17:31:45 - [DB-Writer] DATA INSERTED for TSLA | at 2026-05-18 17:31:00
DATA INSERTED for TSLA | at 2026-05-18 17:31:00
2026-05-18 17:31:46 - [Worker-AMZN] [AMZN] Saved: O:264.14 H:264.14 L:264.14 C:264.14 (4 pts)
2026-05-18 17:31:46 - [DB-Writer] DATA INSERTED for AMZN | at 2026-05-18 17:31:00
DATA INSERTED for AMZN | at 2026-05-18 17:31:00
2026-05-18 17:31:47 - [Worker-ARM] [ARM] Saved: O:237.3 H:237.3 L:237.3 C:237.3 (4 pts)
2026-05-18 17:31:47 - [DB-Writer] DATA INSERTED for ARM | at 2026-05-18 17:31:00
DATA INSERTED for ARM | at 2026-05-18 17:31:00
2026-05-18 17:31:47 - [Worker-MSFT] [MSFT] Saved: O:422.31 H:422.31 L:422.31 C:422.31 (4 pts)
2026-05-18 17:31:47 - [DB-Writer] DATA INSERTED for MSFT | at 2026-05-18 17:31:00
DATA INSERTED for MSFT | at 2026-05-18 17:31:00
2026-05-18 17:31:48 - [Worker-AMD] [AMD] Saved: O:424.1 H:424.1 L:424.1 C:424.1 (4 pts)
2026-05-18 17:31:48 - [DB-Writer] DATA INSERTED for AMD | at 2026-05-18 17:31:00
DATA INSERTED for AMD | at 2026-05-18 17:31:00
2026-05-18 17:31:49 - [Worker-HPQ] [HPQ] Saved: O:20.81 H:20.81 L:20.81 C:20.81 (4 pts)
2026-05-18 17:31:49 - [DB-Writer] DATA INSERTED for HPQ | at 2026-05-18 17:31:00
DATA INSERTED for HPQ | at 2026-05-18 17:31:00
2026-05-18 17:31:50 - [Worker-META] [META] Saved: O:614.23 H:614.23 L:614.23 C:614.23 (4 pts)
2026-05-18 17:31:50 - [DB-Writer] DATA INSERTED for META | at 2026-05-18 17:31:00
DATA INSERTED for META | at 2026-05-18 17:31:00
2026-05-18 17:31:51 - [Worker-GOOG] [GOOG] Saved: O:393.94 H:393.94 L:393.94 C:393.94 (4 pts)
2026-05-18 17:31:51 - [DB-Writer] DATA INSERTED for GOOG | at 2026-05-18 17:31:00
DATA INSERTED for GOOG | at 2026-05-18 17:31:00
2026-05-18 17:32:45 - [Worker-AMD] [AMD] Saved: O:424.1 H:424.1 L:424.1 C:424.1 (4 pts)
2026-05-18 17:32:45 - [DB-Writer] DATA INSERTED for AMD | at 2026-05-18 17:32:00
DATA INSERTED for AMD | at 2026-05-18 17:32:00
2026-05-18 17:32:46 - [Worker-GOOG] [GOOG] Saved: O:393.94 H:393.94 L:393.94 C:393.94 (4 pts)
2026-05-18 17:32:46 - [DB-Writer] DATA INSERTED for GOOG | at 2026-05-18 17:32:00
DATA INSERTED for GOOG | at 2026-05-18 17:32:00
2026-05-18 17:32:47 - [Worker-NVDA] [NVDA] Saved: O:225.32 H:225.32 L:225.32 C:225.32 (4 pts)
2026-05-18 17:32:47 - [DB-Writer] DATA INSERTED for NVDA | at 2026-05-18 17:32:00
DATA INSERTED for NVDA | at 2026-05-18 17:32:00
2026-05-18 17:32:49 - [Worker-TSLA] [TSLA] Saved: O:409.7 H:409.7 L:409.7 C:409.7 (4 pts)
2026-05-18 17:32:49 - [DB-Writer] DATA INSERTED for TSLA | at 2026-05-18 17:32:00
DATA INSERTED for TSLA | at 2026-05-18 17:32:00
2026-05-18 17:32:49 - [Worker-AAPL] [AAPL] Saved: O:295.97 H:295.97 L:295.97 C:295.97 (4 pts)
2026-05-18 17:32:49 - [DB-Writer] DATA INSERTED for AAPL | at 2026-05-18 17:32:00
DATA INSERTED for AAPL | at 2026-05-18 17:32:00
2026-05-18 17:32:50 - [Worker-MSFT] [MSFT] Saved: O:422.31 H:422.31 L:422.31 C:422.31 (4 pts)
2026-05-18 17:32:50 - [DB-Writer] DATA INSERTED for MSFT | at 2026-05-18 17:32:00
DATA INSERTED for MSFT | at 2026-05-18 17:32:00
2026-05-18 17:32:51 - [Worker-META] [META] Saved: O:614.23 H:614.23 L:614.23 C:614.23 (4 pts)
2026-05-18 17:32:51 - [DB-Writer] DATA INSERTED for META | at 2026-05-18 17:32:00
DATA INSERTED for META | at 2026-05-18 17:32:00
2026-05-18 17:32:51 - [Worker-HPQ] [HPQ] Saved: O:20.81 H:20.81 L:20.81 C:20.81 (4 pts)
2026-05-18 17:32:51 - [DB-Writer] DATA INSERTED for HPQ | at 2026-05-18 17:32:00
DATA INSERTED for HPQ | at 2026-05-18 17:32:00
2026-05-18 17:32:51 - [Worker-AMZN] [AMZN] Saved: O:264.14 H:264.14 L:264.14 C:264.14 (4 pts)
2026-05-18 17:32:51 - [DB-Writer] DATA INSERTED for AMZN | at 2026-05-18 17:32:00
DATA INSERTED for AMZN | at 2026-05-18 17:32:00
2026-05-18 17:32:52 - [Worker-ARM] [ARM] Saved: O:237.3 H:237.3 L:237.3 C:237.3 (4 pts)
2026-05-18 17:32:52 - [DB-Writer] DATA INSERTED for ARM | at 2026-05-18 17:32:00
DATA INSERTED for ARM | at 2026-05-18 17:32:00
2026-05-18 17:33:44 - [Worker-ARM] [ARM] Saved: O:237.3 H:237.3 L:237.3 C:237.3 (4 pts)
2026-05-18 17:33:44 - [DB-Writer] DATA INSERTED for ARM | at 2026-05-18 17:33:00
DATA INSERTED for ARM | at 2026-05-18 17:33:00
2026-05-18 17:33:45 - [Worker-META] [META] Saved: O:614.23 H:614.23 L:614.23 C:614.23 (4 pts)
2026-05-18 17:33:45 - [DB-Writer] DATA INSERTED for META | at 2026-05-18 17:33:00
DATA INSERTED for META | at 2026-05-18 17:33:00
2026-05-18 17:33:46 - [Worker-MSFT] [MSFT] Saved: O:422.31 H:422.31 L:422.31 C:422.31 (4 pts)
2026-05-18 17:33:46 - [DB-Writer] DATA INSERTED for MSFT | at 2026-05-18 17:33:00
DATA INSERTED for MSFT | at 2026-05-18 17:33:00
2026-05-18 17:33:47 - [Worker-NVDA] [NVDA] Saved: O:225.32 H:225.32 L:225.32 C:225.32 (4 pts)
2026-05-18 17:33:47 - [DB-Writer] DATA INSERTED for NVDA | at 2026-05-18 17:33:00
DATA INSERTED for NVDA | at 2026-05-18 17:33:00
2026-05-18 17:33:47 - [Worker-GOOG] [GOOG] Saved: O:393.94 H:393.94 L:393.94 C:393.94 (4 pts)
2026-05-18 17:33:47 - [DB-Writer] DATA INSERTED for GOOG | at 2026-05-18 17:33:00
DATA INSERTED for GOOG | at 2026-05-18 17:33:00
2026-05-18 17:33:48 - [Worker-AAPL] [AAPL] Saved: O:295.97 H:295.97 L:295.97 C:295.97 (4 pts)
2026-05-18 17:33:48 - [DB-Writer] DATA INSERTED for AAPL | at 2026-05-18 17:33:00
DATA INSERTED for AAPL | at 2026-05-18 17:33:00
2026-05-18 17:33:50 - [Worker-AMZN] [AMZN] Saved: O:264.14 H:264.14 L:264.14 C:264.14 (4 pts)
2026-05-18 17:33:50 - [DB-Writer] DATA INSERTED for AMZN | at 2026-05-18 17:33:00
DATA INSERTED for AMZN | at 2026-05-18 17:33:00
2026-05-18 17:33:51 - [Worker-TSLA] [TSLA] Saved: O:409.7 H:410.1 L:409.7 C:410.1 (4 pts)
2026-05-18 17:33:51 - [DB-Writer] DATA INSERTED for TSLA | at 2026-05-18 17:33:00
DATA INSERTED for TSLA | at 2026-05-18 17:33:00
2026-05-18 17:33:51 - [Worker-HPQ] [HPQ] Saved: O:20.81 H:20.81 L:20.81 C:20.81 (4 pts)
2026-05-18 17:33:51 - [DB-Writer] DATA INSERTED for HPQ | at 2026-05-18 17:33:00
DATA INSERTED for HPQ | at 2026-05-18 17:33:00
2026-05-18 17:33:52 - [Worker-AMD] [AMD] Saved: O:424.1 H:424.1 L:424.1 C:424.1 (4 pts)
2026-05-18 17:33:52 - [DB-Writer] DATA INSERTED for AMD | at 2026-05-18 17:33:00
DATA INSERTED for AMD | at 2026-05-18 17:33:00
2026-05-18 17:34:44 - [Worker-MSFT] [MSFT] Saved: O:422.31 H:422.31 L:422.31 C:422.31 (4 pts)
2026-05-18 17:34:44 - [DB-Writer] DATA INSERTED for MSFT | at 2026-05-18 17:34:00
DATA INSERTED for MSFT | at 2026-05-18 17:34:00
2026-05-18 17:34:47 - [Worker-ARM] [ARM] Saved: O:237.3 H:237.3 L:237.3 C:237.3 (4 pts)
2026-05-18 17:34:47 - [DB-Writer] DATA INSERTED for ARM | at 2026-05-18 17:34:00
DATA INSERTED for ARM | at 2026-05-18 17:34:00
2026-05-18 17:34:49 - [Worker-AMD] [AMD] Saved: O:424.1 H:424.1 L:424.1 C:424.1 (4 pts)
2026-05-18 17:34:49 - [DB-Writer] DATA INSERTED for AMD | at 2026-05-18 17:34:00
DATA INSERTED for AMD | at 2026-05-18 17:34:00
2026-05-18 17:34:50 - [Worker-META] [META] Saved: O:614.23 H:614.23 L:614.23 C:614.23 (4 pts)
2026-05-18 17:34:50 - [DB-Writer] DATA INSERTED for META | at 2026-05-18 17:34:00
DATA INSERTED for META | at 2026-05-18 17:34:00
2026-05-18 17:34:51 - [Worker-HPQ] [HPQ] Saved: O:20.81 H:20.81 L:20.81 C:20.81 (4 pts)
2026-05-18 17:34:51 - [DB-Writer] DATA INSERTED for HPQ | at 2026-05-18 17:34:00
DATA INSERTED for HPQ | at 2026-05-18 17:34:00
2026-05-18 17:34:52 - [Worker-AAPL] [AAPL] Saved: O:295.97 H:295.97 L:295.97 C:295.97 (4 pts)
2026-05-18 17:34:52 - [DB-Writer] DATA INSERTED for AAPL | at 2026-05-18 17:34:00
DATA INSERTED for AAPL | at 2026-05-18 17:34:00
2026-05-18 17:34:52 - [Worker-AMZN] [AMZN] Saved: O:264.14 H:264.14 L:264.14 C:264.14 (4 pts)
2026-05-18 17:34:52 - [DB-Writer] DATA INSERTED for AMZN | at 2026-05-18 17:34:00
DATA INSERTED for AMZN | at 2026-05-18 17:34:00
2026-05-18 17:34:53 - [Worker-NVDA] [NVDA] Saved: O:225.32 H:225.32 L:225.32 C:225.32 (4 pts)
2026-05-18 17:34:53 - [DB-Writer] DATA INSERTED for NVDA | at 2026-05-18 17:34:00
DATA INSERTED for NVDA | at 2026-05-18 17:34:00
2026-05-18 17:34:53 - [Worker-GOOG] [GOOG] Saved: O:393.94 H:393.94 L:393.94 C:393.94 (4 pts)
2026-05-18 17:34:53 - [DB-Writer] DATA INSERTED for GOOG | at 2026-05-18 17:34:00
DATA INSERTED for GOOG | at 2026-05-18 17:34:00
2026-05-18 17:34:53 - [Worker-TSLA] [TSLA] Saved: O:410.1 H:410.1 L:410.1 C:410.1 (4 pts)
2026-05-18 17:34:53 - [DB-Writer] DATA INSERTED for TSLA | at 2026-05-18 17:34:00
DATA INSERTED for TSLA | at 2026-05-18 17:34:00
