2026-04-02 21:09:26,852 [INFO] Injecting Session Identity...
2026-04-02 21:09:26,913 [INFO] [31m[1mWARNING: This is a development server. Do not use it in a production deployment. Use a production WSGI server instead.[0m
 * Running on all addresses (0.0.0.0)
 * Running on http://127.0.0.1:3989
 * Running on http://192.168.1.9:3989
2026-04-02 21:09:26,915 [INFO] [33mPress CTRL+C to quit[0m
2026-04-02 21:09:28,231 [INFO] Worker TSLA started.
2026-04-02 21:09:28,232 [INFO] Worker AAPL started.
2026-04-02 21:09:28,233 [INFO] Worker NVDA started.
2026-04-02 21:11:01,017 [INFO] [AAPL] 19:10 | 255.61/255.64/255.56/255.56 | Samples: 6
2026-04-02 21:11:02,832 [INFO] [TSLA] 19:10 | 360.54/360.65/360.42/360.65 | Samples: 6
2026-04-02 21:11:05,331 [INFO] [NVDA] 19:10 | 177.07/177.31/177.07/177.31 | Samples: 6
2026-04-02 21:13:06,477 [INFO] [TSLA] 19:12 | 360.75/360.75/360.43/360.43 | Samples: 6
2026-04-02 21:13:07,149 [INFO] [NVDA] 19:12 | 177.46/177.46/177.29/177.30 | Samples: 6
2026-04-02 21:13:08,555 [INFO] [AAPL] 19:12 | 255.56/255.56/255.43/255.44 | Samples: 6
2026-04-02 21:13:31,477 - [31m[1mWARNING: This is a development server. Do not use it in a production deployment. Use a production WSGI server instead.[0m
 * Running on all addresses (0.0.0.0)
 * Running on http://127.0.0.1:3989
 * Running on http://192.168.1.9:3989
2026-04-02 21:13:31,483 - [33mPress CTRL+C to quit[0m
2026-04-02 21:13:32,826 - Worker for TSLA initialized.
2026-04-02 21:13:32,830 - Worker for AAPL initialized.
2026-04-02 21:13:32,839 - Worker for NVDA initialized.
2026-04-02 21:14:59,906 - [Regular] NVDA O:177.27 | H:177.27 | L:177.25 | C:177.25 | TS:19:14:00
2026-04-02 21:15:00,810 - [Regular] AAPL O:255.48 | H:255.48 | L:255.34 | C:255.46 | TS:19:14:00
2026-04-02 21:15:01,777 - [Regular] TSLA O:359.93 | H:359.93 | L:359.54 | C:359.63 | TS:19:14:00
2026-04-02 21:15:59,922 - [Regular] NVDA O:177.27 | H:177.36 | L:177.27 | C:177.34 | TS:19:15:00
2026-04-02 21:17:02,464 - [Regular] NVDA O:177.34 | H:177.34 | L:177.24 | C:177.28 | TS:19:16:00
2026-04-02 21:17:04,754 - [Regular] TSLA O:359.68 | H:359.73 | L:359.45 | C:359.46 | TS:19:16:00
2026-04-02 21:17:05,096 - [Regular] AAPL O:255.43 | H:255.43 | L:255.35 | C:255.38 | TS:19:16:00
2026-04-02 21:18:59,436 - [Regular] TSLA O:359.54 | H:359.67 | L:359.50 | C:359.57 | TS:19:18:00
2026-04-02 21:19:00,394 - [Regular] AAPL O:255.27 | H:255.32 | L:255.23 | C:255.32 | TS:19:18:00
2026-04-02 21:19:03,901 - [Regular] NVDA O:177.18 | H:177.18 | L:177.07 | C:177.08 | TS:19:18:00
2026-04-02 21:20:03,816 - [Regular] TSLA O:359.55 | H:359.55 | L:359.30 | C:359.39 | TS:19:19:00
2026-04-02 21:32:58,244 - [31m[1mWARNING: This is a development server. Do not use it in a production deployment. Use a production WSGI server instead.[0m
 * Running on all addresses (0.0.0.0)
 * Running on http://127.0.0.1:3989
 * Running on http://192.168.1.9:3989
2026-04-02 21:32:58,245 - [33mPress CTRL+C to quit[0m
2026-04-02 21:32:59,865 - Worker TSLA Active.
2026-04-02 21:32:59,867 - Worker AAPL Active.
2026-04-02 21:32:59,868 - Worker NVDA Active.
2026-04-02 21:32:59,869 - Worker MSFT Active.
2026-04-02 21:32:59,869 - Worker AMZN Active.
2026-04-02 21:32:59,870 - Worker GOOGL Active.
2026-04-02 21:32:59,870 - Worker META Active.
2026-04-02 21:32:59,870 - Worker AMD Active.
2026-04-02 21:32:59,870 - Worker NFLX Active.
2026-04-02 21:32:59,872 - Worker INTC Active.
2026-04-02 21:34:05,985 - [Regular] GOOGL O:295.04 | H:295.04 | L:294.90 | C:294.92 | TS:19:33:00
2026-04-02 21:34:07,545 - [Regular] AMD O:216.76 | H:216.77 | L:216.70 | C:216.77 | TS:19:33:00
2026-04-02 21:34:08,060 - [Regular] NVDA O:176.98 | H:177.04 | L:176.98 | C:177.03 | TS:19:33:00
2026-04-02 21:34:08,138 - [Regular] META O:574.07 | H:574.07 | L:573.72 | C:573.72 | TS:19:33:00
2026-04-02 21:34:09,241 - [Regular] MSFT O:372.36 | H:372.66 | L:372.36 | C:372.50 | TS:19:33:00
2026-04-02 21:34:10,126 - [Regular] TSLA O:359.78 | H:359.78 | L:359.60 | C:359.60 | TS:19:33:00
2026-04-02 21:34:11,708 - [Regular] INTC O:50.16 | H:50.16 | L:50.11 | C:50.14 | TS:19:33:00
2026-04-02 21:34:11,978 - [Regular] AMZN O:209.21 | H:209.21 | L:209.08 | C:209.08 | TS:19:33:00
2026-04-02 21:34:12,937 - [Regular] NFLX O:97.82 | H:97.89 | L:97.82 | C:97.87 | TS:19:33:00
2026-04-02 21:34:12,983 - [Regular] AAPL O:254.91 | H:254.92 | L:254.89 | C:254.89 | TS:19:33:00
2026-04-02 21:36:12,082 - [Regular] TSLA O:359.71 | H:359.96 | L:359.69 | C:359.96 | TS:19:35:00
2026-04-02 21:36:13,639 - [Regular] INTC O:50.21 | H:50.23 | L:50.17 | C:50.17 | TS:19:35:00
2026-04-02 21:36:14,476 - [Regular] AMD O:216.94 | H:216.98 | L:216.88 | C:216.98 | TS:19:35:00
2026-04-02 21:36:15,011 - [Regular] GOOGL O:294.90 | H:294.92 | L:294.86 | C:294.90 | TS:19:35:00
2026-04-02 21:36:17,411 - [Regular] MSFT O:372.21 | H:372.52 | L:372.21 | C:372.52 | TS:19:35:00
2026-04-02 21:36:19,242 - [Regular] META O:573.84 | H:574.08 | L:573.84 | C:573.89 | TS:19:35:00
2026-04-02 21:36:20,262 - [Regular] AAPL O:254.92 | H:255.07 | L:254.91 | C:254.91 | TS:19:35:00
2026-04-02 21:36:20,830 - [Regular] NVDA O:177.04 | H:177.07 | L:177.02 | C:177.07 | TS:19:35:00
2026-04-02 21:36:20,906 - [Regular] NFLX O:97.79 | H:97.85 | L:97.79 | C:97.85 | TS:19:35:00
2026-04-02 21:36:22,668 - [Regular] AMZN O:209.12 | H:209.21 | L:209.12 | C:209.18 | TS:19:35:00
2026-04-02 21:38:11,579 - [Regular] TSLA O:359.79 | H:359.99 | L:359.79 | C:359.99 | TS:19:37:00
2026-04-02 21:38:12,692 - [Regular] INTC O:50.22 | H:50.22 | L:50.18 | C:50.18 | TS:19:37:00
2026-04-02 21:38:13,816 - [Regular] AAPL O:254.92 | H:254.92 | L:254.87 | C:254.88 | TS:19:37:00
2026-04-02 21:38:13,988 - [Regular] GOOGL O:295.09 | H:295.09 | L:295.04 | C:295.09 | TS:19:37:00
2026-04-02 21:38:14,653 - [Regular] NVDA O:177.16 | H:177.16 | L:176.98 | C:176.98 | TS:19:37:00
2026-04-02 21:38:14,847 - [Regular] NFLX O:97.85 | H:97.95 | L:97.84 | C:97.95 | TS:19:37:00
2026-04-02 21:38:15,772 - [Regular] AMZN O:209.26 | H:209.28 | L:209.18 | C:209.18 | TS:19:37:00
2026-04-02 21:38:16,519 - [Regular] MSFT O:373.06 | H:373.06 | L:372.40 | C:372.40 | TS:19:37:00
2026-04-02 21:38:16,660 - [Regular] AMD O:217.05 | H:217.05 | L:216.95 | C:216.95 | TS:19:37:00
2026-04-02 21:38:17,483 - [Regular] META O:574.08 | H:574.15 | L:574.08 | C:574.15 | TS:19:37:00
2026-04-02 21:40:04,276 - [Regular] GOOGL O:294.95 | H:294.96 | L:294.91 | C:294.93 | TS:19:39:00
2026-04-02 21:40:06,995 - [Regular] AMD O:217.09 | H:217.12 | L:216.99 | C:217.11 | TS:19:39:00
2026-04-02 21:40:07,453 - [Regular] MSFT O:372.32 | H:372.56 | L:372.32 | C:372.56 | TS:19:39:00
2026-04-02 21:40:08,330 - [Regular] AMZN O:209.19 | H:209.22 | L:209.18 | C:209.22 | TS:19:39:00
2026-04-02 21:40:09,390 - [Regular] AAPL O:254.92 | H:255.08 | L:254.92 | C:255.08 | TS:19:39:00
2026-04-02 21:40:09,669 - [Regular] META O:574.17 | H:574.31 | L:574.10 | C:574.31 | TS:19:39:00
2026-04-02 21:40:09,975 - [Regular] TSLA O:360.30 | H:360.47 | L:360.20 | C:360.47 | TS:19:39:00
2026-04-02 21:40:11,132 - [Regular] NVDA O:177.10 | H:177.14 | L:177.10 | C:177.14 | TS:19:39:00
2026-04-02 21:40:11,502 - [Regular] INTC O:50.19 | H:50.21 | L:50.19 | C:50.20 | TS:19:39:00
2026-04-02 21:40:11,937 - [Regular] NFLX O:98.03 | H:98.07 | L:98.03 | C:98.07 | TS:19:39:00
2026-04-02 21:42:23,235 - [Regular] NVDA O:177.07 | H:177.15 | L:177.05 | C:177.12 | TS:19:41:00
2026-04-02 21:42:23,785 - [Regular] NFLX O:98.05 | H:98.07 | L:98.01 | C:98.01 | TS:19:41:00
2026-04-02 21:42:24,028 - [Regular] AMD O:216.93 | H:216.93 | L:216.72 | C:216.72 | TS:19:41:00
2026-04-02 21:42:24,181 - [Regular] TSLA O:360.50 | H:360.55 | L:360.44 | C:360.51 | TS:19:41:00
2026-04-02 21:42:25,209 - [Regular] AMZN O:209.31 | H:209.31 | L:209.18 | C:209.18 | TS:19:41:00
2026-04-02 21:42:25,784 - [Regular] GOOGL O:294.99 | H:294.99 | L:294.84 | C:294.97 | TS:19:41:00
2026-04-02 21:42:26,458 - [Regular] META O:574.35 | H:574.35 | L:574.13 | C:574.19 | TS:19:41:00
2026-04-02 21:42:26,572 - [Regular] AAPL O:255.37 | H:255.37 | L:255.24 | C:255.32 | TS:19:41:00
2026-04-02 21:42:31,916 - [Regular] MSFT O:373.03 | H:373.03 | L:372.70 | C:372.73 | TS:19:41:00
2026-04-02 21:42:34,464 - [Regular] INTC O:50.27 | H:50.27 | L:50.20 | C:50.20 | TS:19:41:00
2026-04-02 21:44:16,187 - [Regular] AAPL O:255.26 | H:255.26 | L:255.12 | C:255.15 | TS:19:43:00
2026-04-02 21:44:17,023 - [Regular] NFLX O:98.01 | H:98.07 | L:98.01 | C:98.06 | TS:19:43:00
2026-04-02 21:44:20,036 - [Regular] TSLA O:360.46 | H:360.59 | L:360.46 | C:360.59 | TS:19:43:00
2026-04-02 21:44:20,177 - [Regular] AMD O:216.76 | H:216.76 | L:216.69 | C:216.69 | TS:19:43:00
2026-04-02 21:44:20,969 - [Regular] MSFT O:372.44 | H:372.44 | L:372.20 | C:372.25 | TS:19:43:00
2026-04-02 21:44:21,206 - [Regular] META O:574.05 | H:574.41 | L:574.05 | C:574.20 | TS:19:43:00
2026-04-02 21:44:22,071 - [Regular] NVDA O:177.06 | H:177.09 | L:177.01 | C:177.01 | TS:19:43:00
2026-04-02 21:44:22,710 - [Regular] GOOGL O:295.06 | H:295.12 | L:295.06 | C:295.10 | TS:19:43:00
2026-04-02 21:44:23,122 - [Regular] AMZN O:209.11 | H:209.11 | L:209.09 | C:209.11 | TS:19:43:00
2026-04-02 21:44:23,898 - [Regular] INTC O:50.15 | H:50.16 | L:50.14 | C:50.16 | TS:19:43:00
