2026-05-15 00:40:17 - [MainThread] Global Connection established.
2026-05-15 00:40:17 - [MainThread] [31m[1mWARNING: This is a development server. Do not use it in a production deployment. Use a production WSGI server instead.[0m
 * Running on all addresses (0.0.0.0)
 * Running on http://127.0.0.1:3987
 * Running on http://192.168.1.4:3987
2026-05-15 00:40:17 - [MainThread] [33mPress CTRL+C to quit[0m
2026-05-15 00:40:19 - [Thread-1 (process_request_thread)] GraphQL Trigger: Env 4 requesting PKs: [2, 12, 14, 15, 16, 20, 21, 22, 23, 25]
2026-05-15 00:40:19 - [GraphQL-Trigger] SYNC ENGINE STARTING
2026-05-15 00:40:19 - [Thread-1 (process_request_thread)] 127.0.0.1 - - [15/May/2026 00:40:19] "POST /graphql HTTP/1.1" 200 -
2026-05-15 00:40:19 - [GraphQL-Trigger] Successfully mapped PKs [2, 12, 14, 15, 16, 20, 21, 22, 23, 25] to ['MSFT', 'HPQ', 'TSLA', 'AAPL', 'GOOG', 'NVDA', 'META', 'AMZN', 'AMD', 'ARM']
2026-05-15 00:41:23 - [Worker-AAPL] DATA | AAPL | 21:41:00 | O:298.4 H:298.5 L:298.4 C:298.4
2026-05-15 00:41:28 - [Worker-NVDA] DATA | NVDA | 21:41:00 | O:235.9 H:235.95 L:235.91 C:235.91
2026-05-15 00:41:38 - [Worker-MSFT] DATA | MSFT | 21:41:00 | O:407.96 H:409.43 L:407.96 C:408.0
2026-05-15 00:41:41 - [Worker-AMD] DATA | AMD | 21:41:00 | O:448.4 H:448.01 L:447.5 C:448.01
2026-05-15 00:41:43 - [Worker-META] DATA | META | 21:41:00 | O:617.23 H:617.22 L:617.22 C:618.43
2026-05-15 00:41:46 - [Worker-GOOG] DATA | GOOG | 21:41:00 | O:397.09 H:397.32 L:397.09 C:397.09
2026-05-15 00:41:48 - [Worker-TSLA] DATA | TSLA | 21:41:00 | O:442.84 H:442.9 L:442.75 C:442.78
2026-05-15 00:41:51 - [Worker-AMZN] DATA | AMZN | 21:41:00 | O:267.05 H:267.03 L:267.03 C:267.05
2026-05-15 00:41:53 - [Worker-ARM] DATA | ARM | 21:41:00 | O:226.62 H:227.0 L:227.0 C:227.0
2026-05-15 00:41:56 - [Worker-HPQ] DATA | HPQ | 21:41:00 | O:20.84 H:20.84 L:20.84 C:20.84
2026-05-15 00:42:40 - [Worker-AMZN] DATA | AMZN | 21:42:00 | O:267.05 H:267.05 L:267.0 C:267.03
2026-05-15 00:42:50 - [Worker-AMD] DATA | AMD | 21:42:00 | O:447.9 H:448.5 L:447.9 C:448.01
2026-05-15 00:42:52 - [Worker-NVDA] DATA | NVDA | 21:42:00 | O:235.98 H:235.99 L:235.94 C:236.0
2026-05-15 00:42:52 - [Worker-META] DATA | META | 21:42:00 | O:617.34 H:617.38 L:617.22 C:617.1
2026-05-15 00:42:53 - [Worker-TSLA] DATA | TSLA | 21:42:00 | O:442.87 H:442.9 L:442.87 C:442.88
2026-05-15 00:42:54 - [Worker-ARM] DATA | ARM | 21:42:00 | O:226.62 H:226.62 L:226.5 C:226.5
2026-05-15 00:42:55 - [Worker-GOOG] DATA | GOOG | 21:42:00 | O:396.99 H:396.99 L:396.99 C:396.99
2026-05-15 00:42:56 - [Worker-AAPL] DATA | AAPL | 21:42:00 | O:298.26 H:298.48 L:298.48 C:298.5
2026-05-15 00:42:56 - [Worker-MSFT] DATA | MSFT | 21:42:00 | O:407.98 H:408.0 L:407.98 C:408.0
2026-05-15 00:42:56 - [Worker-HPQ] DATA | HPQ | 21:42:00 | O:20.84 H:20.84 L:20.84 C:20.84
2026-05-15 00:43:28 - [Worker-AMD] DATA | AMD | 21:43:00 | O:448.3 H:448.4 L:448.3 C:448.4
2026-05-15 00:43:34 - [Worker-HPQ] DATA | HPQ | 21:43:00 | O:20.84 H:20.84 L:20.84 C:20.84
2026-05-15 00:43:37 - [Worker-ARM] DATA | ARM | 21:43:00 | O:226.5 H:226.5 L:226.5 C:226.5
2026-05-15 00:43:42 - [Worker-AAPL] DATA | AAPL | 21:43:00 | O:298.46 H:298.43 L:298.22 C:298.49
2026-05-15 00:43:45 - [Worker-TSLA] DATA | TSLA | 21:43:00 | O:442.9 H:442.8 L:442.8 C:442.7
2026-05-15 00:43:48 - [Worker-GOOG] DATA | GOOG | 21:43:00 | O:396.99 H:397.32 L:397.32 C:397.32
2026-05-15 00:43:50 - [Worker-META] DATA | META | 21:43:00 | O:617.27 H:617.27 L:617.27 C:617.31
2026-05-15 00:43:51 - [Worker-NVDA] DATA | NVDA | 21:43:00 | O:235.87 H:235.95 L:235.94 C:235.86
2026-05-15 00:43:57 - [Worker-AMZN] DATA | AMZN | 21:43:00 | O:267.06 H:267.0 L:267.0 C:267.0
2026-05-15 00:43:57 - [Worker-MSFT] DATA | MSFT | 21:43:00 | O:408.0 H:408.0 L:408.0 C:408.0
2026-05-15 00:44:39 - [Worker-AAPL] DATA | AAPL | 21:44:00 | O:298.22 H:298.48 L:298.23 C:298.3
2026-05-15 00:44:41 - [Worker-AMZN] DATA | AMZN | 21:44:00 | O:267.0 H:267.0 L:266.94 C:267.0
2026-05-15 00:44:42 - [Worker-MSFT] DATA | MSFT | 21:44:00 | O:407.94 H:407.94 L:407.83 C:407.96
2026-05-15 00:44:44 - [Worker-AMD] DATA | AMD | 21:44:00 | O:448.4 H:448.48 L:448.48 C:448.4
2026-05-15 00:44:45 - [Worker-META] DATA | META | 21:44:00 | O:617.12 H:617.2 L:617.2 C:617.2
2026-05-15 00:44:45 - [Worker-ARM] DATA | ARM | 21:44:00 | O:226.95 H:226.95 L:226.95 C:226.95
2026-05-15 00:44:48 - [Worker-GOOG] DATA | GOOG | 21:44:00 | O:396.65 H:396.65 L:396.65 C:396.65
2026-05-15 00:44:50 - [Worker-HPQ] DATA | HPQ | 21:44:00 | O:20.84 H:20.84 L:20.84 C:20.84
2026-05-15 00:44:52 - [Worker-NVDA] DATA | NVDA | 21:44:00 | O:235.84 H:235.85 L:235.82 C:235.85
2026-05-15 00:44:58 - [Worker-TSLA] DATA | TSLA | 21:44:00 | O:442.61 H:442.7 L:442.61 C:442.61
2026-05-15 00:45:45 - [MainThread] Global Connection established.
2026-05-15 00:45:46 - [MainThread] [31m[1mWARNING: This is a development server. Do not use it in a production deployment. Use a production WSGI server instead.[0m
 * Running on all addresses (0.0.0.0)
 * Running on http://127.0.0.1:3987
 * Running on http://192.168.1.4:3987
2026-05-15 00:45:46 - [MainThread] [33mPress CTRL+C to quit[0m
2026-05-15 00:45:47 - [Thread-1 (process_request_thread)] GraphQL Trigger: Env 4 requesting PKs: [2, 12, 14, 15, 16, 20, 21, 22, 23, 25]
2026-05-15 00:45:47 - [GraphQL-Trigger] SYNC ENGINE STARTING
2026-05-15 00:45:47 - [Thread-1 (process_request_thread)] 127.0.0.1 - - [15/May/2026 00:45:47] "POST /graphql HTTP/1.1" 200 -
2026-05-15 00:45:48 - [GraphQL-Trigger] Successfully mapped PKs [2, 12, 14, 15, 16, 20, 21, 22, 23, 25] to ['MSFT', 'HPQ', 'TSLA', 'AAPL', 'GOOG', 'NVDA', 'META', 'AMZN', 'AMD', 'ARM']
2026-05-15 00:46:19 - [Worker-TSLA] DATA | TSLA | 21:46:00 | O:442.7 H:442.75 L:442.7 C:442.72
2026-05-15 00:46:24 - [Worker-MSFT] DATA | MSFT | 21:46:00 | O:408.0 H:407.81 L:407.79 C:407.79
2026-05-15 00:46:47 - [Worker-HPQ] DATA | HPQ | 21:46:00 | O:20.84 H:20.84 L:20.84 C:20.84
2026-05-15 00:46:49 - [Worker-AAPL] DATA | AAPL | 21:46:00 | O:298.4 H:298.4 L:298.4 C:298.4
2026-05-15 00:46:56 - [Worker-GOOG] DATA | GOOG | 21:46:00 | O:397.32 H:396.65 L:396.65 C:396.66
2026-05-15 00:46:57 - [Worker-NVDA] DATA | NVDA | 21:46:00 | O:235.87 H:235.93 L:235.9 C:235.93
2026-05-15 00:47:22 - [Worker-AMD] DATA | AMD | 21:47:00 | O:448.5 H:448.44 L:448.25 C:448.44
2026-05-15 00:47:35 - [Worker-NVDA] DATA | NVDA | 21:47:00 | O:235.94 H:235.85 L:235.85 C:235.85
2026-05-15 00:47:37 - [Worker-META] DATA | META | 21:47:00 | O:617.15 H:617.15 L:617.15 C:617.15
2026-05-15 00:47:38 - [Worker-AMZN] DATA | AMZN | 21:47:00 | O:267.0 H:267.0 L:267.0 C:266.94
2026-05-15 00:47:38 - [Worker-MSFT] DATA | MSFT | 21:47:00 | O:407.97 H:407.97 L:407.97 C:407.83
2026-05-15 00:47:39 - [Worker-GOOG] DATA | GOOG | 21:47:00 | O:396.66 H:396.66 L:396.66 C:396.81
2026-05-15 00:47:46 - [Worker-TSLA] DATA | TSLA | 21:47:00 | O:442.75 H:442.8 L:442.76 C:442.76
2026-05-15 00:47:50 - [Worker-ARM] DATA | ARM | 21:47:00 | O:226.96 H:226.96 L:226.96 C:226.96
2026-05-15 00:47:52 - [Worker-AAPL] DATA | AAPL | 21:47:00 | O:298.4 H:298.21 L:298.21 C:298.21
2026-05-15 00:47:55 - [Worker-HPQ] DATA | HPQ | 21:47:00 | O:20.79 H:20.79 L:20.79 C:20.79
2026-05-15 00:48:32 - [Worker-GOOG] DATA | GOOG | 21:48:00 | O:396.81 H:396.81 L:396.81 C:396.81
2026-05-15 00:48:43 - [Worker-ARM] DATA | ARM | 21:48:00 | O:227.06 H:227.06 L:227.06 C:227.06
2026-05-15 00:48:44 - [Worker-AAPL] DATA | AAPL | 21:48:00 | O:298.21 H:298.31 L:298.21 C:298.3
2026-05-15 00:48:46 - [Worker-MSFT] DATA | MSFT | 21:48:00 | O:407.81 H:407.99 L:407.97 C:408.0
2026-05-15 00:48:50 - [Worker-HPQ] DATA | HPQ | 21:48:00 | O:20.79 H:20.79 L:20.79 C:20.79
2026-05-15 00:48:52 - [Worker-AMZN] DATA | AMZN | 21:48:00 | O:266.98 H:267.07 L:267.0 C:267.07
2026-05-15 00:48:54 - [Worker-META] DATA | META | 21:48:00 | O:617.26 H:617.49 L:617.26 C:617.26
2026-05-15 00:48:55 - [Worker-AMD] DATA | AMD | 21:48:00 | O:448.14 H:448.14 L:448.12 C:448.12
2026-05-15 00:48:58 - [Worker-NVDA] DATA | NVDA | 21:48:00 | O:235.83 H:235.83 L:235.83 C:235.82
2026-05-15 00:48:58 - [Worker-TSLA] DATA | TSLA | 21:48:00 | O:442.72 H:442.76 L:442.72 C:442.72
2026-05-15 00:49:31 - [Worker-HPQ] DATA | HPQ | 21:49:00 | O:20.79 H:20.79 L:20.79 C:20.79
2026-05-15 00:49:39 - [Worker-TSLA] DATA | TSLA | 21:49:00 | O:442.72 H:442.78 L:442.75 C:442.78
2026-05-15 00:49:40 - [Worker-META] DATA | META | 21:49:00 | O:617.01 H:617.01 L:617.01 C:617.01
2026-05-15 00:49:44 - [Worker-AMD] DATA | AMD | 21:49:00 | O:448.1 H:448.1 L:448.1 C:448.19
2026-05-15 00:49:46 - [Worker-MSFT] DATA | MSFT | 21:49:00 | O:407.9 H:408.0 L:407.9 C:408.0
2026-05-15 00:49:51 - [Worker-ARM] DATA | ARM | 21:49:00 | O:227.48 H:227.48 L:227.48 C:227.48
2026-05-15 00:49:53 - [Worker-NVDA] DATA | NVDA | 21:49:00 | O:235.84 H:235.84 L:235.84 C:235.85
2026-05-15 00:49:54 - [Worker-GOOG] DATA | GOOG | 21:49:00 | O:396.98 H:396.98 L:396.81 C:396.81
2026-05-15 00:49:55 - [Worker-AAPL] DATA | AAPL | 21:49:00 | O:298.3 H:298.32 L:298.32 C:298.3
2026-05-15 00:50:01 - [Worker-AMZN] DATA | AMZN | 21:49:00 | O:267.08 H:267.07 L:267.07 C:267.0
2026-05-15 04:06:15 - [MainThread] Global Connection established.
2026-05-15 04:06:15 - [MainThread] [31m[1mWARNING: This is a development server. Do not use it in a production deployment. Use a production WSGI server instead.[0m
 * Running on all addresses (0.0.0.0)
 * Running on http://127.0.0.1:3987
 * Running on http://192.168.1.4:3987
2026-05-15 04:06:15 - [MainThread] [33mPress CTRL+C to quit[0m
2026-05-15 04:06:21 - [Thread-1 (process_request_thread)] GraphQL Trigger: Env 4 requesting PKs: [2, 12, 14, 15, 16, 20, 21, 22, 23, 25]
2026-05-15 04:06:21 - [GraphQL-Trigger] SYNC ENGINE STARTING
2026-05-15 04:06:21 - [Thread-1 (process_request_thread)] 127.0.0.1 - - [15/May/2026 04:06:21] "POST /graphql HTTP/1.1" 200 -
2026-05-15 04:06:21 - [GraphQL-Trigger] Successfully mapped PKs [2, 12, 14, 15, 16, 20, 21, 22, 23, 25] to ['MSFT', 'HPQ', 'TSLA', 'AAPL', 'GOOG', 'NVDA', 'META', 'AMZN', 'AMD', 'ARM']
2026-05-15 04:07:25 - [MainThread] Global Connection established.
2026-05-15 04:07:25 - [MainThread] [31m[1mWARNING: This is a development server. Do not use it in a production deployment. Use a production WSGI server instead.[0m
 * Running on all addresses (0.0.0.0)
 * Running on http://127.0.0.1:3987
 * Running on http://192.168.1.4:3987
2026-05-15 04:07:25 - [MainThread] [33mPress CTRL+C to quit[0m
2026-05-15 04:07:26 - [Thread-1 (process_request_thread)] GraphQL Trigger: Env 4 requesting PKs: [2, 12, 14, 15, 16, 20, 21, 22, 23, 25]
2026-05-15 04:07:26 - [GraphQL-Trigger] SYNC ENGINE STARTING
2026-05-15 04:07:26 - [Thread-1 (process_request_thread)] 127.0.0.1 - - [15/May/2026 04:07:26] "POST /graphql HTTP/1.1" 200 -
2026-05-15 04:07:27 - [GraphQL-Trigger] Successfully mapped PKs [2, 12, 14, 15, 16, 20, 21, 22, 23, 25] to ['MSFT', 'HPQ', 'TSLA', 'AAPL', 'GOOG', 'NVDA', 'META', 'AMZN', 'AMD', 'ARM']
2026-05-15 04:11:37 - [MainThread] Global Connection established.
2026-05-15 04:11:37 - [MainThread] [31m[1mWARNING: This is a development server. Do not use it in a production deployment. Use a production WSGI server instead.[0m
 * Running on all addresses (0.0.0.0)
 * Running on http://127.0.0.1:3987
 * Running on http://192.168.1.4:3987
2026-05-15 04:11:37 - [MainThread] [33mPress CTRL+C to quit[0m
2026-05-15 04:11:41 - [Thread-1 (process_request_thread)] GraphQL Trigger: Env 4 requesting PKs: [2, 12, 14, 15, 16, 20, 21, 22, 23, 25]
2026-05-15 04:11:41 - [GraphQL-Trigger] SYNC ENGINE STARTING
2026-05-15 04:11:41 - [Thread-1 (process_request_thread)] 127.0.0.1 - - [15/May/2026 04:11:41] "POST /graphql HTTP/1.1" 200 -
2026-05-15 04:11:41 - [GraphQL-Trigger] Successfully mapped PKs [2, 12, 14, 15, 16, 20, 21, 22, 23, 25] to ['MSFT', 'HPQ', 'TSLA', 'AAPL', 'GOOG', 'NVDA', 'META', 'AMZN', 'AMD', 'ARM']
2026-05-16 10:36:28 - [MainThread] [31m[1mWARNING: This is a development server. Do not use it in a production deployment. Use a production WSGI server instead.[0m
 * Running on all addresses (0.0.0.0)
 * Running on http://127.0.0.1:3987
 * Running on http://192.168.1.3:3987
2026-05-16 10:36:28 - [MainThread] [33mPress CTRL+C to quit[0m
2026-05-16 10:37:21 - [MainThread] [31m[1mWARNING: This is a development server. Do not use it in a production deployment. Use a production WSGI server instead.[0m
 * Running on all addresses (0.0.0.0)
 * Running on http://127.0.0.1:3987
 * Running on http://192.168.1.3:3987
2026-05-16 10:37:21 - [MainThread] [33mPress CTRL+C to quit[0m
