2026-05-14 16:21:38 - [DB-Writer] DATA INSERTED for META | at 2026-05-14 13:21:00
2026-05-14 16:21:42 - [DB-Writer] DATA INSERTED for GOOG | at 2026-05-14 13:21:00
2026-05-14 16:21:43 - [DB-Writer] DATA INSERTED for AMD | at 2026-05-14 13:21:00
2026-05-14 16:21:45 - [DB-Writer] DATA INSERTED for HPQ | at 2026-05-14 13:21:00
2026-05-14 16:21:47 - [DB-Writer] DATA INSERTED for NVDA | at 2026-05-14 13:21:00
2026-05-14 16:21:47 - [DB-Writer] DATA INSERTED for TSLA | at 2026-05-14 13:21:00
2026-05-14 16:21:51 - [DB-Writer] DATA INSERTED for AAPL | at 2026-05-14 13:21:00
2026-05-14 16:21:52 - [DB-Writer] DATA INSERTED for MSFT | at 2026-05-14 13:21:00
2026-05-14 16:21:53 - [DB-Writer] DATA INSERTED for AMZN | at 2026-05-14 13:21:00
2026-05-14 16:21:55 - [DB-Writer] DATA INSERTED for ARM | at 2026-05-14 13:21:00
2026-05-14 16:22:41 - [DB-Writer] DATA INSERTED for MSFT | at 2026-05-14 13:22:00
2026-05-14 16:22:45 - [DB-Writer] DATA INSERTED for ARM | at 2026-05-14 13:22:00
2026-05-14 16:22:46 - [DB-Writer] DATA INSERTED for META | at 2026-05-14 13:22:00
2026-05-14 16:22:47 - [DB-Writer] DATA INSERTED for NVDA | at 2026-05-14 13:22:00
2026-05-14 16:22:49 - [DB-Writer] DATA INSERTED for HPQ | at 2026-05-14 13:22:00
2026-05-14 16:22:51 - [DB-Writer] DATA INSERTED for GOOG | at 2026-05-14 13:22:00
2026-05-14 16:22:52 - [DB-Writer] DATA INSERTED for AMZN | at 2026-05-14 13:22:00
2026-05-14 16:22:55 - [DB-Writer] DATA INSERTED for AAPL | at 2026-05-14 13:22:00
2026-05-14 16:22:56 - [DB-Writer] DATA INSERTED for AMD | at 2026-05-14 13:22:00
2026-05-14 16:22:57 - [DB-Writer] DATA INSERTED for TSLA | at 2026-05-14 13:22:00
2026-05-14 16:23:27 - [DB-Writer] DATA INSERTED for NVDA | at 2026-05-14 13:23:00
2026-05-14 16:23:31 - [DB-Writer] DATA INSERTED for AMZN | at 2026-05-14 13:23:00
2026-05-14 16:23:48 - [DB-Writer] DATA INSERTED for HPQ | at 2026-05-14 13:23:00
2026-05-14 16:23:49 - [DB-Writer] DATA INSERTED for AMD | at 2026-05-14 13:23:00
2026-05-14 16:23:49 - [DB-Writer] DATA INSERTED for TSLA | at 2026-05-14 13:23:00
2026-05-14 16:23:52 - [DB-Writer] DATA INSERTED for AAPL | at 2026-05-14 13:23:00
2026-05-14 16:23:54 - [DB-Writer] DATA INSERTED for GOOG | at 2026-05-14 13:23:00
2026-05-14 16:23:56 - [DB-Writer] DATA INSERTED for ARM | at 2026-05-14 13:23:00
2026-05-14 16:23:56 - [DB-Writer] DATA INSERTED for META | at 2026-05-14 13:23:00
2026-05-14 16:23:57 - [DB-Writer] DATA INSERTED for MSFT | at 2026-05-14 13:23:00
2026-05-14 16:24:34 - [DB-Writer] DATA INSERTED for AMZN | at 2026-05-14 13:24:00
2026-05-14 16:24:36 - [DB-Writer] DATA INSERTED for GOOG | at 2026-05-14 13:24:00
2026-05-14 16:24:43 - [DB-Writer] DATA INSERTED for AAPL | at 2026-05-14 13:24:00
2026-05-14 16:24:46 - [DB-Writer] DATA INSERTED for META | at 2026-05-14 13:24:00
2026-05-14 16:24:46 - [DB-Writer] DATA INSERTED for AMD | at 2026-05-14 13:24:00
2026-05-14 16:24:47 - [DB-Writer] DATA INSERTED for HPQ | at 2026-05-14 13:24:00
2026-05-14 16:24:47 - [DB-Writer] DATA INSERTED for ARM | at 2026-05-14 13:24:00
2026-05-14 16:24:50 - [DB-Writer] DATA INSERTED for NVDA | at 2026-05-14 13:24:00
2026-05-14 16:24:51 - [DB-Writer] DATA INSERTED for TSLA | at 2026-05-14 13:24:00
2026-05-14 16:24:52 - [DB-Writer] DATA INSERTED for MSFT | at 2026-05-14 13:24:00
2026-05-14 16:25:31 - [DB-Writer] DATA INSERTED for MSFT | at 2026-05-14 13:25:00
2026-05-14 16:25:40 - [DB-Writer] DATA INSERTED for HPQ | at 2026-05-14 13:25:00
2026-05-14 16:25:40 - [DB-Writer] DATA INSERTED for GOOG | at 2026-05-14 13:25:00
2026-05-14 16:25:40 - [DB-Writer] DATA INSERTED for META | at 2026-05-14 13:25:00
2026-05-14 16:25:44 - [DB-Writer] DATA INSERTED for AAPL | at 2026-05-14 13:25:00
2026-05-14 16:25:52 - [DB-Writer] DATA INSERTED for NVDA | at 2026-05-14 13:25:00
2026-05-14 16:25:53 - [DB-Writer] DATA INSERTED for ARM | at 2026-05-14 13:25:00
2026-05-14 16:25:55 - [DB-Writer] DATA INSERTED for AMZN | at 2026-05-14 13:25:00
2026-05-14 16:25:56 - [DB-Writer] DATA INSERTED for TSLA | at 2026-05-14 13:25:00
2026-05-14 16:25:58 - [DB-Writer] DATA INSERTED for AMD | at 2026-05-14 13:25:00
2026-05-14 17:41:44 - [DB-Writer] DATA INSERTED for AAPL | at 2026-05-14 14:41:00
2026-05-14 17:41:47 - [DB-Writer] DATA INSERTED for TSLA | at 2026-05-14 14:41:00
2026-05-14 17:41:48 - [DB-Writer] DATA INSERTED for HPQ | at 2026-05-14 14:41:00
2026-05-14 17:41:49 - [DB-Writer] DATA INSERTED for MSFT | at 2026-05-14 14:41:00
2026-05-14 17:42:42 - [DB-Writer] DATA INSERTED for AAPL | at 2026-05-14 14:42:00
2026-05-14 17:42:47 - [DB-Writer] DATA INSERTED for TSLA | at 2026-05-14 14:42:00
2026-05-14 17:42:48 - [DB-Writer] DATA INSERTED for MSFT | at 2026-05-14 14:42:00
2026-05-14 17:42:51 - [DB-Writer] DATA INSERTED for HPQ | at 2026-05-14 14:42:00
2026-05-14 17:42:52 - [DB-Writer] DATA INSERTED for NVDA | at 2026-05-14 14:42:00
2026-05-14 17:42:54 - [DB-Writer] DATA INSERTED for AMD | at 2026-05-14 14:42:00
2026-05-14 17:42:55 - [DB-Writer] DATA INSERTED for AMZN | at 2026-05-14 14:42:00
2026-05-14 17:42:55 - [DB-Writer] DATA INSERTED for AAPL | at 2026-05-14 14:42:00
2026-05-14 17:42:56 - [DB-Writer] DATA INSERTED for GOOG | at 2026-05-14 14:42:00
2026-05-14 17:42:56 - [DB-Writer] DATA INSERTED for ARM | at 2026-05-14 14:42:00
2026-05-14 17:42:58 - [DB-Writer] DATA INSERTED for META | at 2026-05-14 14:42:00
2026-05-14 17:43:28 - [DB-Writer] DATA INSERTED for AMZN | at 2026-05-14 14:43:00
2026-05-14 17:43:36 - [DB-Writer] DATA INSERTED for MSFT | at 2026-05-14 14:43:00
2026-05-14 17:43:37 - [DB-Writer] DATA INSERTED for AAPL | at 2026-05-14 14:43:00
2026-05-14 17:43:43 - [DB-Writer] DATA INSERTED for TSLA | at 2026-05-14 14:43:00
2026-05-14 17:43:44 - [DB-Writer] DATA INSERTED for GOOG | at 2026-05-14 14:43:00
2026-05-14 17:43:52 - [DB-Writer] DATA INSERTED for AAPL | at 2026-05-14 14:43:00
2026-05-14 17:43:52 - [DB-Writer] DATA INSERTED for META | at 2026-05-14 14:43:00
2026-05-14 17:43:53 - [DB-Writer] DATA INSERTED for HPQ | at 2026-05-14 14:43:00
2026-05-14 17:43:56 - [DB-Writer] DATA INSERTED for AMD | at 2026-05-14 14:43:00
2026-05-14 17:43:56 - [DB-Writer] DATA INSERTED for NVDA | at 2026-05-14 14:43:00
2026-05-14 17:43:59 - [DB-Writer] DATA INSERTED for ARM | at 2026-05-14 14:43:00
2026-05-14 17:44:31 - [DB-Writer] DATA INSERTED for AMD | at 2026-05-14 14:44:00
2026-05-14 17:44:38 - [DB-Writer] DATA INSERTED for ARM | at 2026-05-14 14:44:00
2026-05-14 17:44:42 - [DB-Writer] DATA INSERTED for AAPL | at 2026-05-14 14:44:00
2026-05-14 17:44:42 - [DB-Writer] DATA INSERTED for AAPL | at 2026-05-14 14:44:00
2026-05-14 17:44:45 - [DB-Writer] DATA INSERTED for GOOG | at 2026-05-14 14:44:00
2026-05-14 17:44:49 - [DB-Writer] DATA INSERTED for HPQ | at 2026-05-14 14:44:00
2026-05-14 17:44:50 - [DB-Writer] DATA INSERTED for TSLA | at 2026-05-14 14:44:00
2026-05-14 17:44:52 - [DB-Writer] DATA INSERTED for META | at 2026-05-14 14:44:00
2026-05-14 17:44:52 - [DB-Writer] DATA INSERTED for NVDA | at 2026-05-14 14:44:00
2026-05-14 17:44:56 - [DB-Writer] DATA INSERTED for AMZN | at 2026-05-14 14:44:00
2026-05-14 17:44:56 - [DB-Writer] DATA INSERTED for MSFT | at 2026-05-14 14:44:00
2026-05-14 17:45:30 - [DB-Writer] DATA INSERTED for AAPL | at 2026-05-14 14:45:00
2026-05-14 17:45:36 - [DB-Writer] DATA INSERTED for HPQ | at 2026-05-14 14:45:00
2026-05-14 17:45:36 - [DB-Writer] DATA INSERTED for AMD | at 2026-05-14 14:45:00
2026-05-14 17:45:45 - [DB-Writer] DATA INSERTED for AMZN | at 2026-05-14 14:45:00
2026-05-14 17:45:47 - [DB-Writer] DATA INSERTED for AAPL | at 2026-05-14 14:45:00
2026-05-14 17:45:50 - [DB-Writer] DATA INSERTED for NVDA | at 2026-05-14 14:45:00
2026-05-14 17:45:52 - [DB-Writer] DATA INSERTED for TSLA | at 2026-05-14 14:45:00
2026-05-14 17:45:52 - [DB-Writer] DATA INSERTED for META | at 2026-05-14 14:45:00
2026-05-14 17:45:55 - [DB-Writer] DATA INSERTED for MSFT | at 2026-05-14 14:45:00
2026-05-14 17:45:57 - [DB-Writer] DATA INSERTED for GOOG | at 2026-05-14 14:45:00
2026-05-14 17:45:57 - [DB-Writer] DATA INSERTED for ARM | at 2026-05-14 14:45:00
2026-05-14 17:46:34 - [DB-Writer] DATA INSERTED for TSLA | at 2026-05-14 14:46:00
2026-05-14 17:46:44 - [DB-Writer] DATA INSERTED for AMD | at 2026-05-14 14:46:00
2026-05-14 17:46:47 - [DB-Writer] DATA INSERTED for GOOG | at 2026-05-14 14:46:00
2026-05-14 17:46:47 - [DB-Writer] DATA INSERTED for ARM | at 2026-05-14 14:46:00
2026-05-14 17:46:48 - [DB-Writer] DATA INSERTED for MSFT | at 2026-05-14 14:46:00
2026-05-14 17:46:48 - [DB-Writer] DATA INSERTED for AAPL | at 2026-05-14 14:46:00
2026-05-14 17:46:52 - [DB-Writer] DATA INSERTED for AMZN | at 2026-05-14 14:46:00
2026-05-14 17:46:58 - [DB-Writer] DATA INSERTED for HPQ | at 2026-05-14 14:46:00
2026-05-14 17:46:58 - [DB-Writer] DATA INSERTED for NVDA | at 2026-05-14 14:46:00
2026-05-14 17:46:59 - [DB-Writer] DATA INSERTED for META | at 2026-05-14 14:46:00
2026-05-14 17:46:59 - [DB-Writer] DATA INSERTED for AAPL | at 2026-05-14 14:46:00
2026-05-14 17:46:59 - [DB-Writer] DATA INSERTED for AAPL | at 2026-05-14 14:46:00
2026-05-14 17:47:36 - [DB-Writer] DATA INSERTED for NVDA | at 2026-05-14 14:47:00
2026-05-14 17:47:37 - [DB-Writer] DATA INSERTED for HPQ | at 2026-05-14 14:47:00
2026-05-14 17:47:39 - [DB-Writer] DATA INSERTED for MSFT | at 2026-05-14 14:47:00
2026-05-14 18:41:36 - [DB-Writer] DATA INSERTED for AAPL | at 2026-05-14 15:41:00
2026-05-14 18:41:39 - [DB-Writer] DATA INSERTED for TSLA | at 2026-05-14 15:41:00
2026-05-14 18:41:43 - [DB-Writer] DATA INSERTED for MSFT | at 2026-05-14 15:41:00
2026-05-14 18:41:47 - [DB-Writer] DATA INSERTED for HPQ | at 2026-05-14 15:41:00
2026-05-14 18:41:50 - [DB-Writer] DATA INSERTED for AMD | at 2026-05-14 15:41:00
2026-05-14 18:41:51 - [DB-Writer] DATA INSERTED for AMZN | at 2026-05-14 15:41:00
2026-05-14 18:41:57 - [DB-Writer] DATA INSERTED for GOOG | at 2026-05-14 15:41:00
2026-05-14 18:41:57 - [DB-Writer] DATA INSERTED for ARM | at 2026-05-14 15:41:00
2026-05-14 18:41:58 - [DB-Writer] DATA INSERTED for NVDA | at 2026-05-14 15:41:00
2026-05-14 18:41:58 - [DB-Writer] DATA INSERTED for META | at 2026-05-14 15:41:00
2026-05-14 19:09:53 - [DB-Writer] DATA INSERTED for MSFT | at 2026-05-14 16:09:00
