2026-05-14 02:12:36 - [DB-Writer] DATA INSERTED for HPQ
2026-05-14 02:12:47 - [DB-Writer] DATA INSERTED for GOOG
2026-05-14 02:12:52 - [DB-Writer] DATA INSERTED for TSLA
2026-05-14 02:12:55 - [DB-Writer] DATA INSERTED for AAPL
2026-05-14 02:12:57 - [DB-Writer] DATA INSERTED for AMD
2026-05-14 02:13:45 - [DB-Writer] DATA INSERTED for AMD
2026-05-14 02:13:49 - [DB-Writer] DATA INSERTED for ARM
2026-05-14 02:13:54 - [DB-Writer] DATA INSERTED for AAPL
2026-05-14 02:13:54 - [DB-Writer] DATA INSERTED for TSLA
2026-05-14 02:13:56 - [DB-Writer] DATA INSERTED for AMZN
2026-05-14 02:14:40 - [DB-Writer] DATA INSERTED for META
2026-05-14 02:14:46 - [DB-Writer] DATA INSERTED for MSFT
2026-05-14 02:14:50 - [DB-Writer] DATA INSERTED for AMZN
2026-05-14 02:14:54 - [DB-Writer] DATA INSERTED for AAPL
2026-05-14 02:14:55 - [DB-Writer] DATA INSERTED for TSLA
2026-05-14 02:24:39 - [DB-Writer] DATA INSERTED for META
2026-05-14 02:24:47 - [DB-Writer] DATA INSERTED for AAPL
2026-05-14 02:24:47 - [DB-Writer] DATA INSERTED for NVDA
2026-05-14 02:24:50 - [DB-Writer] DATA INSERTED for HPQ
2026-05-14 02:24:57 - [DB-Writer] DATA INSERTED for ARM
2026-05-14 02:25:34 - [DB-Writer] DATA INSERTED for GOOG
2026-05-14 02:25:49 - [DB-Writer] DATA INSERTED for TSLA
2026-05-14 02:25:54 - [DB-Writer] DATA INSERTED for META
2026-05-14 02:25:56 - [DB-Writer] DATA INSERTED for NVDA
2026-05-14 02:25:56 - [DB-Writer] DATA INSERTED for AMZN
