2026-05-15 00:26:20 - DB_OPS - INFO - Global Connection established.
2026-05-15 00:28:18 - DB_OPS - INFO - Global Connection established.
2026-05-15 00:29:33 - DB_OPS - INFO - Global Connection established.
2026-05-15 00:32:26 - DB_OPS - INFO - SUCCESS | HPQ | 2026-05-14 21:32:00
2026-05-15 00:32:33 - DB_OPS - INFO - SUCCESS | AMD | 2026-05-14 21:32:00
2026-05-15 00:32:47 - DB_OPS - INFO - SUCCESS | TSLA | 2026-05-14 21:32:00
2026-05-15 00:32:48 - DB_OPS - INFO - SUCCESS | NVDA | 2026-05-14 21:32:00
2026-05-15 00:32:49 - DB_OPS - INFO - SUCCESS | AMZN | 2026-05-14 21:32:00
2026-05-15 00:32:50 - DB_OPS - INFO - SUCCESS | GOOG | 2026-05-14 21:32:00
2026-05-15 00:32:51 - DB_OPS - INFO - SUCCESS | MSFT | 2026-05-14 21:32:00
2026-05-15 00:32:52 - DB_OPS - INFO - SUCCESS | ARM | 2026-05-14 21:32:00
2026-05-15 00:32:52 - DB_OPS - INFO - SUCCESS | META | 2026-05-14 21:32:00
2026-05-15 00:32:53 - DB_OPS - INFO - SUCCESS | AAPL | 2026-05-14 21:32:00
2026-05-15 00:33:28 - DB_OPS - INFO - SUCCESS | MSFT | 2026-05-14 21:33:00
2026-05-15 00:33:39 - DB_OPS - INFO - SUCCESS | AAPL | 2026-05-14 21:33:00
2026-05-15 00:33:39 - DB_OPS - INFO - SUCCESS | META | 2026-05-14 21:33:00
2026-05-15 00:33:42 - DB_OPS - INFO - SUCCESS | ARM | 2026-05-14 21:33:00
2026-05-15 00:33:45 - DB_OPS - INFO - SUCCESS | NVDA | 2026-05-14 21:33:00
2026-05-15 00:33:49 - DB_OPS - INFO - SUCCESS | GOOG | 2026-05-14 21:33:00
2026-05-15 00:33:50 - DB_OPS - INFO - SUCCESS | AMD | 2026-05-14 21:33:00
2026-05-15 00:33:52 - DB_OPS - INFO - SUCCESS | AMZN | 2026-05-14 21:33:00
2026-05-15 00:33:53 - DB_OPS - INFO - SUCCESS | TSLA | 2026-05-14 21:33:00
2026-05-15 00:33:56 - DB_OPS - INFO - SUCCESS | HPQ | 2026-05-14 21:33:00
2026-05-15 00:34:32 - DB_OPS - INFO - SUCCESS | ARM | 2026-05-14 21:34:00
2026-05-15 00:34:37 - DB_OPS - INFO - SUCCESS | TSLA | 2026-05-14 21:34:00
2026-05-15 00:34:42 - DB_OPS - INFO - SUCCESS | GOOG | 2026-05-14 21:34:00
2026-05-15 00:34:43 - DB_OPS - INFO - SUCCESS | AMD | 2026-05-14 21:34:00
