2026-05-15 00:41:24 - [DB-Writer] SUCCESS | AAPL | 2026-05-14 21:41:00
2026-05-15 00:41:29 - [DB-Writer] SUCCESS | NVDA | 2026-05-14 21:41:00
2026-05-15 00:41:39 - [DB-Writer] SUCCESS | MSFT | 2026-05-14 21:41:00
2026-05-15 00:41:41 - [DB-Writer] SUCCESS | AMD | 2026-05-14 21:41:00
2026-05-15 00:41:44 - [DB-Writer] SUCCESS | META | 2026-05-14 21:41:00
2026-05-15 00:41:46 - [DB-Writer] SUCCESS | GOOG | 2026-05-14 21:41:00
2026-05-15 00:41:48 - [DB-Writer] SUCCESS | TSLA | 2026-05-14 21:41:00
2026-05-15 00:41:51 - [DB-Writer] SUCCESS | AMZN | 2026-05-14 21:41:00
2026-05-15 00:41:53 - [DB-Writer] SUCCESS | ARM | 2026-05-14 21:41:00
2026-05-15 00:41:56 - [DB-Writer] SUCCESS | HPQ | 2026-05-14 21:41:00
2026-05-15 00:42:40 - [DB-Writer] SUCCESS | AMZN | 2026-05-14 21:42:00
2026-05-15 00:42:50 - [DB-Writer] SUCCESS | AMD | 2026-05-14 21:42:00
2026-05-15 00:42:52 - [DB-Writer] SUCCESS | NVDA | 2026-05-14 21:42:00
2026-05-15 00:42:53 - [DB-Writer] SUCCESS | META | 2026-05-14 21:42:00
2026-05-15 00:42:53 - [DB-Writer] SUCCESS | TSLA | 2026-05-14 21:42:00
2026-05-15 00:42:55 - [DB-Writer] SUCCESS | ARM | 2026-05-14 21:42:00
2026-05-15 00:42:56 - [DB-Writer] SUCCESS | GOOG | 2026-05-14 21:42:00
2026-05-15 00:42:56 - [DB-Writer] SUCCESS | AAPL | 2026-05-14 21:42:00
2026-05-15 00:42:56 - [DB-Writer] SUCCESS | MSFT | 2026-05-14 21:42:00
2026-05-15 00:42:56 - [DB-Writer] SUCCESS | HPQ | 2026-05-14 21:42:00
2026-05-15 00:43:28 - [DB-Writer] SUCCESS | AMD | 2026-05-14 21:43:00
2026-05-15 00:43:34 - [DB-Writer] SUCCESS | HPQ | 2026-05-14 21:43:00
2026-05-15 00:43:38 - [DB-Writer] SUCCESS | ARM | 2026-05-14 21:43:00
2026-05-15 00:43:42 - [DB-Writer] SUCCESS | AAPL | 2026-05-14 21:43:00
2026-05-15 00:43:45 - [DB-Writer] SUCCESS | TSLA | 2026-05-14 21:43:00
2026-05-15 00:43:49 - [DB-Writer] SUCCESS | GOOG | 2026-05-14 21:43:00
2026-05-15 00:43:50 - [DB-Writer] SUCCESS | META | 2026-05-14 21:43:00
2026-05-15 00:43:51 - [DB-Writer] SUCCESS | NVDA | 2026-05-14 21:43:00
2026-05-15 00:43:57 - [DB-Writer] SUCCESS | AMZN | 2026-05-14 21:43:00
2026-05-15 00:43:58 - [DB-Writer] SUCCESS | MSFT | 2026-05-14 21:43:00
2026-05-15 00:44:39 - [DB-Writer] SUCCESS | AAPL | 2026-05-14 21:44:00
2026-05-15 00:44:41 - [DB-Writer] SUCCESS | AMZN | 2026-05-14 21:44:00
2026-05-15 00:44:42 - [DB-Writer] SUCCESS | MSFT | 2026-05-14 21:44:00
2026-05-15 00:44:44 - [DB-Writer] SUCCESS | AMD | 2026-05-14 21:44:00
2026-05-15 00:44:45 - [DB-Writer] SUCCESS | META | 2026-05-14 21:44:00
2026-05-15 00:44:45 - [DB-Writer] SUCCESS | ARM | 2026-05-14 21:44:00
2026-05-15 00:44:48 - [DB-Writer] SUCCESS | GOOG | 2026-05-14 21:44:00
2026-05-15 00:44:50 - [DB-Writer] SUCCESS | HPQ | 2026-05-14 21:44:00
2026-05-15 00:44:53 - [DB-Writer] SUCCESS | NVDA | 2026-05-14 21:44:00
2026-05-15 00:44:58 - [DB-Writer] SUCCESS | TSLA | 2026-05-14 21:44:00
2026-05-15 00:46:21 - [DB-Writer] SUCCESS | TSLA | 2026-05-14 21:46:00
2026-05-15 00:46:24 - [DB-Writer] SUCCESS | MSFT | 2026-05-14 21:46:00
2026-05-15 00:46:47 - [DB-Writer] SUCCESS | HPQ | 2026-05-14 21:46:00
2026-05-15 00:46:49 - [DB-Writer] SUCCESS | AAPL | 2026-05-14 21:46:00
2026-05-15 00:46:56 - [DB-Writer] SUCCESS | GOOG | 2026-05-14 21:46:00
2026-05-15 00:46:57 - [DB-Writer] SUCCESS | NVDA | 2026-05-14 21:46:00
2026-05-15 00:47:22 - [DB-Writer] SUCCESS | AMD | 2026-05-14 21:47:00
2026-05-15 00:47:35 - [DB-Writer] SUCCESS | NVDA | 2026-05-14 21:47:00
2026-05-15 00:47:37 - [DB-Writer] SUCCESS | META | 2026-05-14 21:47:00
2026-05-15 00:47:38 - [DB-Writer] SUCCESS | AMZN | 2026-05-14 21:47:00
2026-05-15 00:47:38 - [DB-Writer] SUCCESS | MSFT | 2026-05-14 21:47:00
2026-05-15 00:47:39 - [DB-Writer] SUCCESS | GOOG | 2026-05-14 21:47:00
2026-05-15 00:47:46 - [DB-Writer] SUCCESS | TSLA | 2026-05-14 21:47:00
2026-05-15 00:47:50 - [DB-Writer] SUCCESS | ARM | 2026-05-14 21:47:00
2026-05-15 00:47:52 - [DB-Writer] SUCCESS | AAPL | 2026-05-14 21:47:00
2026-05-15 00:47:55 - [DB-Writer] SUCCESS | HPQ | 2026-05-14 21:47:00
2026-05-15 00:48:33 - [DB-Writer] SUCCESS | GOOG | 2026-05-14 21:48:00
2026-05-15 00:48:43 - [DB-Writer] SUCCESS | ARM | 2026-05-14 21:48:00
2026-05-15 00:48:44 - [DB-Writer] SUCCESS | AAPL | 2026-05-14 21:48:00
2026-05-15 00:48:46 - [DB-Writer] SUCCESS | MSFT | 2026-05-14 21:48:00
2026-05-15 00:48:50 - [DB-Writer] SUCCESS | HPQ | 2026-05-14 21:48:00
2026-05-15 00:48:52 - [DB-Writer] SUCCESS | AMZN | 2026-05-14 21:48:00
2026-05-15 00:48:54 - [DB-Writer] SUCCESS | META | 2026-05-14 21:48:00
2026-05-15 00:48:55 - [DB-Writer] SUCCESS | AMD | 2026-05-14 21:48:00
2026-05-15 00:48:58 - [DB-Writer] SUCCESS | NVDA | 2026-05-14 21:48:00
2026-05-15 00:48:58 - [DB-Writer] SUCCESS | TSLA | 2026-05-14 21:48:00
2026-05-15 00:49:31 - [DB-Writer] SUCCESS | HPQ | 2026-05-14 21:49:00
2026-05-15 00:49:39 - [DB-Writer] SUCCESS | TSLA | 2026-05-14 21:49:00
2026-05-15 00:49:40 - [DB-Writer] SUCCESS | META | 2026-05-14 21:49:00
2026-05-15 00:49:45 - [DB-Writer] SUCCESS | AMD | 2026-05-14 21:49:00
2026-05-15 00:49:46 - [DB-Writer] SUCCESS | MSFT | 2026-05-14 21:49:00
2026-05-15 00:49:51 - [DB-Writer] SUCCESS | ARM | 2026-05-14 21:49:00
2026-05-15 00:49:53 - [DB-Writer] SUCCESS | NVDA | 2026-05-14 21:49:00
2026-05-15 00:49:54 - [DB-Writer] SUCCESS | GOOG | 2026-05-14 21:49:00
2026-05-15 00:49:55 - [DB-Writer] SUCCESS | AAPL | 2026-05-14 21:49:00
2026-05-15 00:50:01 - [DB-Writer] SUCCESS | AMZN | 2026-05-14 21:49:00
