2026-05-14 02:35:00 - [MainThread] GraphQL Trigger: Env 4 requesting PKs: [2, 12, 14, 15, 16, 20, 21, 22, 23, 25]
2026-05-14 02:35:00 - [GraphQL-Trigger] SYNC ENGINE STARTING
2026-05-14 02:35:00 - [MainThread] [31m[1mWARNING: This is a development server. Do not use it in a production deployment. Use a production WSGI server instead.[0m
 * Running on all addresses (0.0.0.0)
 * Running on http://127.0.0.1:3987
 * Running on http://192.168.1.8:3987
2026-05-14 02:35:00 - [MainThread] [33mPress CTRL+C to quit[0m
2026-05-14 02:35:01 - [GraphQL-Trigger] Successfully mapped PKs [2, 12, 14, 15, 16, 20, 21, 22, 23, 25] to ['MSFT', 'HPQ', 'TSLA', 'AAPL', 'GOOG', 'NVDA', 'META', 'AMZN', 'AMD', 'ARM']
2026-05-14 02:36:39 - [Worker-ARM] DATA | ARM | 23:36:00 | O:223.61 H:223.9 L:223.61 C:223.9
2026-05-14 02:36:40 - [DB-Writer] DATA INSERTED for ARM | at 2026-05-13 23:36:00
2026-05-14 02:36:49 - [Worker-MSFT] DATA | MSFT | 23:36:00 | O:404.43 H:404.43 L:404.41 C:404.5
2026-05-14 02:36:49 - [Worker-AMZN] DATA | AMZN | 23:36:00 | O:270.48 H:270.5 L:270.5 C:270.5
2026-05-14 02:36:49 - [DB-Writer] DATA INSERTED for MSFT | at 2026-05-13 23:36:00
2026-05-14 02:36:49 - [DB-Writer] DATA INSERTED for AMZN | at 2026-05-13 23:36:00
2026-05-14 02:36:50 - [Worker-HPQ] DATA | HPQ | 23:36:00 | O:21.31 H:21.31 L:21.31 C:21.31
2026-05-14 02:36:51 - [DB-Writer] DATA INSERTED for HPQ | at 2026-05-13 23:36:00
2026-05-14 02:36:51 - [Worker-NVDA] DATA | NVDA | 23:36:00 | O:227.25 H:227.3 L:227.28 C:227.3
2026-05-14 02:36:51 - [DB-Writer] DATA INSERTED for NVDA | at 2026-05-13 23:36:00
2026-05-14 02:36:52 - [Worker-AAPL] DATA | AAPL | 23:36:00 | O:298.34 H:298.37 L:298.35 C:298.3
2026-05-14 02:36:52 - [DB-Writer] DATA INSERTED for AAPL | at 2026-05-13 23:36:00
2026-05-14 02:36:53 - [Worker-AMD] DATA | AMD | 23:36:00 | O:444.82 H:444.74 L:444.55 C:444.74
2026-05-14 02:36:54 - [Worker-GOOG] DATA | GOOG | 23:36:00 | O:399.74 H:399.74 L:399.74 C:399.74
2026-05-14 02:36:54 - [DB-Writer] DATA INSERTED for AMD | at 2026-05-13 23:36:00
2026-05-14 02:36:54 - [DB-Writer] DATA INSERTED for GOOG | at 2026-05-13 23:36:00
2026-05-14 02:36:55 - [Worker-TSLA] DATA | TSLA | 23:36:00 | O:447.9 H:447.99 L:447.88 C:447.95
2026-05-14 02:36:55 - [DB-Writer] DATA INSERTED for TSLA | at 2026-05-13 23:36:00
2026-05-14 02:36:57 - [Worker-META] DATA | META | 23:36:00 | O:616.35 H:616.35 L:616.35 C:616.35
2026-05-14 02:36:57 - [DB-Writer] DATA INSERTED for META | at 2026-05-13 23:36:00
2026-05-14 02:37:43 - [Worker-AMZN] DATA | AMZN | 23:37:00 | O:270.48 H:270.5 L:270.5 C:270.5
2026-05-14 02:37:43 - [DB-Writer] DATA INSERTED for AMZN | at 2026-05-13 23:37:00
2026-05-14 02:37:43 - [Worker-META] DATA | META | 23:37:00 | O:616.35 H:616.49 L:616.49 C:616.49
2026-05-14 02:37:44 - [DB-Writer] DATA INSERTED for META | at 2026-05-13 23:37:00
2026-05-14 02:37:46 - [Worker-GOOG] DATA | GOOG | 23:37:00 | O:399.92 H:399.75 L:399.75 C:399.75
2026-05-14 02:37:46 - [DB-Writer] DATA INSERTED for GOOG | at 2026-05-13 23:37:00
2026-05-14 02:37:48 - [Worker-AMD] DATA | AMD | 23:37:00 | O:444.62 H:444.75 L:444.67 C:444.75
2026-05-14 02:37:48 - [DB-Writer] DATA INSERTED for AMD | at 2026-05-13 23:37:00
2026-05-14 02:37:50 - [Worker-HPQ] DATA | HPQ | 23:37:00 | O:21.31 H:21.31 L:21.31 C:21.31
2026-05-14 02:37:50 - [DB-Writer] DATA INSERTED for HPQ | at 2026-05-13 23:37:00
2026-05-14 02:37:51 - [Worker-NVDA] DATA | NVDA | 23:37:00 | O:227.27 H:227.3 L:227.29 C:227.3
2026-05-14 02:37:51 - [DB-Writer] DATA INSERTED for NVDA | at 2026-05-13 23:37:00
2026-05-14 02:37:53 - [Worker-TSLA] DATA | TSLA | 23:37:00 | O:447.9 H:447.94 L:447.93 C:447.9
2026-05-14 02:37:53 - [DB-Writer] DATA INSERTED for TSLA | at 2026-05-13 23:37:00
2026-05-14 02:37:54 - [Worker-ARM] DATA | ARM | 23:37:00 | O:223.6 H:223.73 L:223.73 C:223.73
2026-05-14 02:37:54 - [DB-Writer] DATA INSERTED for ARM | at 2026-05-13 23:37:00
2026-05-14 02:37:55 - [Worker-AAPL] DATA | AAPL | 23:37:00 | O:298.37 H:298.3 L:298.3 C:298.3
2026-05-14 02:37:56 - [DB-Writer] DATA INSERTED for AAPL | at 2026-05-13 23:37:00
2026-05-14 02:37:56 - [Worker-MSFT] DATA | MSFT | 23:37:00 | O:404.4 H:404.31 L:404.31 C:404.31
2026-05-14 02:37:56 - [DB-Writer] DATA INSERTED for MSFT | at 2026-05-13 23:37:00
2026-05-14 02:38:23 - [Worker-NVDA] DATA | NVDA | 23:38:00 | O:227.33 H:227.33 L:227.32 C:227.33
2026-05-14 02:38:23 - [DB-Writer] DATA INSERTED for NVDA | at 2026-05-13 23:38:00
2026-05-14 02:38:26 - [Worker-ARM] DATA | ARM | 23:38:00 | O:223.75 H:223.75 L:223.57 C:223.57
2026-05-14 02:38:27 - [DB-Writer] DATA INSERTED for ARM | at 2026-05-13 23:38:00
2026-05-14 02:38:38 - [Worker-MSFT] DATA | MSFT | 23:38:00 | O:404.4 H:404.4 L:404.38 C:404.34
2026-05-14 02:38:38 - [DB-Writer] DATA INSERTED for MSFT | at 2026-05-13 23:38:00
2026-05-14 02:38:39 - [Worker-HPQ] DATA | HPQ | 23:38:00 | O:21.31 H:21.31 L:21.31 C:21.31
2026-05-14 02:38:40 - [DB-Writer] DATA INSERTED for HPQ | at 2026-05-13 23:38:00
2026-05-14 02:38:40 - [Worker-AAPL] DATA | AAPL | 23:38:00 | O:298.3 H:298.3 L:298.3 C:298.28
2026-05-14 02:38:40 - [DB-Writer] DATA INSERTED for AAPL | at 2026-05-13 23:38:00
2026-05-14 02:38:44 - [Worker-AMZN] DATA | AMZN | 23:38:00 | O:270.5 H:270.5 L:270.45 C:270.45
2026-05-14 02:38:45 - [DB-Writer] DATA INSERTED for AMZN | at 2026-05-13 23:38:00
2026-05-14 02:38:51 - [Worker-TSLA] DATA | TSLA | 23:38:00 | O:447.9 H:447.96 L:447.88 C:447.92
2026-05-14 02:38:51 - [DB-Writer] DATA INSERTED for TSLA | at 2026-05-13 23:38:00
2026-05-14 02:38:52 - [Worker-AMD] DATA | AMD | 23:38:00 | O:444.68 H:444.97 L:444.88 C:444.88
2026-05-14 02:38:52 - [DB-Writer] DATA INSERTED for AMD | at 2026-05-13 23:38:00
2026-05-14 02:38:52 - [Worker-META] DATA | META | 23:38:00 | O:616.35 H:616.49 L:616.35 C:616.3
2026-05-14 02:38:53 - [DB-Writer] DATA INSERTED for META | at 2026-05-13 23:38:00
2026-05-14 02:38:56 - [Worker-GOOG] DATA | GOOG | 23:38:00 | O:399.75 H:399.84 L:399.8 C:399.8
2026-05-14 02:38:56 - [DB-Writer] DATA INSERTED for GOOG | at 2026-05-13 23:38:00
2026-05-14 02:39:42 - [Worker-NVDA] DATA | NVDA | 23:39:00 | O:227.33 H:227.29 L:227.29 C:227.29
2026-05-14 02:39:43 - [DB-Writer] DATA INSERTED for NVDA | at 2026-05-13 23:39:00
2026-05-14 02:39:44 - [Worker-ARM] DATA | ARM | 23:39:00 | O:223.84 H:223.84 L:223.84 C:223.84
2026-05-14 02:39:44 - [DB-Writer] DATA INSERTED for ARM | at 2026-05-13 23:39:00
2026-05-14 02:39:45 - [Worker-HPQ] DATA | HPQ | 23:39:00 | O:21.31 H:21.31 L:21.31 C:21.31
2026-05-14 02:39:46 - [Worker-AAPL] DATA | AAPL | 23:39:00 | O:298.3 H:298.28 L:298.2 C:298.28
2026-05-14 02:39:46 - [DB-Writer] DATA INSERTED for HPQ | at 2026-05-13 23:39:00
2026-05-14 02:39:46 - [DB-Writer] DATA INSERTED for AAPL | at 2026-05-13 23:39:00
2026-05-14 02:39:47 - [Worker-TSLA] DATA | TSLA | 23:39:00 | O:448.05 H:447.99 L:447.88 C:447.82
2026-05-14 02:39:47 - [DB-Writer] DATA INSERTED for TSLA | at 2026-05-13 23:39:00
2026-05-14 02:39:48 - [Worker-MSFT] DATA | MSFT | 23:39:00 | O:404.3 H:404.3 L:404.3 C:404.3
2026-05-14 02:39:48 - [DB-Writer] DATA INSERTED for MSFT | at 2026-05-13 23:39:00
2026-05-14 02:39:49 - [Worker-AMD] DATA | AMD | 23:39:00 | O:444.67 H:444.79 L:444.76 C:444.78
2026-05-14 02:39:49 - [DB-Writer] DATA INSERTED for AMD | at 2026-05-13 23:39:00
2026-05-14 02:39:52 - [Worker-GOOG] DATA | GOOG | 23:39:00 | O:399.61 H:399.61 L:399.6 C:399.61
2026-05-14 02:39:52 - [Worker-AMZN] DATA | AMZN | 23:39:00 | O:270.5 H:270.5 L:270.46 C:270.39
2026-05-14 02:39:52 - [DB-Writer] DATA INSERTED for GOOG | at 2026-05-13 23:39:00
2026-05-14 02:39:52 - [DB-Writer] DATA INSERTED for AMZN | at 2026-05-13 23:39:00
2026-05-14 02:39:53 - [Worker-META] DATA | META | 23:39:00 | O:616.3 H:616.21 L:616.2 C:616.2
2026-05-14 02:39:53 - [DB-Writer] DATA INSERTED for META | at 2026-05-13 23:39:00
2026-05-14 02:40:27 - [Worker-META] DATA | META | 23:40:00 | O:616.2 H:616.21 L:616.21 C:616.18
2026-05-14 02:40:27 - [DB-Writer] DATA INSERTED for META | at 2026-05-13 23:40:00
2026-05-14 02:40:47 - [Worker-NVDA] DATA | NVDA | 23:40:00 | O:227.28 H:227.3 L:227.29 C:227.29
2026-05-14 02:40:47 - [DB-Writer] DATA INSERTED for NVDA | at 2026-05-13 23:40:00
2026-05-14 02:40:47 - [Worker-AAPL] DATA | AAPL | 23:40:00 | O:298.15 H:298.21 L:298.14 C:298.11
2026-05-14 02:40:48 - [DB-Writer] DATA INSERTED for AAPL | at 2026-05-13 23:40:00
2026-05-14 02:40:49 - [Worker-ARM] DATA | ARM | 23:40:00 | O:223.9 H:223.85 L:223.7 C:223.85
2026-05-14 02:40:49 - [DB-Writer] DATA INSERTED for ARM | at 2026-05-13 23:40:00
2026-05-14 02:40:50 - [Worker-AMZN] DATA | AMZN | 23:40:00 | O:270.45 H:270.45 L:270.42 C:270.42
2026-05-14 02:40:50 - [DB-Writer] DATA INSERTED for AMZN | at 2026-05-13 23:40:00
2026-05-14 02:40:53 - [Worker-GOOG] DATA | GOOG | 23:40:00 | O:399.78 H:399.78 L:399.77 C:399.62
2026-05-14 02:40:53 - [DB-Writer] DATA INSERTED for GOOG | at 2026-05-13 23:40:00
2026-05-14 02:40:53 - [Worker-AMD] DATA | AMD | 23:40:00 | O:444.69 H:444.78 L:444.69 C:444.69
2026-05-14 02:40:54 - [DB-Writer] DATA INSERTED for AMD | at 2026-05-13 23:40:00
2026-05-14 02:40:55 - [Worker-HPQ] DATA | HPQ | 23:40:00 | O:21.31 H:21.31 L:21.31 C:21.31
2026-05-14 02:40:55 - [DB-Writer] DATA INSERTED for HPQ | at 2026-05-13 23:40:00
2026-05-14 02:40:56 - [Worker-MSFT] DATA | MSFT | 23:40:00 | O:404.25 H:404.3 L:404.28 C:404.28
2026-05-14 02:40:56 - [Worker-TSLA] DATA | TSLA | 23:40:00 | O:447.87 H:447.73 L:447.73 C:447.71
2026-05-14 02:40:56 - [DB-Writer] DATA INSERTED for MSFT | at 2026-05-13 23:40:00
2026-05-14 02:40:57 - [DB-Writer] DATA INSERTED for TSLA | at 2026-05-13 23:40:00
2026-05-14 02:41:36 - [Worker-HPQ] DATA | HPQ | 23:41:00 | O:21.31 H:21.31 L:21.31 C:21.31
2026-05-14 02:41:36 - [DB-Writer] DATA INSERTED for HPQ | at 2026-05-13 23:41:00
2026-05-14 02:41:38 - [Worker-AMZN] DATA | AMZN | 23:41:00 | O:270.46 H:270.46 L:270.46 C:270.5
2026-05-14 02:41:38 - [DB-Writer] DATA INSERTED for AMZN | at 2026-05-13 23:41:00
2026-05-14 02:41:42 - [Worker-ARM] DATA | ARM | 23:41:00 | O:223.65 H:223.76 L:223.76 C:223.76
2026-05-14 02:41:43 - [DB-Writer] DATA INSERTED for ARM | at 2026-05-13 23:41:00
2026-05-14 02:41:46 - [Worker-GOOG] DATA | GOOG | 23:41:00 | O:399.62 H:399.65 L:399.62 C:399.65
2026-05-14 02:41:46 - [Worker-MSFT] DATA | MSFT | 23:41:00 | O:404.29 H:404.29 L:404.29 C:404.29
2026-05-14 02:41:46 - [DB-Writer] DATA INSERTED for GOOG | at 2026-05-13 23:41:00
2026-05-14 02:41:46 - [DB-Writer] DATA INSERTED for MSFT | at 2026-05-13 23:41:00
2026-05-14 02:41:49 - [Worker-AMD] DATA | AMD | 23:41:00 | O:444.69 H:444.78 L:444.78 C:444.82
2026-05-14 02:41:50 - [DB-Writer] DATA INSERTED for AMD | at 2026-05-13 23:41:00
2026-05-14 02:41:51 - [Worker-NVDA] DATA | NVDA | 23:41:00 | O:227.29 H:227.3 L:227.27 C:227.3
2026-05-14 02:41:51 - [DB-Writer] DATA INSERTED for NVDA | at 2026-05-13 23:41:00
2026-05-14 02:41:52 - [Worker-META] DATA | META | 23:41:00 | O:616.48 H:616.48 L:616.48 C:616.48
2026-05-14 02:41:52 - [DB-Writer] DATA INSERTED for META | at 2026-05-13 23:41:00
2026-05-14 02:41:53 - [Worker-AAPL] DATA | AAPL | 23:41:00 | O:298.24 H:298.12 L:298.12 C:298.2
2026-05-14 02:41:54 - [DB-Writer] DATA INSERTED for AAPL | at 2026-05-13 23:41:00
2026-05-14 02:41:56 - [Worker-TSLA] DATA | TSLA | 23:41:00 | O:447.58 H:447.64 L:447.56 C:447.71
2026-05-14 02:41:56 - [DB-Writer] DATA INSERTED for TSLA | at 2026-05-13 23:41:00
2026-05-14 02:42:30 - [Worker-HPQ] DATA | HPQ | 23:42:00 | O:21.31 H:21.31 L:21.31 C:21.31
2026-05-14 02:42:30 - [DB-Writer] DATA INSERTED for HPQ | at 2026-05-13 23:42:00
2026-05-14 02:42:38 - [Worker-META] DATA | META | 23:42:00 | O:616.35 H:616.0 L:616.0 C:616.0
2026-05-14 02:42:38 - [DB-Writer] DATA INSERTED for META | at 2026-05-13 23:42:00
2026-05-14 02:42:39 - [Worker-GOOG] DATA | GOOG | 23:42:00 | O:399.95 H:399.95 L:399.95 C:399.69
2026-05-14 02:42:39 - [DB-Writer] DATA INSERTED for GOOG | at 2026-05-13 23:42:00
2026-05-14 02:42:42 - [Worker-ARM] DATA | ARM | 23:42:00 | O:223.9 H:223.9 L:223.5 C:223.79
2026-05-14 02:42:42 - [DB-Writer] DATA INSERTED for ARM | at 2026-05-13 23:42:00
2026-05-14 02:42:44 - [Worker-AMD] DATA | AMD | 23:42:00 | O:444.73 H:444.99 L:444.74 C:445.25
2026-05-14 02:42:44 - [Worker-AMZN] DATA | AMZN | 23:42:00 | O:270.49 H:270.48 L:270.48 C:270.48
2026-05-14 02:42:44 - [DB-Writer] DATA INSERTED for AMD | at 2026-05-13 23:42:00
2026-05-14 02:42:44 - [DB-Writer] DATA INSERTED for AMZN | at 2026-05-13 23:42:00
2026-05-14 02:42:46 - [Worker-TSLA] DATA | TSLA | 23:42:00 | O:447.98 H:447.82 L:447.58 C:447.58
2026-05-14 02:42:46 - [DB-Writer] DATA INSERTED for TSLA | at 2026-05-13 23:42:00
2026-05-14 02:42:52 - [Worker-AAPL] DATA | AAPL | 23:42:00 | O:298.21 H:298.18 L:298.18 C:298.22
2026-05-14 02:42:52 - [DB-Writer] DATA INSERTED for AAPL | at 2026-05-13 23:42:00
2026-05-14 02:42:53 - [Worker-MSFT] DATA | MSFT | 23:42:00 | O:404.26 H:404.26 L:404.26 C:404.26
2026-05-14 02:42:54 - [DB-Writer] DATA INSERTED for MSFT | at 2026-05-13 23:42:00
2026-05-14 02:42:56 - [Worker-NVDA] DATA | NVDA | 23:42:00 | O:227.33 H:227.36 L:227.34 C:227.33
2026-05-14 02:42:56 - [DB-Writer] DATA INSERTED for NVDA | at 2026-05-13 23:42:00
2026-05-14 14:07:16 - [MainThread] GraphQL Trigger: Env 4 requesting PKs: [2, 12, 14, 15, 16, 20, 21, 22, 23, 25]
2026-05-14 14:07:16 - [GraphQL-Trigger] SYNC ENGINE STARTING
2026-05-14 14:07:16 - [MainThread] [31m[1mWARNING: This is a development server. Do not use it in a production deployment. Use a production WSGI server instead.[0m
 * Running on all addresses (0.0.0.0)
 * Running on http://127.0.0.1:3987
 * Running on http://192.168.1.2:3987
2026-05-14 14:07:16 - [MainThread] [33mPress CTRL+C to quit[0m
2026-05-14 14:07:17 - [GraphQL-Trigger] Successfully mapped PKs [2, 12, 14, 15, 16, 20, 21, 22, 23, 25] to ['MSFT', 'HPQ', 'TSLA', 'AAPL', 'GOOG', 'NVDA', 'META', 'AMZN', 'AMD', 'ARM']
2026-05-14 14:10:24 - [MainThread] GraphQL Trigger: Env 4 requesting PKs: [2, 12, 14, 15, 16, 20, 21, 22, 23, 25]
2026-05-14 14:10:24 - [GraphQL-Trigger] SYNC ENGINE STARTING
2026-05-14 14:10:25 - [MainThread] [31m[1mWARNING: This is a development server. Do not use it in a production deployment. Use a production WSGI server instead.[0m
 * Running on all addresses (0.0.0.0)
 * Running on http://127.0.0.1:3987
 * Running on http://192.168.1.2:3987
2026-05-14 14:10:25 - [MainThread] [33mPress CTRL+C to quit[0m
2026-05-14 14:10:26 - [GraphQL-Trigger] Successfully mapped PKs [2, 12, 14, 15, 16, 20, 21, 22, 23, 25] to ['MSFT', 'HPQ', 'TSLA', 'AAPL', 'GOOG', 'NVDA', 'META', 'AMZN', 'AMD', 'ARM']
2026-05-14 14:15:47 - [MainThread] GraphQL Trigger: Env 4 requesting PKs: [2, 12, 14, 15, 16, 20, 21, 22, 23, 25]
2026-05-14 14:15:47 - [GraphQL-Trigger] SYNC ENGINE STARTING
2026-05-14 14:15:53 - [MainThread] GraphQL Trigger: Env 4 requesting PKs: [2, 12, 14, 15, 16, 20, 21, 22, 23, 25]
2026-05-14 14:15:53 - [GraphQL-Trigger] SYNC ENGINE STARTING
2026-05-14 14:15:53 - [MainThread] [31m[1mWARNING: This is a development server. Do not use it in a production deployment. Use a production WSGI server instead.[0m
 * Running on all addresses (0.0.0.0)
 * Running on http://127.0.0.1:3987
 * Running on http://192.168.1.2:3987
2026-05-14 14:15:53 - [MainThread] [33mPress CTRL+C to quit[0m
2026-05-14 14:15:54 - [GraphQL-Trigger] Successfully mapped PKs [2, 12, 14, 15, 16, 20, 21, 22, 23, 25] to ['MSFT', 'HPQ', 'TSLA', 'AAPL', 'GOOG', 'NVDA', 'META', 'AMZN', 'AMD', 'ARM']
2026-05-14 14:17:16 - [MainThread] GraphQL Trigger: Env 4 requesting PKs: [2, 12, 14, 15, 16, 20, 21, 22, 23, 25]
2026-05-14 14:17:16 - [GraphQL-Trigger] SYNC ENGINE STARTING
2026-05-14 14:17:16 - [MainThread] [31m[1mWARNING: This is a development server. Do not use it in a production deployment. Use a production WSGI server instead.[0m
 * Running on all addresses (0.0.0.0)
 * Running on http://127.0.0.1:3987
 * Running on http://192.168.1.2:3987
2026-05-14 14:17:16 - [MainThread] [33mPress CTRL+C to quit[0m
2026-05-14 14:17:18 - [GraphQL-Trigger] Successfully mapped PKs [2, 12, 14, 15, 16, 20, 21, 22, 23, 25] to ['MSFT', 'HPQ', 'TSLA', 'AAPL', 'GOOG', 'NVDA', 'META', 'AMZN', 'AMD', 'ARM']
2026-05-14 14:17:28 - [MainThread] GraphQL Trigger: Env 4 requesting PKs: [2, 12, 14, 15, 16, 20, 21, 22, 23, 25]
2026-05-14 14:17:28 - [GraphQL-Trigger] SYNC ENGINE STARTING
2026-05-14 14:17:28 - [MainThread] [31m[1mWARNING: This is a development server. Do not use it in a production deployment. Use a production WSGI server instead.[0m
 * Running on all addresses (0.0.0.0)
 * Running on http://127.0.0.1:3987
 * Running on http://192.168.1.2:3987
2026-05-14 14:17:28 - [MainThread] [33mPress CTRL+C to quit[0m
2026-05-14 14:17:29 - [GraphQL-Trigger] Successfully mapped PKs [2, 12, 14, 15, 16, 20, 21, 22, 23, 25] to ['MSFT', 'HPQ', 'TSLA', 'AAPL', 'GOOG', 'NVDA', 'META', 'AMZN', 'AMD', 'ARM']
2026-05-14 14:28:44 - [MainThread] GraphQL Trigger: Env 4 requesting PKs: [2, 12, 14, 15, 16, 20, 21, 22, 23, 25]
2026-05-14 14:28:44 - [GraphQL-Trigger] SYNC ENGINE STARTING
2026-05-14 14:28:45 - [GraphQL-Trigger] Successfully mapped PKs [2, 12, 14, 15, 16, 20, 21, 22, 23, 25] to ['MSFT', 'HPQ', 'TSLA', 'AAPL', 'GOOG', 'NVDA', 'META', 'AMZN', 'AMD', 'ARM']
2026-05-14 14:29:18 - [MainThread] [31m[1mWARNING: This is a development server. Do not use it in a production deployment. Use a production WSGI server instead.[0m
 * Running on all addresses (0.0.0.0)
 * Running on http://127.0.0.1:3987
 * Running on http://192.168.1.2:3987
2026-05-14 14:29:18 - [MainThread] [33mPress CTRL+C to quit[0m
2026-05-14 14:32:37 - [Worker-AMZN] [AMZN] Market window closed. Returning to standby.
2026-05-14 14:32:37 - [Worker-AMZN] All records processed and queue is empty.
2026-05-14 14:36:40 - [MainThread] GraphQL Trigger: Env 4 requesting PKs: [2, 12, 14, 15, 16, 20, 21, 22, 23, 25]
2026-05-14 14:36:40 - [GraphQL-Trigger] SYNC ENGINE STARTING
2026-05-14 14:36:41 - [MainThread] [31m[1mWARNING: This is a development server. Do not use it in a production deployment. Use a production WSGI server instead.[0m
 * Running on all addresses (0.0.0.0)
 * Running on http://127.0.0.1:3987
 * Running on http://192.168.1.2:3987
2026-05-14 14:36:41 - [MainThread] [33mPress CTRL+C to quit[0m
2026-05-14 14:36:42 - [GraphQL-Trigger] Successfully mapped PKs [2, 12, 14, 15, 16, 20, 21, 22, 23, 25] to ['MSFT', 'HPQ', 'TSLA', 'AAPL', 'GOOG', 'NVDA', 'META', 'AMZN', 'AMD', 'ARM']
2026-05-14 14:41:25 - [Worker-GOOG] [GOOG] Market window closed. Returning to standby.
2026-05-14 14:41:25 - [Worker-GOOG] All records processed and queue is empty.
2026-05-14 14:45:29 - [MainThread] GraphQL Trigger: Env 4 requesting PKs: [2, 12, 14, 15, 16, 20, 21, 22, 23, 25]
2026-05-14 14:45:29 - [GraphQL-Trigger] SYNC ENGINE STARTING
2026-05-14 14:45:29 - [MainThread] [31m[1mWARNING: This is a development server. Do not use it in a production deployment. Use a production WSGI server instead.[0m
 * Running on all addresses (0.0.0.0)
 * Running on http://127.0.0.1:3987
 * Running on http://192.168.1.2:3987
2026-05-14 14:45:29 - [MainThread] [33mPress CTRL+C to quit[0m
2026-05-14 14:45:58 - [MainThread] GraphQL Trigger: Env 4 requesting PKs: [2, 12, 14, 15, 16, 20, 21, 22, 23, 25]
2026-05-14 14:45:58 - [GraphQL-Trigger] SYNC ENGINE STARTING
2026-05-14 14:45:59 - [MainThread] [31m[1mWARNING: This is a development server. Do not use it in a production deployment. Use a production WSGI server instead.[0m
 * Running on all addresses (0.0.0.0)
 * Running on http://127.0.0.1:3987
 * Running on http://192.168.1.2:3987
2026-05-14 14:45:59 - [MainThread] [33mPress CTRL+C to quit[0m
2026-05-14 14:46:00 - [GraphQL-Trigger] Successfully mapped PKs [2, 12, 14, 15, 16, 20, 21, 22, 23, 25] to ['MSFT', 'HPQ', 'TSLA', 'AAPL', 'GOOG', 'NVDA', 'META', 'AMZN', 'AMD', 'ARM']
2026-05-14 14:57:35 - [Worker-HPQ] [HPQ] Market window closed. Returning to standby.
2026-05-14 14:57:35 - [Worker-HPQ] All records processed and queue is empty.
2026-05-14 15:03:07 - [MainThread] GraphQL Trigger: Env 4 requesting PKs: [2, 12, 14, 15, 16, 20, 21, 22, 23, 25]
2026-05-14 15:03:07 - [GraphQL-Trigger] SYNC ENGINE STARTING
2026-05-14 15:03:07 - [MainThread] [31m[1mWARNING: This is a development server. Do not use it in a production deployment. Use a production WSGI server instead.[0m
 * Running on all addresses (0.0.0.0)
 * Running on http://127.0.0.1:3987
 * Running on http://192.168.1.2:3987
2026-05-14 15:03:07 - [MainThread] [33mPress CTRL+C to quit[0m
2026-05-14 15:03:08 - [GraphQL-Trigger] Successfully mapped PKs [2, 12, 14, 15, 16, 20, 21, 22, 23, 25] to ['MSFT', 'HPQ', 'TSLA', 'AAPL', 'GOOG', 'NVDA', 'META', 'AMZN', 'AMD', 'ARM']
2026-05-14 15:06:16 - [MainThread] GraphQL Trigger: Env 4 requesting PKs: [2, 12, 14, 15, 16, 20, 21, 22, 23, 25]
2026-05-14 15:06:16 - [GraphQL-Trigger] SYNC ENGINE STARTING
2026-05-14 15:06:16 - [MainThread] [31m[1mWARNING: This is a development server. Do not use it in a production deployment. Use a production WSGI server instead.[0m
 * Running on all addresses (0.0.0.0)
 * Running on http://127.0.0.1:3987
 * Running on http://192.168.1.2:3987
2026-05-14 15:06:16 - [MainThread] [33mPress CTRL+C to quit[0m
2026-05-14 15:06:17 - [GraphQL-Trigger] Successfully mapped PKs [2, 12, 14, 15, 16, 20, 21, 22, 23, 25] to ['MSFT', 'HPQ', 'TSLA', 'AAPL', 'GOOG', 'NVDA', 'META', 'AMZN', 'AMD', 'ARM']
2026-05-14 15:21:11 - [MainThread] GraphQL Trigger: Env 4 requesting PKs: [2, 12, 14, 15, 16, 20, 21, 22, 23, 25]
2026-05-14 15:21:11 - [GraphQL-Trigger] SYNC ENGINE STARTING
2026-05-14 15:21:11 - [MainThread] [31m[1mWARNING: This is a development server. Do not use it in a production deployment. Use a production WSGI server instead.[0m
 * Running on all addresses (0.0.0.0)
 * Running on http://127.0.0.1:3987
 * Running on http://10.255.0.1:3987
2026-05-14 15:21:11 - [MainThread] [33mPress CTRL+C to quit[0m
2026-05-14 15:21:24 - [GraphQL-Trigger] Successfully mapped PKs [2, 12, 14, 15, 16, 20, 21, 22, 23, 25] to ['MSFT', 'HPQ', 'TSLA', 'AAPL', 'GOOG', 'NVDA', 'META', 'AMZN', 'AMD', 'ARM']
2026-05-14 15:21:30 - [Worker-MSFT] [MSFT] Consent wall detected. Resolving...
2026-05-14 15:21:31 - [Worker-HPQ] [HPQ] Consent wall detected. Resolving...
2026-05-14 15:21:45 - [Worker-TSLA] [TSLA] Consent wall detected. Resolving...
2026-05-14 15:21:47 - [Worker-HPQ] [HPQ] Session Authenticated.
2026-05-14 15:21:49 - [Worker-MSFT] [MSFT] Auth Failed: Failed to perform, curl: (28) Operation timed out after 15012 milliseconds with 138863 bytes received. See https://curl.se/libcurl/c/libcurl-errors.html first for more details.
2026-05-14 15:21:54 - [Worker-AAPL] [AAPL] Consent wall detected. Resolving...
2026-05-14 15:21:58 - [Worker-GOOG] [GOOG] Consent wall detected. Resolving...
2026-05-14 15:22:03 - [Worker-META] [META] Consent wall detected. Resolving...
2026-05-14 15:22:03 - [Worker-TSLA] [TSLA] Auth Failed: Failed to perform, curl: (28) Operation timed out after 15003 milliseconds with 217399 bytes received. See https://curl.se/libcurl/c/libcurl-errors.html first for more details.
2026-05-14 15:22:04 - [Worker-NVDA] [NVDA] Auth Failed: Failed to perform, curl: (28) Connection timed out after 15000 milliseconds. See https://curl.se/libcurl/c/libcurl-errors.html first for more details.
2026-05-14 15:22:08 - [Worker-AMZN] [AMZN] Auth Failed: Failed to perform, curl: (28) Operation timed out after 15808 milliseconds with 0 bytes received. See https://curl.se/libcurl/c/libcurl-errors.html first for more details.
2026-05-14 15:22:10 - [Worker-AMD] [AMD] Auth Failed: Failed to perform, curl: (28) Connection timed out after 5583 milliseconds. See https://curl.se/libcurl/c/libcurl-errors.html first for more details.
2026-05-14 15:22:11 - [Worker-AAPL] [AAPL] Auth Failed: Failed to perform, curl: (28) Operation timed out after 15009 milliseconds with 335297 bytes received. See https://curl.se/libcurl/c/libcurl-errors.html first for more details.
2026-05-14 15:22:11 - [Worker-ARM] [ARM] Auth Failed: Failed to perform, curl: (28) Operation timed out after 15195 milliseconds with 0 bytes received. See https://curl.se/libcurl/c/libcurl-errors.html first for more details.
2026-05-14 15:22:15 - [Worker-MSFT] [MSFT] Auth Failed: Failed to perform, curl: (28) Operation timed out after 15851 milliseconds with 0 bytes received. See https://curl.se/libcurl/c/libcurl-errors.html first for more details.
2026-05-14 15:22:15 - [Worker-GOOG] [GOOG] Auth Failed: Failed to perform, curl: (28) Operation timed out after 15012 milliseconds with 257451 bytes received. See https://curl.se/libcurl/c/libcurl-errors.html first for more details.
2026-05-14 15:22:20 - [Worker-META] [META] Session Authenticated.
2026-05-14 15:22:30 - [Worker-TSLA] [TSLA] Consent wall detected. Resolving...
2026-05-14 15:22:30 - [Worker-NVDA] [NVDA] Consent wall detected. Resolving...
2026-05-14 15:22:31 - [Worker-AMD] [AMD] Consent wall detected. Resolving...
2026-05-14 15:22:32 - [Worker-AMZN] [AMZN] Consent wall detected. Resolving...
2026-05-14 15:22:33 - [Worker-ARM] [ARM] Consent wall detected. Resolving...
2026-05-14 15:22:33 - [Worker-AAPL] [AAPL] Consent wall detected. Resolving...
2026-05-14 15:22:33 - [Worker-GOOG] [GOOG] Consent wall detected. Resolving...
2026-05-14 15:22:33 - [Worker-MSFT] [MSFT] Consent wall detected. Resolving...
2026-05-14 15:22:36 - [Worker-TSLA] [TSLA] Session Authenticated.
2026-05-14 15:22:38 - [Worker-NVDA] [NVDA] Session Authenticated.
2026-05-14 15:22:39 - [Worker-AMZN] [AMZN] Session Authenticated.
2026-05-14 15:22:39 - [Worker-MSFT] [MSFT] Session Authenticated.
2026-05-14 15:22:40 - [Worker-ARM] [ARM] Session Authenticated.
2026-05-14 15:22:40 - [Worker-GOOG] [GOOG] Session Authenticated.
2026-05-14 15:22:42 - [Worker-AAPL] [AAPL] Session Authenticated.
2026-05-14 15:22:42 - [Worker-AMD] [AMD] Session Authenticated.
2026-05-14 15:30:38 - [MainThread] GraphQL Trigger: Env 4 requesting PKs: [2, 12, 14, 15, 16, 20, 21, 22, 23, 25]
2026-05-14 15:30:38 - [GraphQL-Trigger] SYNC ENGINE STARTING
2026-05-14 15:30:38 - [MainThread] [31m[1mWARNING: This is a development server. Do not use it in a production deployment. Use a production WSGI server instead.[0m
 * Running on all addresses (0.0.0.0)
 * Running on http://127.0.0.1:3987
 * Running on http://10.255.0.1:3987
2026-05-14 15:30:38 - [MainThread] [33mPress CTRL+C to quit[0m
2026-05-14 15:30:40 - [GraphQL-Trigger] Successfully mapped PKs [2, 12, 14, 15, 16, 20, 21, 22, 23, 25] to ['MSFT', 'HPQ', 'TSLA', 'AAPL', 'GOOG', 'NVDA', 'META', 'AMZN', 'AMD', 'ARM']
2026-05-14 15:30:43 - [Worker-MSFT] [MSFT] Consent wall detected. Resolving...
2026-05-14 15:30:44 - [Worker-HPQ] [HPQ] Consent wall detected. Resolving...
2026-05-14 15:30:46 - [Worker-TSLA] [TSLA] Consent wall detected. Resolving...
2026-05-14 15:30:48 - [Worker-MSFT] [MSFT] Session Authenticated.
2026-05-14 15:30:49 - [Worker-AAPL] [AAPL] Consent wall detected. Resolving...
2026-05-14 15:30:50 - [Worker-HPQ] [HPQ] Session Authenticated.
2026-05-14 15:30:50 - [Worker-TSLA] [TSLA] Session Authenticated.
2026-05-14 15:30:51 - [Worker-GOOG] [GOOG] Consent wall detected. Resolving...
2026-05-14 15:30:52 - [Worker-NVDA] [NVDA] Consent wall detected. Resolving...
2026-05-14 15:30:54 - [Worker-AAPL] [AAPL] Session Authenticated.
2026-05-14 15:30:54 - [Worker-META] [META] Consent wall detected. Resolving...
2026-05-14 15:30:56 - [Worker-GOOG] [GOOG] Session Authenticated.
2026-05-14 15:30:56 - [Worker-NVDA] [NVDA] Session Authenticated.
2026-05-14 15:30:57 - [Worker-AMZN] [AMZN] Consent wall detected. Resolving...
2026-05-14 15:30:59 - [Worker-AMD] [AMD] Consent wall detected. Resolving...
2026-05-14 15:30:59 - [Worker-META] [META] Session Authenticated.
2026-05-14 15:31:01 - [Worker-AMZN] [AMZN] Session Authenticated.
2026-05-14 15:31:02 - [Worker-ARM] [ARM] Consent wall detected. Resolving...
2026-05-14 15:31:03 - [Worker-AMD] [AMD] Session Authenticated.
2026-05-14 15:31:03 - [Thread-1 (process_request_thread)] GraphQL Trigger: Env 4 requesting PKs: [15]
2026-05-14 15:31:03 - [GraphQL-Trigger] SYNC ENGINE STARTING
2026-05-14 15:31:03 - [Thread-1 (process_request_thread)] 127.0.0.1 - - [14/May/2026 15:31:03] "POST /graphql HTTP/1.1" 200 -
2026-05-14 15:31:04 - [GraphQL-Trigger] Successfully mapped PKs [15] to ['AAPL']
2026-05-14 15:31:05 - [Worker-ARM] [ARM] Session Authenticated.
2026-05-14 15:31:06 - [Worker-AAPL] [AAPL] Consent wall detected. Resolving...
2026-05-14 15:31:14 - [Worker-AAPL] [AAPL] Session Authenticated.
2026-05-14 15:33:14 - [Thread-2 (process_request_thread)] GraphQL Trigger: Env 4 requesting PKs: [15]
2026-05-14 15:33:14 - [GraphQL-Trigger] SYNC ENGINE STARTING
2026-05-14 15:33:14 - [Thread-2 (process_request_thread)] 127.0.0.1 - - [14/May/2026 15:33:14] "POST /graphql HTTP/1.1" 200 -
2026-05-14 15:33:16 - [GraphQL-Trigger] Successfully mapped PKs [15] to ['AAPL']
2026-05-14 15:33:19 - [Worker-AAPL] [AAPL] Consent wall detected. Resolving...
2026-05-14 15:33:24 - [Worker-AAPL] [AAPL] Session Authenticated.
2026-05-14 16:20:19 - [MainThread] GraphQL Trigger: Env 4 requesting PKs: [2, 12, 14, 15, 16, 20, 21, 22, 23, 25]
2026-05-14 16:20:19 - [GraphQL-Trigger] SYNC ENGINE STARTING
2026-05-14 16:20:19 - [MainThread] [31m[1mWARNING: This is a development server. Do not use it in a production deployment. Use a production WSGI server instead.[0m
 * Running on all addresses (0.0.0.0)
 * Running on http://127.0.0.1:3987
 * Running on http://192.168.1.4:3987
2026-05-14 16:20:19 - [MainThread] [33mPress CTRL+C to quit[0m
2026-05-14 16:20:20 - [GraphQL-Trigger] Successfully mapped PKs [2, 12, 14, 15, 16, 20, 21, 22, 23, 25] to ['MSFT', 'HPQ', 'TSLA', 'AAPL', 'GOOG', 'NVDA', 'META', 'AMZN', 'AMD', 'ARM']
2026-05-14 16:20:23 - [MainThread] GraphQL Trigger: Env 4 requesting PKs: [2, 12, 14, 15, 16, 20, 21, 22, 23, 25]
2026-05-14 16:20:23 - [GraphQL-Trigger] SYNC ENGINE STARTING
2026-05-14 16:20:23 - [MainThread] [31m[1mWARNING: This is a development server. Do not use it in a production deployment. Use a production WSGI server instead.[0m
 * Running on all addresses (0.0.0.0)
 * Running on http://127.0.0.1:3987
 * Running on http://192.168.1.4:3987
2026-05-14 16:20:23 - [MainThread] [33mPress CTRL+C to quit[0m
2026-05-14 16:20:23 - [GraphQL-Trigger] Successfully mapped PKs [2, 12, 14, 15, 16, 20, 21, 22, 23, 25] to ['MSFT', 'HPQ', 'TSLA', 'AAPL', 'GOOG', 'NVDA', 'META', 'AMZN', 'AMD', 'ARM']
2026-05-14 16:21:38 - [Worker-META] DATA | META | 13:21:00 | O:615.37 H:615.45 L:615.4 C:615.38
2026-05-14 16:21:38 - [DB-Writer] DATA INSERTED for META | at 2026-05-14 13:21:00
2026-05-14 16:21:42 - [Worker-GOOG] DATA | GOOG | 13:21:00 | O:396.25 H:396.3 L:396.3 C:396.24
2026-05-14 16:21:42 - [DB-Writer] DATA INSERTED for GOOG | at 2026-05-14 13:21:00
2026-05-14 16:21:43 - [Worker-AMD] DATA | AMD | 13:21:00 | O:434.6 H:434.69 L:434.69 C:434.64
2026-05-14 16:21:43 - [DB-Writer] DATA INSERTED for AMD | at 2026-05-14 13:21:00
2026-05-14 16:21:45 - [Worker-HPQ] DATA | HPQ | 13:21:00 | O:21.31 H:21.31 L:21.31 C:21.31
2026-05-14 16:21:45 - [DB-Writer] DATA INSERTED for HPQ | at 2026-05-14 13:21:00
2026-05-14 16:21:46 - [Worker-NVDA] DATA | NVDA | 13:21:00 | O:230.15 H:230.13 L:230.1 C:230.13
2026-05-14 16:21:47 - [DB-Writer] DATA INSERTED for NVDA | at 2026-05-14 13:21:00
2026-05-14 16:21:47 - [Worker-TSLA] DATA | TSLA | 13:21:00 | O:448.12 H:448.3 L:448.05 C:448.37
2026-05-14 16:21:47 - [DB-Writer] DATA INSERTED for TSLA | at 2026-05-14 13:21:00
2026-05-14 16:21:51 - [Worker-AAPL] DATA | AAPL | 13:21:00 | O:299.24 H:299.27 L:299.2 C:299.35
2026-05-14 16:21:51 - [DB-Writer] DATA INSERTED for AAPL | at 2026-05-14 13:21:00
2026-05-14 16:21:52 - [Worker-MSFT] DATA | MSFT | 13:21:00 | O:406.14 H:406.2 L:406.16 C:406.15
2026-05-14 16:21:52 - [DB-Writer] DATA INSERTED for MSFT | at 2026-05-14 13:21:00
2026-05-14 16:21:53 - [Worker-AMZN] DATA | AMZN | 13:21:00 | O:269.0 H:269.16 L:269.05 C:269.2
2026-05-14 16:21:53 - [DB-Writer] DATA INSERTED for AMZN | at 2026-05-14 13:21:00
2026-05-14 16:21:54 - [Worker-ARM] DATA | ARM | 13:21:00 | O:214.17 H:214.17 L:214.17 C:213.65
2026-05-14 16:21:55 - [DB-Writer] DATA INSERTED for ARM | at 2026-05-14 13:21:00
2026-05-14 16:22:41 - [Worker-MSFT] DATA | MSFT | 13:22:00 | O:406.4 H:406.35 L:406.33 C:406.09
2026-05-14 16:22:41 - [DB-Writer] DATA INSERTED for MSFT | at 2026-05-14 13:22:00
2026-05-14 16:22:45 - [Worker-ARM] DATA | ARM | 13:22:00 | O:214.35 H:214.35 L:214.35 C:214.07
2026-05-14 16:22:45 - [DB-Writer] DATA INSERTED for ARM | at 2026-05-14 13:22:00
2026-05-14 16:22:45 - [Worker-META] DATA | META | 13:22:00 | O:615.53 H:615.52 L:615.48 C:615.47
2026-05-14 16:22:46 - [DB-Writer] DATA INSERTED for META | at 2026-05-14 13:22:00
2026-05-14 16:22:47 - [Worker-NVDA] DATA | NVDA | 13:22:00 | O:230.11 H:230.11 L:230.1 C:230.11
2026-05-14 16:22:47 - [DB-Writer] DATA INSERTED for NVDA | at 2026-05-14 13:22:00
2026-05-14 16:22:49 - [Worker-HPQ] DATA | HPQ | 13:22:00 | O:21.31 H:21.31 L:21.31 C:21.31
2026-05-14 16:22:49 - [DB-Writer] DATA INSERTED for HPQ | at 2026-05-14 13:22:00
2026-05-14 16:22:51 - [Worker-GOOG] DATA | GOOG | 13:22:00 | O:396.36 H:396.23 L:396.22 C:396.23
2026-05-14 16:22:51 - [DB-Writer] DATA INSERTED for GOOG | at 2026-05-14 13:22:00
2026-05-14 16:22:52 - [Worker-AMZN] DATA | AMZN | 13:22:00 | O:269.11 H:269.11 L:269.11 C:269.1
2026-05-14 16:22:52 - [DB-Writer] DATA INSERTED for AMZN | at 2026-05-14 13:22:00
2026-05-14 16:22:55 - [Worker-AAPL] DATA | AAPL | 13:22:00 | O:299.32 H:299.4 L:299.4 C:299.36
2026-05-14 16:22:55 - [DB-Writer] DATA INSERTED for AAPL | at 2026-05-14 13:22:00
2026-05-14 16:22:56 - [Worker-AMD] DATA | AMD | 13:22:00 | O:434.85 H:434.87 L:434.83 C:434.9
2026-05-14 16:22:56 - [Worker-TSLA] DATA | TSLA | 13:22:00 | O:448.35 H:448.37 L:448.36 C:448.4
2026-05-14 16:22:56 - [DB-Writer] DATA INSERTED for AMD | at 2026-05-14 13:22:00
2026-05-14 16:22:57 - [DB-Writer] DATA INSERTED for TSLA | at 2026-05-14 13:22:00
2026-05-14 16:23:27 - [Worker-NVDA] DATA | NVDA | 13:23:00 | O:230.12 H:230.12 L:230.12 C:230.08
2026-05-14 16:23:27 - [DB-Writer] DATA INSERTED for NVDA | at 2026-05-14 13:23:00
2026-05-14 16:23:30 - [Worker-AMZN] DATA | AMZN | 13:23:00 | O:269.09 H:269.09 L:269.09 C:269.09
2026-05-14 16:23:31 - [DB-Writer] DATA INSERTED for AMZN | at 2026-05-14 13:23:00
2026-05-14 16:23:48 - [Worker-HPQ] DATA | HPQ | 13:23:00 | O:21.31 H:21.31 L:21.31 C:21.37
2026-05-14 16:23:48 - [DB-Writer] DATA INSERTED for HPQ | at 2026-05-14 13:23:00
2026-05-14 16:23:49 - [Worker-AMD] DATA | AMD | 13:23:00 | O:435.02 H:435.58 L:435.52 C:435.58
2026-05-14 16:23:49 - [DB-Writer] DATA INSERTED for AMD | at 2026-05-14 13:23:00
2026-05-14 16:23:49 - [Worker-TSLA] DATA | TSLA | 13:23:00 | O:448.45 H:448.54 L:448.51 C:448.9
2026-05-14 16:23:49 - [DB-Writer] DATA INSERTED for TSLA | at 2026-05-14 13:23:00
2026-05-14 16:23:52 - [Worker-AAPL] DATA | AAPL | 13:23:00 | O:299.36 H:299.32 L:299.26 C:299.35
2026-05-14 16:23:52 - [DB-Writer] DATA INSERTED for AAPL | at 2026-05-14 13:23:00
2026-05-14 16:23:54 - [Worker-GOOG] DATA | GOOG | 13:23:00 | O:396.41 H:396.42 L:396.35 C:396.41
2026-05-14 16:23:54 - [DB-Writer] DATA INSERTED for GOOG | at 2026-05-14 13:23:00
2026-05-14 16:23:55 - [Worker-ARM] DATA | ARM | 13:23:00 | O:214.43 H:214.29 L:214.25 C:214.25
2026-05-14 16:23:56 - [DB-Writer] DATA INSERTED for ARM | at 2026-05-14 13:23:00
2026-05-14 16:23:56 - [Worker-META] DATA | META | 13:23:00 | O:615.48 H:615.48 L:615.38 C:615.43
2026-05-14 16:23:56 - [DB-Writer] DATA INSERTED for META | at 2026-05-14 13:23:00
2026-05-14 16:23:56 - [Worker-MSFT] DATA | MSFT | 13:23:00 | O:406.08 H:406.37 L:406.01 C:406.37
2026-05-14 16:23:57 - [DB-Writer] DATA INSERTED for MSFT | at 2026-05-14 13:23:00
2026-05-14 16:24:34 - [Worker-AMZN] DATA | AMZN | 13:24:00 | O:269.11 H:269.0 L:269.0 C:269.0
2026-05-14 16:24:34 - [DB-Writer] DATA INSERTED for AMZN | at 2026-05-14 13:24:00
2026-05-14 16:24:36 - [Worker-GOOG] DATA | GOOG | 13:24:00 | O:396.31 H:396.34 L:396.31 C:396.34
2026-05-14 16:24:36 - [DB-Writer] DATA INSERTED for GOOG | at 2026-05-14 13:24:00
2026-05-14 16:24:43 - [Worker-AAPL] DATA | AAPL | 13:24:00 | O:299.33 H:299.33 L:299.28 C:299.34
2026-05-14 16:24:43 - [DB-Writer] DATA INSERTED for AAPL | at 2026-05-14 13:24:00
2026-05-14 16:24:45 - [Worker-META] DATA | META | 13:24:00 | O:615.48 H:615.29 L:615.25 C:615.29
2026-05-14 16:24:46 - [DB-Writer] DATA INSERTED for META | at 2026-05-14 13:24:00
2026-05-14 16:24:46 - [Worker-AMD] DATA | AMD | 13:24:00 | O:435.51 H:435.58 L:435.2 C:435.35
2026-05-14 16:24:46 - [DB-Writer] DATA INSERTED for AMD | at 2026-05-14 13:24:00
2026-05-14 16:24:47 - [Worker-HPQ] DATA | HPQ | 13:24:00 | O:21.37 H:21.37 L:21.37 C:21.37
2026-05-14 16:24:47 - [DB-Writer] DATA INSERTED for HPQ | at 2026-05-14 13:24:00
2026-05-14 16:24:47 - [Worker-ARM] DATA | ARM | 13:24:00 | O:214.25 H:214.44 L:214.44 C:214.44
2026-05-14 16:24:47 - [DB-Writer] DATA INSERTED for ARM | at 2026-05-14 13:24:00
2026-05-14 16:24:49 - [Worker-NVDA] DATA | NVDA | 13:24:00 | O:230.1 H:230.13 L:230.13 C:230.13
2026-05-14 16:24:50 - [DB-Writer] DATA INSERTED for NVDA | at 2026-05-14 13:24:00
2026-05-14 16:24:50 - [Worker-TSLA] DATA | TSLA | 13:24:00 | O:449.1 H:449.06 L:449.05 C:449.06
2026-05-14 16:24:51 - [DB-Writer] DATA INSERTED for TSLA | at 2026-05-14 13:24:00
2026-05-14 16:24:52 - [Worker-MSFT] DATA | MSFT | 13:24:00 | O:406.17 H:406.27 L:406.04 C:406.1
2026-05-14 16:24:52 - [DB-Writer] DATA INSERTED for MSFT | at 2026-05-14 13:24:00
2026-05-14 16:25:31 - [Worker-MSFT] DATA | MSFT | 13:25:00 | O:405.63 H:405.52 L:405.51 C:405.6
2026-05-14 16:25:31 - [DB-Writer] DATA INSERTED for MSFT | at 2026-05-14 13:25:00
2026-05-14 16:25:39 - [Worker-HPQ] DATA | HPQ | 13:25:00 | O:21.37 H:21.37 L:21.37 C:21.38
2026-05-14 16:25:39 - [Worker-GOOG] DATA | GOOG | 13:25:00 | O:396.0 H:396.0 L:396.0 C:395.9
2026-05-14 16:25:40 - [DB-Writer] DATA INSERTED for HPQ | at 2026-05-14 13:25:00
2026-05-14 16:25:40 - [DB-Writer] DATA INSERTED for GOOG | at 2026-05-14 13:25:00
2026-05-14 16:25:40 - [Worker-META] DATA | META | 13:25:00 | O:615.15 H:615.3 L:615.25 C:615.25
2026-05-14 16:25:40 - [DB-Writer] DATA INSERTED for META | at 2026-05-14 13:25:00
2026-05-14 16:25:44 - [Worker-AAPL] DATA | AAPL | 13:25:00 | O:299.69 H:299.89 L:299.88 C:299.97
2026-05-14 16:25:44 - [DB-Writer] DATA INSERTED for AAPL | at 2026-05-14 13:25:00
2026-05-14 16:25:52 - [Worker-NVDA] DATA | NVDA | 13:25:00 | O:230.09 H:230.0 L:229.98 C:230.08
2026-05-14 16:25:52 - [DB-Writer] DATA INSERTED for NVDA | at 2026-05-14 13:25:00
2026-05-14 16:25:53 - [Worker-ARM] DATA | ARM | 13:25:00 | O:214.75 H:214.71 L:214.71 C:214.76
2026-05-14 16:25:53 - [DB-Writer] DATA INSERTED for ARM | at 2026-05-14 13:25:00
2026-05-14 16:25:55 - [Worker-AMZN] DATA | AMZN | 13:25:00 | O:268.69 H:268.71 L:268.63 C:268.67
2026-05-14 16:25:55 - [DB-Writer] DATA INSERTED for AMZN | at 2026-05-14 13:25:00
2026-05-14 16:25:56 - [Worker-TSLA] DATA | TSLA | 13:25:00 | O:449.64 H:449.67 L:449.66 C:449.7
2026-05-14 16:25:56 - [DB-Writer] DATA INSERTED for TSLA | at 2026-05-14 13:25:00
2026-05-14 16:25:58 - [Worker-AMD] DATA | AMD | 13:25:00 | O:435.13 H:435.59 L:435.15 C:435.59
2026-05-14 16:25:58 - [DB-Writer] DATA INSERTED for AMD | at 2026-05-14 13:25:00
2026-05-14 17:36:42 - [MainThread] GraphQL Trigger: Env 4 requesting PKs: [2, 12, 14, 15, 16, 20, 21, 22, 23, 25]
2026-05-14 17:36:42 - [GraphQL-Trigger] SYNC ENGINE STARTING
2026-05-14 17:36:43 - [MainThread] [31m[1mWARNING: This is a development server. Do not use it in a production deployment. Use a production WSGI server instead.[0m
 * Running on all addresses (0.0.0.0)
 * Running on http://127.0.0.1:3987
 * Running on http://192.168.1.4:3987
2026-05-14 17:36:43 - [MainThread] [33mPress CTRL+C to quit[0m
2026-05-14 17:36:43 - [GraphQL-Trigger] Successfully mapped PKs [2, 12, 14, 15, 16, 20, 21, 22, 23, 25] to ['MSFT', 'HPQ', 'TSLA', 'AAPL', 'GOOG', 'NVDA', 'META', 'AMZN', 'AMD', 'ARM']
2026-05-14 17:37:04 - [MainThread] GraphQL Trigger: Env 4 requesting PKs: [2, 12, 14, 15, 16, 20, 21, 22, 23, 25]
2026-05-14 17:37:04 - [GraphQL-Trigger] SYNC ENGINE STARTING
2026-05-14 17:37:04 - [MainThread] [31m[1mWARNING: This is a development server. Do not use it in a production deployment. Use a production WSGI server instead.[0m
 * Running on all addresses (0.0.0.0)
 * Running on http://127.0.0.1:3987
 * Running on http://192.168.1.4:3987
2026-05-14 17:37:04 - [MainThread] [33mPress CTRL+C to quit[0m
2026-05-14 17:37:05 - [GraphQL-Trigger] Successfully mapped PKs [2, 12, 14, 15, 16, 20, 21, 22, 23, 25] to ['MSFT', 'HPQ', 'TSLA', 'AAPL', 'GOOG', 'NVDA', 'META', 'AMZN', 'AMD', 'ARM']
2026-05-14 17:37:48 - [Thread-1 (process_request_thread)] GraphQL Trigger: Env 4 requesting PKs: [15]
2026-05-14 17:37:48 - [GraphQL-Trigger] SYNC ENGINE STARTING
2026-05-14 17:37:48 - [Thread-1 (process_request_thread)] 127.0.0.1 - - [14/May/2026 17:37:48] "POST /graphql HTTP/1.1" 200 -
2026-05-14 17:37:49 - [GraphQL-Trigger] Successfully mapped PKs [15] to ['AAPL']
2026-05-14 17:39:02 - [MainThread] GraphQL Trigger: Env 4 requesting PKs: [2, 12, 14, 15, 16, 20, 21, 22, 23, 25]
2026-05-14 17:39:02 - [GraphQL-Trigger] SYNC ENGINE STARTING
2026-05-14 17:39:02 - [MainThread] [31m[1mWARNING: This is a development server. Do not use it in a production deployment. Use a production WSGI server instead.[0m
 * Running on all addresses (0.0.0.0)
 * Running on http://127.0.0.1:3987
 * Running on http://192.168.1.4:3987
2026-05-14 17:39:02 - [MainThread] [33mPress CTRL+C to quit[0m
2026-05-14 17:39:03 - [GraphQL-Trigger] Successfully mapped PKs [2, 12, 14, 15, 16, 20, 21, 22, 23, 25] to ['MSFT', 'HPQ', 'TSLA', 'AAPL', 'GOOG', 'NVDA', 'META', 'AMZN', 'AMD', 'ARM']
2026-05-14 17:39:29 - [Thread-1 (process_request_thread)] GraphQL Trigger: Env 4 requesting PKs: [15]
2026-05-14 17:39:29 - [GraphQL-Trigger] SYNC ENGINE STARTING
2026-05-14 17:39:29 - [Thread-1 (process_request_thread)] 127.0.0.1 - - [14/May/2026 17:39:29] "POST /graphql HTTP/1.1" 200 -
2026-05-14 17:39:30 - [GraphQL-Trigger] Successfully mapped PKs [15] to ['AAPL']
2026-05-14 17:40:48 - [MainThread] GraphQL Trigger: Env 4 requesting PKs: [2, 12, 14, 15, 16, 20, 21, 22, 23, 25]
2026-05-14 17:40:48 - [GraphQL-Trigger] SYNC ENGINE STARTING
2026-05-14 17:40:48 - [MainThread] [31m[1mWARNING: This is a development server. Do not use it in a production deployment. Use a production WSGI server instead.[0m
 * Running on all addresses (0.0.0.0)
 * Running on http://127.0.0.1:3987
 * Running on http://192.168.1.4:3987
2026-05-14 17:40:48 - [MainThread] [33mPress CTRL+C to quit[0m
2026-05-14 17:40:49 - [GraphQL-Trigger] Successfully mapped PKs [2, 12, 14, 15, 16, 20, 21, 22, 23, 25] to ['MSFT', 'HPQ', 'TSLA', 'AAPL', 'GOOG', 'NVDA', 'META', 'AMZN', 'AMD', 'ARM']
2026-05-14 17:41:13 - [Thread-1 (process_request_thread)] GraphQL Trigger: Env 4 requesting PKs: [15]
2026-05-14 17:41:13 - [GraphQL-Trigger] SYNC ENGINE STARTING
2026-05-14 17:41:13 - [Thread-1 (process_request_thread)] 127.0.0.1 - - [14/May/2026 17:41:13] "POST /graphql HTTP/1.1" 200 -
2026-05-14 17:41:14 - [GraphQL-Trigger] Successfully mapped PKs [15] to ['AAPL']
2026-05-14 17:41:44 - [Worker-AAPL] DATA | AAPL | 14:41:00 | O:297.75 H:297.88 L:297.8 C:297.86
2026-05-14 17:41:44 - [DB-Writer] DATA INSERTED for AAPL | at 2026-05-14 14:41:00
2026-05-14 17:41:47 - [Worker-TSLA] DATA | TSLA | 14:41:00 | O:443.3 H:443.24 L:443.14 C:443.44
2026-05-14 17:41:47 - [DB-Writer] DATA INSERTED for TSLA | at 2026-05-14 14:41:00
2026-05-14 17:41:48 - [Worker-HPQ] DATA | HPQ | 14:41:00 | O:21.03 H:21.04 L:21.02 C:21.02
2026-05-14 17:41:48 - [Worker-MSFT] DATA | MSFT | 14:41:00 | O:407.85 H:407.93 L:407.85 C:408.05
2026-05-14 17:41:48 - [DB-Writer] DATA INSERTED for HPQ | at 2026-05-14 14:41:00
2026-05-14 17:41:49 - [DB-Writer] DATA INSERTED for MSFT | at 2026-05-14 14:41:00
2026-05-14 17:42:42 - [Worker-AAPL] DATA | AAPL | 14:42:00 | O:297.94 H:298.05 L:297.98 C:298.0
2026-05-14 17:42:42 - [DB-Writer] DATA INSERTED for AAPL | at 2026-05-14 14:42:00
2026-05-14 17:42:46 - [Worker-TSLA] DATA | TSLA | 14:42:00 | O:444.14 H:444.27 L:444.18 C:444.15
2026-05-14 17:42:47 - [DB-Writer] DATA INSERTED for TSLA | at 2026-05-14 14:42:00
2026-05-14 17:42:48 - [Worker-MSFT] DATA | MSFT | 14:42:00 | O:408.12 H:408.14 L:408.02 C:407.93
2026-05-14 17:42:48 - [DB-Writer] DATA INSERTED for MSFT | at 2026-05-14 14:42:00
2026-05-14 17:42:50 - [Worker-HPQ] DATA | HPQ | 14:42:00 | O:21.0 H:21.0 L:21.0 C:21.0
2026-05-14 17:42:51 - [DB-Writer] DATA INSERTED for HPQ | at 2026-05-14 14:42:00
2026-05-14 17:42:52 - [Worker-NVDA] DATA | NVDA | 14:42:00 | O:235.39 H:235.33 L:235.32 C:235.21
2026-05-14 17:42:52 - [DB-Writer] DATA INSERTED for NVDA | at 2026-05-14 14:42:00
2026-05-14 17:42:53 - [Worker-AMD] DATA | AMD | 14:42:00 | O:449.63 H:450.0 L:449.63 C:449.42
2026-05-14 17:42:54 - [DB-Writer] DATA INSERTED for AMD | at 2026-05-14 14:42:00
2026-05-14 17:42:55 - [Worker-AMZN] DATA | AMZN | 14:42:00 | O:267.63 H:267.63 L:267.6 C:267.51
2026-05-14 17:42:55 - [DB-Writer] DATA INSERTED for AMZN | at 2026-05-14 14:42:00
2026-05-14 17:42:55 - [Worker-AAPL] DATA | AAPL | 14:42:00 | O:297.95 H:297.98 L:297.98 C:298.0
2026-05-14 17:42:55 - [DB-Writer] DATA INSERTED for AAPL | at 2026-05-14 14:42:00
2026-05-14 17:42:56 - [Worker-GOOG] DATA | GOOG | 14:42:00 | O:394.05 H:393.97 L:393.78 C:393.68
2026-05-14 17:42:56 - [DB-Writer] DATA INSERTED for GOOG | at 2026-05-14 14:42:00
2026-05-14 17:42:56 - [Worker-ARM] DATA | ARM | 14:42:00 | O:219.74 H:219.76 L:219.75 C:219.5
2026-05-14 17:42:56 - [DB-Writer] DATA INSERTED for ARM | at 2026-05-14 14:42:00
2026-05-14 17:42:58 - [Worker-META] DATA | META | 14:42:00 | O:619.08 H:619.31 L:619.2 C:619.31
2026-05-14 17:42:58 - [DB-Writer] DATA INSERTED for META | at 2026-05-14 14:42:00
2026-05-14 17:43:28 - [Worker-AMZN] DATA | AMZN | 14:43:00 | O:267.58 H:267.58 L:267.58 C:267.65
2026-05-14 17:43:28 - [DB-Writer] DATA INSERTED for AMZN | at 2026-05-14 14:43:00
2026-05-14 17:43:36 - [Worker-MSFT] DATA | MSFT | 14:43:00 | O:408.03 H:408.34 L:408.25 C:408.4
2026-05-14 17:43:36 - [Worker-AAPL] DATA | AAPL | 14:43:00 | O:298.12 H:298.07 L:298.06 C:298.09
2026-05-14 17:43:36 - [DB-Writer] DATA INSERTED for MSFT | at 2026-05-14 14:43:00
2026-05-14 17:43:37 - [DB-Writer] DATA INSERTED for AAPL | at 2026-05-14 14:43:00
2026-05-14 17:43:43 - [Worker-TSLA] DATA | TSLA | 14:43:00 | O:444.39 H:444.72 L:444.58 C:444.73
2026-05-14 17:43:43 - [Worker-GOOG] DATA | GOOG | 14:43:00 | O:393.71 H:393.83 L:393.74 C:393.75
2026-05-14 17:43:43 - [DB-Writer] DATA INSERTED for TSLA | at 2026-05-14 14:43:00
2026-05-14 17:43:44 - [DB-Writer] DATA INSERTED for GOOG | at 2026-05-14 14:43:00
2026-05-14 17:43:52 - [Worker-AAPL] DATA | AAPL | 14:43:00 | O:298.09 H:298.07 L:298.04 C:298.18
2026-05-14 17:43:52 - [Worker-META] DATA | META | 14:43:00 | O:619.22 H:620.03 L:619.87 C:620.16
2026-05-14 17:43:52 - [Worker-HPQ] DATA | HPQ | 14:43:00 | O:21.01 H:21.01 L:21.01 C:21.02
2026-05-14 17:43:52 - [DB-Writer] DATA INSERTED for AAPL | at 2026-05-14 14:43:00
2026-05-14 17:43:52 - [DB-Writer] DATA INSERTED for META | at 2026-05-14 14:43:00
2026-05-14 17:43:53 - [DB-Writer] DATA INSERTED for HPQ | at 2026-05-14 14:43:00
2026-05-14 17:43:56 - [Worker-AMD] DATA | AMD | 14:43:00 | O:448.9 H:449.05 L:449.04 C:448.5
2026-05-14 17:43:56 - [Worker-NVDA] DATA | NVDA | 14:43:00 | O:234.86 H:234.98 L:234.92 C:235.2
2026-05-14 17:43:56 - [DB-Writer] DATA INSERTED for AMD | at 2026-05-14 14:43:00
2026-05-14 17:43:56 - [DB-Writer] DATA INSERTED for NVDA | at 2026-05-14 14:43:00
2026-05-14 17:43:58 - [Worker-ARM] DATA | ARM | 14:43:00 | O:219.52 H:219.59 L:219.37 C:219.41
2026-05-14 17:43:59 - [DB-Writer] DATA INSERTED for ARM | at 2026-05-14 14:43:00
2026-05-14 17:44:30 - [Worker-AMD] DATA | AMD | 14:44:00 | O:448.78 H:448.63 L:448.6 C:448.29
2026-05-14 17:44:31 - [DB-Writer] DATA INSERTED for AMD | at 2026-05-14 14:44:00
2026-05-14 17:44:37 - [Worker-ARM] DATA | ARM | 14:44:00 | O:219.53 H:219.59 L:219.54 C:219.66
2026-05-14 17:44:38 - [DB-Writer] DATA INSERTED for ARM | at 2026-05-14 14:44:00
2026-05-14 17:44:42 - [Worker-AAPL] DATA | AAPL | 14:44:00 | O:298.3 H:298.39 L:298.35 C:298.41
2026-05-14 17:44:42 - [DB-Writer] DATA INSERTED for AAPL | at 2026-05-14 14:44:00
2026-05-14 17:44:42 - [Worker-AAPL] DATA | AAPL | 14:44:00 | O:298.29 H:298.36 L:298.35 C:298.41
2026-05-14 17:44:42 - [DB-Writer] DATA INSERTED for AAPL | at 2026-05-14 14:44:00
2026-05-14 17:44:45 - [Worker-GOOG] DATA | GOOG | 14:44:00 | O:393.8 H:393.75 L:393.72 C:393.75
2026-05-14 17:44:45 - [DB-Writer] DATA INSERTED for GOOG | at 2026-05-14 14:44:00
2026-05-14 17:44:49 - [Worker-HPQ] DATA | HPQ | 14:44:00 | O:21.01 H:21.0 L:20.99 C:21.0
2026-05-14 17:44:49 - [DB-Writer] DATA INSERTED for HPQ | at 2026-05-14 14:44:00
2026-05-14 17:44:49 - [Worker-TSLA] DATA | TSLA | 14:44:00 | O:445.33 H:445.2 L:445.14 C:445.24
2026-05-14 17:44:50 - [DB-Writer] DATA INSERTED for TSLA | at 2026-05-14 14:44:00
2026-05-14 17:44:52 - [Worker-META] DATA | META | 14:44:00 | O:620.39 H:620.34 L:620.27 C:620.43
2026-05-14 17:44:52 - [Worker-NVDA] DATA | NVDA | 14:44:00 | O:235.31 H:235.42 L:235.29 C:235.53
2026-05-14 17:44:52 - [DB-Writer] DATA INSERTED for META | at 2026-05-14 14:44:00
2026-05-14 17:44:52 - [DB-Writer] DATA INSERTED for NVDA | at 2026-05-14 14:44:00
2026-05-14 17:44:56 - [Worker-AMZN] DATA | AMZN | 14:44:00 | O:267.61 H:267.57 L:267.57 C:267.41
2026-05-14 17:44:56 - [DB-Writer] DATA INSERTED for AMZN | at 2026-05-14 14:44:00
2026-05-14 17:44:56 - [Worker-MSFT] DATA | MSFT | 14:44:00 | O:408.44 H:408.33 L:408.3 C:408.12
2026-05-14 17:44:56 - [DB-Writer] DATA INSERTED for MSFT | at 2026-05-14 14:44:00
2026-05-14 17:45:30 - [Worker-AAPL] DATA | AAPL | 14:45:00 | O:298.49 H:298.53 L:298.49 C:298.53
2026-05-14 17:45:30 - [DB-Writer] DATA INSERTED for AAPL | at 2026-05-14 14:45:00
2026-05-14 17:45:36 - [Worker-HPQ] DATA | HPQ | 14:45:00 | O:21.01 H:21.01 L:21.01 C:21.01
2026-05-14 17:45:36 - [DB-Writer] DATA INSERTED for HPQ | at 2026-05-14 14:45:00
2026-05-14 17:45:36 - [Worker-AMD] DATA | AMD | 14:45:00 | O:449.01 H:448.73 L:448.73 C:448.68
2026-05-14 17:45:36 - [DB-Writer] DATA INSERTED for AMD | at 2026-05-14 14:45:00
2026-05-14 17:45:44 - [Worker-AMZN] DATA | AMZN | 14:45:00 | O:267.39 H:267.44 L:267.4 C:267.34
2026-05-14 17:45:45 - [DB-Writer] DATA INSERTED for AMZN | at 2026-05-14 14:45:00
2026-05-14 17:45:47 - [Worker-AAPL] DATA | AAPL | 14:45:00 | O:298.45 H:298.55 L:298.53 C:298.55
2026-05-14 17:45:47 - [DB-Writer] DATA INSERTED for AAPL | at 2026-05-14 14:45:00
2026-05-14 17:45:49 - [Worker-NVDA] DATA | NVDA | 14:45:00 | O:235.87 H:235.78 L:235.73 C:235.78
2026-05-14 17:45:50 - [DB-Writer] DATA INSERTED for NVDA | at 2026-05-14 14:45:00
2026-05-14 17:45:51 - [Worker-TSLA] DATA | TSLA | 14:45:00 | O:445.59 H:445.48 L:445.37 C:445.58
2026-05-14 17:45:52 - [DB-Writer] DATA INSERTED for TSLA | at 2026-05-14 14:45:00
2026-05-14 17:45:52 - [Worker-META] DATA | META | 14:45:00 | O:620.4 H:620.41 L:620.4 C:620.75
2026-05-14 17:45:52 - [DB-Writer] DATA INSERTED for META | at 2026-05-14 14:45:00
2026-05-14 17:45:54 - [Thread-2 (process_request_thread)] GraphQL Trigger: Env 4 requesting PKs: [15]
2026-05-14 17:45:54 - [GraphQL-Trigger] SYNC ENGINE STARTING
2026-05-14 17:45:54 - [Thread-2 (process_request_thread)] 127.0.0.1 - - [14/May/2026 17:45:54] "POST /graphql HTTP/1.1" 200 -
2026-05-14 17:45:54 - [Worker-MSFT] DATA | MSFT | 14:45:00 | O:408.14 H:408.07 L:408.02 C:408.58
2026-05-14 17:45:55 - [DB-Writer] DATA INSERTED for MSFT | at 2026-05-14 14:45:00
2026-05-14 17:45:55 - [GraphQL-Trigger] Successfully mapped PKs [15] to ['AAPL']
2026-05-14 17:45:56 - [Worker-GOOG] DATA | GOOG | 14:45:00 | O:393.85 H:393.96 L:393.9 C:393.92
2026-05-14 17:45:57 - [DB-Writer] DATA INSERTED for GOOG | at 2026-05-14 14:45:00
2026-05-14 17:45:57 - [Worker-ARM] DATA | ARM | 14:45:00 | O:219.33 H:219.33 L:219.27 C:219.27
2026-05-14 17:45:57 - [DB-Writer] DATA INSERTED for ARM | at 2026-05-14 14:45:00
2026-05-14 17:46:34 - [Worker-TSLA] DATA | TSLA | 14:46:00 | O:445.53 H:445.5 L:445.08 C:445.12
2026-05-14 17:46:34 - [DB-Writer] DATA INSERTED for TSLA | at 2026-05-14 14:46:00
2026-05-14 17:46:44 - [Worker-AMD] DATA | AMD | 14:46:00 | O:448.68 H:448.3 L:448.29 C:449.67
2026-05-14 17:46:44 - [DB-Writer] DATA INSERTED for AMD | at 2026-05-14 14:46:00
2026-05-14 17:46:46 - [Worker-GOOG] DATA | GOOG | 14:46:00 | O:393.77 H:393.98 L:393.77 C:393.98
2026-05-14 17:46:47 - [DB-Writer] DATA INSERTED for GOOG | at 2026-05-14 14:46:00
2026-05-14 17:46:47 - [Worker-ARM] DATA | ARM | 14:46:00 | O:219.6 H:219.61 L:219.44 C:219.61
2026-05-14 17:46:47 - [Worker-MSFT] DATA | MSFT | 14:46:00 | O:408.63 H:408.71 L:408.71 C:408.72
2026-05-14 17:46:47 - [Worker-AAPL] DATA | AAPL | 14:46:00 | O:298.59 H:298.65 L:298.64 C:298.55
2026-05-14 17:46:47 - [DB-Writer] DATA INSERTED for ARM | at 2026-05-14 14:46:00
2026-05-14 17:46:48 - [DB-Writer] DATA INSERTED for MSFT | at 2026-05-14 14:46:00
2026-05-14 17:46:48 - [DB-Writer] DATA INSERTED for AAPL | at 2026-05-14 14:46:00
2026-05-14 17:46:52 - [Worker-AMZN] DATA | AMZN | 14:46:00 | O:267.54 H:267.56 L:267.54 C:267.5
2026-05-14 17:46:52 - [DB-Writer] DATA INSERTED for AMZN | at 2026-05-14 14:46:00
2026-05-14 17:46:57 - [Worker-HPQ] DATA | HPQ | 14:46:00 | O:21.01 H:21.01 L:21.01 C:21.01
2026-05-14 17:46:57 - [Worker-NVDA] DATA | NVDA | 14:46:00 | O:235.42 H:235.73 L:235.68 C:235.7
2026-05-14 17:46:58 - [Worker-META] DATA | META | 14:46:00 | O:620.95 H:621.21 L:620.9 C:620.91
2026-05-14 17:46:58 - [DB-Writer] DATA INSERTED for HPQ | at 2026-05-14 14:46:00
2026-05-14 17:46:58 - [Worker-AAPL] DATA | AAPL | 14:46:00 | O:298.6 H:298.63 L:298.54 C:298.54
2026-05-14 17:46:58 - [Worker-AAPL] DATA | AAPL | 14:46:00 | O:298.6 H:298.63 L:298.61 C:298.56
2026-05-14 17:46:58 - [DB-Writer] DATA INSERTED for NVDA | at 2026-05-14 14:46:00
2026-05-14 17:46:59 - [DB-Writer] DATA INSERTED for META | at 2026-05-14 14:46:00
2026-05-14 17:46:59 - [DB-Writer] DATA INSERTED for AAPL | at 2026-05-14 14:46:00
2026-05-14 17:46:59 - [DB-Writer] DATA INSERTED for AAPL | at 2026-05-14 14:46:00
2026-05-14 17:47:36 - [Worker-NVDA] DATA | NVDA | 14:47:00 | O:235.74 H:235.95 L:235.83 C:235.9
2026-05-14 17:47:36 - [DB-Writer] DATA INSERTED for NVDA | at 2026-05-14 14:47:00
2026-05-14 17:47:37 - [Worker-HPQ] DATA | HPQ | 14:47:00 | O:21.01 H:21.01 L:21.01 C:21.0
2026-05-14 17:47:37 - [DB-Writer] DATA INSERTED for HPQ | at 2026-05-14 14:47:00
2026-05-14 17:47:38 - [Worker-MSFT] DATA | MSFT | 14:47:00 | O:408.52 H:408.52 L:408.41 C:408.43
2026-05-14 17:47:39 - [DB-Writer] DATA INSERTED for MSFT | at 2026-05-14 14:47:00
2026-05-14 17:47:39 - [Worker-AMZN] DATA | AMZN | 14:47:00 | O:267.37 H:267.48 L:267.42 C:267.5
2026-05-14 18:37:36 - [MainThread] [31m[1mWARNING: This is a development server. Do not use it in a production deployment. Use a production WSGI server instead.[0m
 * Running on all addresses (0.0.0.0)
 * Running on http://127.0.0.1:3987
 * Running on http://192.168.1.4:3987
2026-05-14 18:37:36 - [MainThread] [33mPress CTRL+C to quit[0m
2026-05-14 18:37:46 - [Thread-1 (process_request_thread)] GraphQL Trigger: Env 4 requesting PKs: [15]
2026-05-14 18:37:46 - [GraphQL-Trigger] SYNC ENGINE STARTING
2026-05-14 18:37:46 - [Thread-1 (process_request_thread)] 127.0.0.1 - - [14/May/2026 18:37:46] "POST /graphql HTTP/1.1" 200 -
2026-05-14 18:37:47 - [GraphQL-Trigger] Successfully mapped PKs [15] to ['AAPL']
2026-05-14 18:38:09 - [MainThread] [31m[1mWARNING: This is a development server. Do not use it in a production deployment. Use a production WSGI server instead.[0m
 * Running on all addresses (0.0.0.0)
 * Running on http://127.0.0.1:3987
 * Running on http://192.168.1.4:3987
2026-05-14 18:38:09 - [MainThread] [33mPress CTRL+C to quit[0m
2026-05-14 18:38:22 - [Thread-1 (process_request_thread)] GraphQL Trigger: Env 4 requesting PKs: [2, 12, 14, 15, 16, 20, 21, 22, 23, 25]
2026-05-14 18:38:22 - [GraphQL-Trigger] SYNC ENGINE STARTING
2026-05-14 18:38:22 - [Thread-1 (process_request_thread)] 127.0.0.1 - - [14/May/2026 18:38:22] "POST /graphql HTTP/1.1" 200 -
2026-05-14 18:38:23 - [GraphQL-Trigger] Successfully mapped PKs [2, 12, 14, 15, 16, 20, 21, 22, 23, 25] to ['MSFT', 'HPQ', 'TSLA', 'AAPL', 'GOOG', 'NVDA', 'META', 'AMZN', 'AMD', 'ARM']
2026-05-14 18:39:25 - [MainThread] [31m[1mWARNING: This is a development server. Do not use it in a production deployment. Use a production WSGI server instead.[0m
 * Running on all addresses (0.0.0.0)
 * Running on http://127.0.0.1:3987
 * Running on http://192.168.1.4:3987
2026-05-14 18:39:25 - [MainThread] [33mPress CTRL+C to quit[0m
2026-05-14 18:40:13 - [Thread-1 (process_request_thread)] GraphQL Trigger: Env 4 requesting PKs: [2, 12, 14, 15, 16, 20, 21, 22, 23, 25]
2026-05-14 18:40:13 - [GraphQL-Trigger] SYNC ENGINE STARTING
2026-05-14 18:40:13 - [Thread-1 (process_request_thread)] 127.0.0.1 - - [14/May/2026 18:40:13] "POST /graphql HTTP/1.1" 200 -
2026-05-14 18:40:14 - [GraphQL-Trigger] Successfully mapped PKs [2, 12, 14, 15, 16, 20, 21, 22, 23, 25] to ['MSFT', 'HPQ', 'TSLA', 'AAPL', 'GOOG', 'NVDA', 'META', 'AMZN', 'AMD', 'ARM']
2026-05-14 18:41:35 - [Worker-AAPL] DATA | AAPL | 15:41:00 | O:299.16 H:299.33 L:299.29 C:299.3
2026-05-14 18:41:36 - [DB-Writer] DATA INSERTED for AAPL | at 2026-05-14 15:41:00
2026-05-14 18:41:38 - [Worker-TSLA] DATA | TSLA | 15:41:00 | O:449.77 H:449.83 L:449.73 C:449.83
2026-05-14 18:41:39 - [DB-Writer] DATA INSERTED for TSLA | at 2026-05-14 15:41:00
2026-05-14 18:41:43 - [Worker-MSFT] DATA | MSFT | 15:41:00 | O:409.42 H:409.38 L:409.32 C:409.26
2026-05-14 18:41:43 - [DB-Writer] DATA INSERTED for MSFT | at 2026-05-14 15:41:00
2026-05-14 18:41:47 - [Worker-HPQ] DATA | HPQ | 15:41:00 | O:21.11 H:21.11 L:21.11 C:21.11
2026-05-14 18:41:47 - [DB-Writer] DATA INSERTED for HPQ | at 2026-05-14 15:41:00
2026-05-14 18:41:50 - [Worker-AMD] DATA | AMD | 15:41:00 | O:450.84 H:451.09 L:450.97 C:450.78
2026-05-14 18:41:50 - [DB-Writer] DATA INSERTED for AMD | at 2026-05-14 15:41:00
2026-05-14 18:41:50 - [Worker-AMZN] DATA | AMZN | 15:41:00 | O:267.51 H:267.52 L:267.52 C:267.52
2026-05-14 18:41:50 - [DB-Writer] DATA INSERTED for AMZN | at 2026-05-14 15:41:00
2026-05-14 18:41:56 - [Worker-GOOG] DATA | GOOG | 15:41:00 | O:395.81 H:395.93 L:395.83 C:395.93
2026-05-14 18:41:57 - [DB-Writer] DATA INSERTED for GOOG | at 2026-05-14 15:41:00
2026-05-14 18:41:57 - [Worker-ARM] DATA | ARM | 15:41:00 | O:219.68 H:219.94 L:219.82 C:219.82
2026-05-14 18:41:57 - [Worker-NVDA] DATA | NVDA | 15:41:00 | O:235.9 H:236.28 L:236.26 C:236.28
2026-05-14 18:41:57 - [Worker-META] DATA | META | 15:41:00 | O:621.56 H:621.88 L:621.78 C:621.68
2026-05-14 18:41:57 - [DB-Writer] DATA INSERTED for ARM | at 2026-05-14 15:41:00
2026-05-14 18:41:58 - [DB-Writer] DATA INSERTED for NVDA | at 2026-05-14 15:41:00
2026-05-14 18:41:58 - [DB-Writer] DATA INSERTED for META | at 2026-05-14 15:41:00
2026-05-14 18:43:29 - [MainThread] [31m[1mWARNING: This is a development server. Do not use it in a production deployment. Use a production WSGI server instead.[0m
 * Running on all addresses (0.0.0.0)
 * Running on http://127.0.0.1:3987
 * Running on http://192.168.1.4:3987
2026-05-14 18:43:29 - [MainThread] [33mPress CTRL+C to quit[0m
2026-05-14 18:43:36 - [Thread-1 (process_request_thread)] GraphQL Trigger: Env 4 requesting PKs: [2, 12, 14, 15, 16, 20, 21, 22, 23, 25]
2026-05-14 18:43:36 - [GraphQL-Trigger] SYNC ENGINE STARTING
2026-05-14 18:43:36 - [Thread-1 (process_request_thread)] 127.0.0.1 - - [14/May/2026 18:43:36] "POST /graphql HTTP/1.1" 200 -
2026-05-14 18:43:37 - [GraphQL-Trigger] Successfully mapped PKs [2, 12, 14, 15, 16, 20, 21, 22, 23, 25] to ['MSFT', 'HPQ', 'TSLA', 'AAPL', 'GOOG', 'NVDA', 'META', 'AMZN', 'AMD', 'ARM']
2026-05-14 18:58:29 - [MainThread] [31m[1mWARNING: This is a development server. Do not use it in a production deployment. Use a production WSGI server instead.[0m
 * Running on all addresses (0.0.0.0)
 * Running on http://127.0.0.1:3987
 * Running on http://192.168.1.4:3987
2026-05-14 18:58:29 - [MainThread] [33mPress CTRL+C to quit[0m
2026-05-14 18:58:34 - [Thread-1 (process_request_thread)] GraphQL Trigger: Env 4 requesting PKs: [2, 12, 14]
2026-05-14 18:58:34 - [GraphQL-Trigger] SYNC ENGINE STARTING
2026-05-14 18:58:34 - [Thread-1 (process_request_thread)] 127.0.0.1 - - [14/May/2026 18:58:34] "POST /graphql HTTP/1.1" 200 -
2026-05-14 18:58:36 - [GraphQL-Trigger] Successfully mapped PKs [2, 12, 14] to ['MSFT', 'HPQ', 'TSLA']
2026-05-14 19:02:26 - [MainThread] [31m[1mWARNING: This is a development server. Do not use it in a production deployment. Use a production WSGI server instead.[0m
 * Running on all addresses (0.0.0.0)
 * Running on http://127.0.0.1:3987
 * Running on http://192.168.1.4:3987
2026-05-14 19:02:26 - [MainThread] [33mPress CTRL+C to quit[0m
2026-05-14 19:02:28 - [Thread-1 (process_request_thread)] GraphQL Trigger: Env 4 requesting PKs: [2, 12, 14]
2026-05-14 19:02:28 - [GraphQL-Trigger] SYNC ENGINE STARTING
2026-05-14 19:02:28 - [Thread-1 (process_request_thread)] 127.0.0.1 - - [14/May/2026 19:02:28] "POST /graphql HTTP/1.1" 200 -
2026-05-14 19:02:29 - [GraphQL-Trigger] Successfully mapped PKs [2, 12, 14] to ['MSFT', 'HPQ', 'TSLA']
2026-05-14 19:06:38 - [MainThread] [31m[1mWARNING: This is a development server. Do not use it in a production deployment. Use a production WSGI server instead.[0m
 * Running on all addresses (0.0.0.0)
 * Running on http://127.0.0.1:3987
 * Running on http://192.168.1.4:3987
2026-05-14 19:06:38 - [MainThread] [33mPress CTRL+C to quit[0m
2026-05-14 19:06:41 - [Thread-1 (process_request_thread)] GraphQL Trigger: Env 4 requesting PKs: [2, 12, 14]
2026-05-14 19:06:41 - [GraphQL-Trigger] SYNC ENGINE STARTING
2026-05-14 19:06:41 - [Thread-1 (process_request_thread)] 127.0.0.1 - - [14/May/2026 19:06:41] "POST /graphql HTTP/1.1" 200 -
2026-05-14 19:06:42 - [GraphQL-Trigger] Successfully mapped PKs [2, 12, 14] to ['MSFT', 'HPQ', 'TSLA']
2026-05-14 19:09:53 - [Worker-MSFT] DATA | MSFT | 16:09:00 | O:409.11 H:409.08 L:408.92 C:408.96
2026-05-14 19:09:53 - [DB-Writer] DATA INSERTED for MSFT | at 2026-05-14 16:09:00
2026-05-14 19:10:51 - [Worker-MSFT] DATA | MSFT | 16:10:00 | O:409.03 H:408.72 L:408.68 C:408.77
2026-05-14 19:10:51 - [Worker-MSFT] [MSFT] Market window closed. Returning to standby.
2026-05-14 19:10:51 - [Worker-MSFT] All records processed and queue is empty.
